2016-06-24 22:00:00,572 : INFO : Machine : Mission Pinball Framework Core Engine v0.30.0.dev1813
2016-06-24 22:00:00,572 : DEBUG : Machine : Command line arguments: {'loglevel': 10, 'pause': False, 'force_platform': 'virtual', 'configfile': ['config'], 'no_load_cache': False, 'bcp': True, 'mpfconfigfile': '/Applications/MPF.app/Contents/Frameworks/python/3.5.0/lib/python3.5/site-packages/mpf/mpfconfig.yaml', 'consoleloglevel': True, 'logfile': 'logs/2016-06-24-22-00-00-mpf-brian-coxs-computer.local.log', 'create_config_cache': True}
2016-06-24 22:00:00,573 : DEBUG : Machine : MPF path: /Applications/MPF.app/Contents/Frameworks/python/3.5.0/lib/python3.5/site-packages/mpf
2016-06-24 22:00:00,573 : INFO : Machine : Machine path: /Users/briancox/Dropbox (TML Team)/SPRE
2016-06-24 22:00:00,573 : DEBUG : Machine : Command line arguments: {'loglevel': 10, 'pause': False, 'force_platform': 'virtual', 'configfile': ['config'], 'no_load_cache': False, 'bcp': True, 'mpfconfigfile': '/Applications/MPF.app/Contents/Frameworks/python/3.5.0/lib/python3.5/site-packages/mpf/mpfconfig.yaml', 'consoleloglevel': True, 'logfile': 'logs/2016-06-24-22-00-00-mpf-brian-coxs-computer.local.log', 'create_config_cache': True}
2016-06-24 22:00:00,573 : DEBUG : Machine : Python version: 3.5.0
2016-06-24 22:00:00,573 : DEBUG : Machine : Platform: darwin
2016-06-24 22:00:00,573 : DEBUG : Machine : Python executable location: /Applications/MPF.app/Contents/Resources/python
2016-06-24 22:00:00,573 : DEBUG : Machine : 32-bit Python? False
2016-06-24 22:00:00,573 : DEBUG : Machine : Machine path: /Users/briancox/Dropbox (TML Team)/SPRE
2016-06-24 22:00:00,768 : INFO : Machine : Loading config from original files
2016-06-24 22:00:00,769 : DEBUG : YAML File Interface : Loading file: /Applications/MPF.app/Contents/Frameworks/python/3.5.0/lib/python3.5/site-packages/mpf/mpfconfig.yaml
2016-06-24 22:00:00,815 : INFO : Machine : Machine config file #1: /Users/briancox/Dropbox (TML Team)/SPRE/config/config
2016-06-24 22:00:00,815 : DEBUG : YAML File Interface : Loading file: /Users/briancox/Dropbox (TML Team)/SPRE/config/config.yaml
2016-06-24 22:00:00,867 : DEBUG : YAML File Interface : Loading file: /Users/briancox/Dropbox (TML Team)/SPRE/config/modes.yaml
2016-06-24 22:00:00,869 : INFO : Machine : Config file cache created: /var/folders/nb/9g942vk576j38jt7sff28hww0000gn/T/60787216f9d410b3b5da65dabd53e2d2config
2016-06-24 22:00:00,869 : DEBUG : Clock : Starting clock (maximum frames per second=30.0)
2016-06-24 22:00:00,869 : INFO : Machine : Starting clock at 30.0Hz
2016-06-24 22:00:00,870 : DEBUG : Clock : Scheduled a recurring clock callback (callback=<bound method MachineController._check_crash_queue of <mpf.core.machine.MachineController object at 0x106db0b38>>, timeout=1, priority=1)
2016-06-24 22:00:00,874 : DEBUG : Virtual Platform : Configuring virtual hardware interface.
2016-06-24 22:00:00,874 : DEBUG : Machine : Setting default platform to 'virtual'
2016-06-24 22:00:00,875 : DEBUG : Machine : Loading core modules...
2016-06-24 22:00:00,875 : DEBUG : Machine : Loading 'mpf.core.events.EventManager' core module
2016-06-24 22:00:00,875 : DEBUG : Machine : Loading 'mpf.core.mode_controller.ModeController' core module
2016-06-24 22:00:00,876 : DEBUG : Events : Registered ModeController._load_modes as a handler for 'init_phase_2', priority: 1, kwargs: {}
2016-06-24 22:00:00,876 : DEBUG : Events : Registered ModeController._ball_ending as a handler for 'ball_ending', priority: 0, kwargs: {}
2016-06-24 22:00:00,876 : DEBUG : Events : Registered ModeController._ball_starting as a handler for 'ball_starting', priority: 0, kwargs: {}
2016-06-24 22:00:00,876 : DEBUG : Events : Registered ModeController._player_added as a handler for 'player_add_success', priority: 0, kwargs: {}
2016-06-24 22:00:00,877 : DEBUG : Events : Registered ModeController._player_turn_start as a handler for 'player_turn_start', priority: 1000000, kwargs: {}
2016-06-24 22:00:00,877 : DEBUG : Events : Registered ModeController._player_turn_stop as a handler for 'player_turn_stop', priority: 1000000, kwargs: {}
2016-06-24 22:00:00,877 : DEBUG : Machine : Loading 'mpf.core.config_processor.ConfigProcessor' core module
2016-06-24 22:00:00,877 : DEBUG : Machine : Loading 'mpf.core.shot_profile_manager.ShotProfileManager' core module
2016-06-24 22:00:00,877 : DEBUG : ShotProfileManager : Registering Shot Profile: 'default'
2016-06-24 22:00:00,878 : DEBUG : ShotProfileManager : Processed 'default' profile configuration: {'states': [{'sync_ms': 0, 'speed': 1.0, 'show_tokens': {}, 'start_step': 1, 'loops': -1, 'reset': True, 'priority': 0, 'name': 'unlit', 'show': 'off', 'action': 'play', 'key': None, 'manual_advance': False}, {'sync_ms': 0, 'speed': 1.0, 'show_tokens': {}, 'start_step': 1, 'loops': -1, 'reset': True, 'priority': 0, 'name': 'lit', 'show': 'on', 'action': 'play', 'key': None, 'manual_advance': False}], 'advance_on_hit': True, 'block': True, 'state_names_to_not_rotate': [], 'rotation_pattern': deque(['right']), 'show_when_disabled': False, 'player_variable': '%_default', 'state_names_to_rotate': [], 'loop': False, 'show': None}
2016-06-24 22:00:00,878 : DEBUG : Mode Controller : Registering <bound method ShotProfileManager.mode_start_for_shots of <mpf.core.shot_profile_manager.ShotProfileManager object at 0x106e120b8>> as a mode start method. Config section: shots, priority: 0, kwargs: {}
2016-06-24 22:00:00,878 : DEBUG : Mode Controller : Registering <bound method ShotProfileManager.mode_start_for_shot_groups of <mpf.core.shot_profile_manager.ShotProfileManager object at 0x106e120b8>> as a mode start method. Config section: shot_groups, priority: 0, kwargs: {}
2016-06-24 22:00:00,878 : DEBUG : Events : Registered ShotProfileManager._player_turn_start as a handler for 'player_turn_start', priority: 1000000, kwargs: {}
2016-06-24 22:00:00,878 : DEBUG : Events : Registered ShotProfileManager._player_turn_stop as a handler for 'player_turn_stop', priority: 0, kwargs: {}
2016-06-24 22:00:00,878 : DEBUG : Machine : Loading 'mpf.core.device_manager.DeviceManager' core module
2016-06-24 22:00:00,878 : DEBUG : Events : Registered DeviceManager._load_device_modules as a handler for 'init_phase_1', priority: 1, kwargs: {}
2016-06-24 22:00:00,878 : DEBUG : Events : Registered DeviceManager.create_machinewide_device_control_events as a handler for 'init_phase_2', priority: 1, kwargs: {}
2016-06-24 22:00:00,879 : DEBUG : Events : Registered DeviceManager.create_collection_control_events as a handler for 'init_phase_2', priority: 1, kwargs: {}
2016-06-24 22:00:00,879 : DEBUG : Machine : Loading 'mpf.core.switch_controller.SwitchController' core module
2016-06-24 22:00:00,879 : DEBUG : Clock : Scheduled a recurring clock callback (callback=<bound method SwitchController._tick of <mpf.core.switch_controller.SwitchController object at 0x106def390>>, timeout=0, priority=1000)
2016-06-24 22:00:00,879 : DEBUG : Events : Registered SwitchController._initialize_switches as a handler for 'init_phase_2', priority: 1000, kwargs: {}
2016-06-24 22:00:00,879 : DEBUG : Events : Registered SwitchController.log_active_switches as a handler for 'machine_reset_phase_3', priority: 1, kwargs: {}
2016-06-24 22:00:00,879 : DEBUG : Machine : Loading 'mpf.core.ball_controller.BallController' core module
2016-06-24 22:00:00,880 : DEBUG : BallController : Loading the BallController
2016-06-24 22:00:00,880 : DEBUG : Events : Registered BallController.request_to_start_game as a handler for 'request_to_start_game', priority: 1, kwargs: {}
2016-06-24 22:00:00,880 : DEBUG : Events : Registered BallController._initialize as a handler for 'machine_reset_phase_2', priority: 1, kwargs: {}
2016-06-24 22:00:00,880 : DEBUG : Events : Registered BallController._init2 as a handler for 'init_phase_2', priority: 1, kwargs: {}
2016-06-24 22:00:00,880 : DEBUG : Machine : Loading 'mpf.core.assets.AssetManager' core module
2016-06-24 22:00:00,881 : DEBUG : AssetManager : Initializing...
2016-06-24 22:00:00,881 : DEBUG : Mode Controller : Registering <bound method AssetManager._load_mode_assets of <mpf.core.assets.AssetManager object at 0x106defe48>> as a mode start method. Config section: None, priority: 0, kwargs: {}
2016-06-24 22:00:00,881 : DEBUG : Events : Registered AssetManager._create_assets as a handler for 'init_phase_3', priority: 1, kwargs: {}
2016-06-24 22:00:00,882 : DEBUG : Events : Registered AssetManager._bcp_client_asset_load as a handler for 'assets_to_load', priority: 1, kwargs: {}
2016-06-24 22:00:00,882 : DEBUG : Machine : Loading 'mpf.core.show_controller.ShowController' core module
2016-06-24 22:00:00,883 : DEBUG : Clock : Scheduled a recurring clock callback (callback=<bound method ShowController._tick of <mpf.core.show_controller.ShowController object at 0x106e18d68>>, timeout=0, priority=1)
2016-06-24 22:00:00,883 : DEBUG : Events : Registered ShowController._initialize as a handler for 'init_phase_3', priority: 1, kwargs: {}
2016-06-24 22:00:00,883 : DEBUG : Machine : Loading 'mpf.core.bcp.BCP' core module
2016-06-24 22:00:00,883 : DEBUG : Events : Registered BCP.bcp_trigger as a handler for 'ball_started', priority: 1, kwargs: {'name': 'ball_started'}
2016-06-24 22:00:00,883 : DEBUG : Events : Registered BCP.bcp_trigger as a handler for 'ball_ended', priority: 1, kwargs: {'name': 'ball_ended'}
2016-06-24 22:00:00,883 : DEBUG : Events : Registered BCP.bcp_trigger as a handler for 'player_add_success', priority: 1, kwargs: {'name': 'player_add_success'}
2016-06-24 22:00:00,884 : DEBUG : Events : Registered BCP._bcp_event_callback as a handler for 'player_turn_start', priority: 1, kwargs: {'params': {'player_num': '%number'}, 'command': 'player_turn_start'}
2016-06-24 22:00:00,884 : DEBUG : Events : Registered BCP._bcp_event_callback as a handler for 'clear', priority: 1, kwargs: {'params': {'key': '%key', 'name': 'clear'}, 'command': 'trigger'}
2016-06-24 22:00:00,884 : DEBUG : Events : Registered BCP.bcp_trigger as a handler for 'player_score', priority: 1, kwargs: {'name': 'player_score'}
2016-06-24 22:00:00,884 : DEBUG : Events : Registered BCP._setup_dmds as a handler for 'init_phase_1', priority: 1, kwargs: {}
2016-06-24 22:00:00,884 : DEBUG : Events : Registered BCP._setup_bcp_connections as a handler for 'init_done', priority: 1, kwargs: {}
2016-06-24 22:00:00,884 : DEBUG : Clock : Scheduled a recurring clock callback (callback=<bound method BCP.get_bcp_messages of <BCP Module>>, timeout=0, priority=1)
2016-06-24 22:00:00,884 : DEBUG : Events : Registered BCP.bcp_player_added as a handler for 'player_add_success', priority: 1, kwargs: {}
2016-06-24 22:00:00,884 : DEBUG : Events : Registered BCP.bcp_reset as a handler for 'machine_reset_phase_1', priority: 1, kwargs: {}
2016-06-24 22:00:00,884 : DEBUG : Events : Registered BCP.increase_volume as a handler for 'increase_volume', priority: 1, kwargs: {}
2016-06-24 22:00:00,884 : DEBUG : Events : Registered BCP.decrease_volume as a handler for 'decrease_volume', priority: 1, kwargs: {}
2016-06-24 22:00:00,884 : DEBUG : Events : Registered BCP.enable_volume_keys as a handler for 'enable_volume_keys', priority: 1, kwargs: {}
2016-06-24 22:00:00,885 : DEBUG : Events : Registered BCP.disable_volume_keys as a handler for 'disable_volume_keys', priority: 1, kwargs: {}
2016-06-24 22:00:00,885 : DEBUG : Events : Registered BCP.get_led_coordinates as a handler for 'bcp_get_led_coordinates', priority: 1, kwargs: {}
2016-06-24 22:00:00,885 : DEBUG : Mode Controller : Registering <bound method BCP.bcp_mode_start of <BCP Module>> as a mode start method. Config section: mode, priority: 0, kwargs: {}
2016-06-24 22:00:00,885 : DEBUG : Machine : Loading 'mpf.core.logic_blocks.LogicBlocks' core module
2016-06-24 22:00:00,885 : DEBUG : Mode Controller : Registering <bound method LogicBlocks._process_config of <mpf.core.logic_blocks.LogicBlocks object at 0x106df37b8>> as a mode start method. Config section: logic_blocks, priority: 0, kwargs: {}
2016-06-24 22:00:00,885 : DEBUG : Events : Registered LogicBlocks._create_player_logic_blocks as a handler for 'player_add_success', priority: 1, kwargs: {}
2016-06-24 22:00:00,886 : DEBUG : Events : Registered LogicBlocks.player_turn_start as a handler for 'player_turn_start', priority: 1, kwargs: {}
2016-06-24 22:00:00,886 : DEBUG : Events : Registered LogicBlocks.player_turn_stop as a handler for 'player_turn_stop', priority: 1, kwargs: {}
2016-06-24 22:00:00,886 : DEBUG : Machine : Loading 'mpf.core.scoring.ScoreController' core module
2016-06-24 22:00:00,886 : DEBUG : Score : Loading the Score Controller
2016-06-24 22:00:00,886 : DEBUG : Mode Controller : Registering <bound method ScoreController.mode_start of <mpf.core.scoring.ScoreController object at 0x106e08f60>> as a mode start method. Config section: scoring, priority: 0, kwargs: {}
2016-06-24 22:00:00,887 : DEBUG : Events : Registered ConfigPlayer._initialize as a handler for 'init_phase_1', priority: 1, kwargs: {}
2016-06-24 22:00:00,887 : DEBUG : Events : Registered ConfigPlayer._initialize as a handler for 'init_phase_1', priority: 1, kwargs: {}
2016-06-24 22:00:00,887 : DEBUG : Events : Registered ConfigPlayer._initialize as a handler for 'init_phase_1', priority: 1, kwargs: {}
2016-06-24 22:00:00,888 : DEBUG : Events : Registered ConfigPlayer._initialize as a handler for 'init_phase_1', priority: 1, kwargs: {}
2016-06-24 22:00:00,888 : DEBUG : Events : Registered ConfigPlayer._initialize as a handler for 'init_phase_1', priority: 1, kwargs: {}
2016-06-24 22:00:00,888 : DEBUG : Events : Registered ConfigPlayer._initialize as a handler for 'init_phase_1', priority: 1, kwargs: {}
2016-06-24 22:00:00,888 : DEBUG : Events : Registered ConfigPlayer._initialize as a handler for 'init_phase_1', priority: 1, kwargs: {}
2016-06-24 22:00:00,889 : DEBUG : Events : Registered ConfigPlayer._initialize as a handler for 'init_phase_1', priority: 1, kwargs: {}
2016-06-24 22:00:00,889 : DEBUG : Events : Registered ConfigPlayer._initialize as a handler for 'init_phase_1', priority: 1, kwargs: {}
2016-06-24 22:00:00,889 : DEBUG : Machine : Registering Plugin Config Players
2016-06-24 22:00:00,889 : DEBUG : Machine : Registering sound_player = mpfmc.config_players.sound_player:register_with_mpf
2016-06-24 22:00:00,891 : DEBUG : Events : Registered ConfigPlayer._initialize as a handler for 'init_phase_1', priority: 1, kwargs: {}
2016-06-24 22:00:00,891 : DEBUG : Machine : Registering widget_player = mpfmc.config_players.widget_player:register_with_mpf
2016-06-24 22:00:00,892 : DEBUG : Events : Registered ConfigPlayer._initialize as a handler for 'init_phase_1', priority: 1, kwargs: {}
2016-06-24 22:00:00,892 : DEBUG : Machine : Registering slide_player = mpfmc.config_players.slide_player:register_with_mpf
2016-06-24 22:00:00,893 : DEBUG : Events : Registered ConfigPlayer._initialize as a handler for 'init_phase_1', priority: 1, kwargs: {}
2016-06-24 22:00:00,893 : DEBUG : Events : Registered MachineController.power_off as a handler for 'shutdown', priority: 1, kwargs: {}
2016-06-24 22:00:00,894 : DEBUG : Events : Registered MachineController.power_off as a handler for 'sw_shutdown', priority: 1, kwargs: {}
2016-06-24 22:00:00,894 : DEBUG : Events : Registered MachineController.stop as a handler for 'quit', priority: 1, kwargs: {}
2016-06-24 22:00:00,894 : DEBUG : Events : Registered MachineController.stop as a handler for 'sw_quit', priority: 1, kwargs: {}
2016-06-24 22:00:00,894 : DEBUG : DataInterface : Loading machine_vars from /Users/briancox/Dropbox (TML Team)/SPRE/data/machine_vars.yaml
2016-06-24 22:00:00,894 : DEBUG : DataInterface : Didn't find the machine_vars file. No prob. We'll create it when we save.
2016-06-24 22:00:00,894 : DEBUG : Events : ^^^^ Posted event 'init_phase_1'. Type: None, Callback: None, Args: {}
2016-06-24 22:00:00,894 : DEBUG : Events : ============== EVENTS QUEUE =============
2016-06-24 22:00:00,894 : DEBUG : Events : init_phase_1, None, None, {}
2016-06-24 22:00:00,894 : DEBUG : Events : =========================================
2016-06-24 22:00:00,894 : DEBUG : Events : ^^^^ Processing event 'init_phase_1'. Type: None, Callback: None, Args: {}
2016-06-24 22:00:00,894 : DEBUG : Events : DeviceManager._load_device_modules (priority: 1) responding to event 'init_phase_1' with args {}
2016-06-24 22:00:00,895 : DEBUG : DeviceManager : Loading devices...
2016-06-24 22:00:00,899 : DEBUG : Events : Registered BallSearch.request_to_start_game as a handler for 'request_to_start_game', priority: 1, kwargs: {}
2016-06-24 22:00:00,921 : DEBUG : SwitchController : Registering switch handler: s_shooter_lane, <bound method BallDevice._switch_changed of <ball_device.shooter_lane>>, state: 1, ms: 500, info: False, cb_kwargs: {}
2016-06-24 22:00:00,921 : DEBUG : SwitchController : Registering switch handler: s_shooter_lane, <bound method BallDevice._switch_changed of <ball_device.shooter_lane>>, state: 0, ms: 500, info: False, cb_kwargs: {}
2016-06-24 22:00:00,921 : DEBUG : Events : Registered BallDevice._target_ready as a handler for 'balldevice_playfield_ok_to_receive', priority: 1, kwargs: {'target': <playfield.playfield>}
2016-06-24 22:00:00,922 : DEBUG : Events : Registered BallDevice._source_device_eject_failed as a handler for 'balldevice_trough_ball_eject_failed', priority: 1, kwargs: {}
2016-06-24 22:00:00,922 : DEBUG : Events : Registered BallDevice._source_device_eject_attempt as a handler for 'balldevice_trough_ball_eject_attempt', priority: 1, kwargs: {}
2016-06-24 22:00:00,922 : DEBUG : Events : Registered BallDevice._source_device_ball_lost as a handler for 'balldevice_trough_ball_lost', priority: 1, kwargs: {}
2016-06-24 22:00:00,922 : DEBUG : Events : Registered BallDevice._source_device_balls_available as a handler for 'balldevice_balls_available', priority: 1, kwargs: {}
2016-06-24 22:00:00,922 : DEBUG : Events : Registered BallDevice._initialize_phase_4 as a handler for 'init_phase_4', priority: 1, kwargs: {}
2016-06-24 22:00:00,922 : DEBUG : SwitchController : Registering switch handler: s_trough_1, <bound method BallDevice._switch_changed of <ball_device.trough>>, state: 1, ms: 500, info: False, cb_kwargs: {}
2016-06-24 22:00:00,922 : DEBUG : SwitchController : Registering switch handler: s_trough_2, <bound method BallDevice._switch_changed of <ball_device.trough>>, state: 1, ms: 500, info: False, cb_kwargs: {}
2016-06-24 22:00:00,922 : DEBUG : SwitchController : Registering switch handler: s_trough_3, <bound method BallDevice._switch_changed of <ball_device.trough>>, state: 1, ms: 500, info: False, cb_kwargs: {}
2016-06-24 22:00:00,922 : DEBUG : SwitchController : Registering switch handler: s_trough_4, <bound method BallDevice._switch_changed of <ball_device.trough>>, state: 1, ms: 500, info: False, cb_kwargs: {}
2016-06-24 22:00:00,922 : DEBUG : SwitchController : Registering switch handler: s_trough_5, <bound method BallDevice._switch_changed of <ball_device.trough>>, state: 1, ms: 500, info: False, cb_kwargs: {}
2016-06-24 22:00:00,923 : DEBUG : SwitchController : Registering switch handler: s_trough_jam, <bound method BallDevice._switch_changed of <ball_device.trough>>, state: 1, ms: 500, info: False, cb_kwargs: {}
2016-06-24 22:00:00,923 : DEBUG : SwitchController : Registering switch handler: s_trough_1, <bound method BallDevice._switch_changed of <ball_device.trough>>, state: 0, ms: 500, info: False, cb_kwargs: {}
2016-06-24 22:00:00,923 : DEBUG : SwitchController : Registering switch handler: s_trough_2, <bound method BallDevice._switch_changed of <ball_device.trough>>, state: 0, ms: 500, info: False, cb_kwargs: {}
2016-06-24 22:00:00,923 : DEBUG : SwitchController : Registering switch handler: s_trough_3, <bound method BallDevice._switch_changed of <ball_device.trough>>, state: 0, ms: 500, info: False, cb_kwargs: {}
2016-06-24 22:00:00,923 : DEBUG : SwitchController : Registering switch handler: s_trough_4, <bound method BallDevice._switch_changed of <ball_device.trough>>, state: 0, ms: 500, info: False, cb_kwargs: {}
2016-06-24 22:00:00,923 : DEBUG : SwitchController : Registering switch handler: s_trough_5, <bound method BallDevice._switch_changed of <ball_device.trough>>, state: 0, ms: 500, info: False, cb_kwargs: {}
2016-06-24 22:00:00,923 : DEBUG : SwitchController : Registering switch handler: s_trough_jam, <bound method BallDevice._switch_changed of <ball_device.trough>>, state: 0, ms: 500, info: False, cb_kwargs: {}
2016-06-24 22:00:00,923 : DEBUG : Events : Registered BallDevice._target_ready as a handler for 'balldevice_shooter_lane_ok_to_receive', priority: 1, kwargs: {'target': <ball_device.shooter_lane>}
2016-06-24 22:00:00,923 : DEBUG : Events : Registered BallDevice._initialize_phase_4 as a handler for 'init_phase_4', priority: 1, kwargs: {}
2016-06-24 22:00:00,924 : DEBUG : Events : Registered Playfield._source_device_eject_success as a handler for 'balldevice_shooter_lane_ball_eject_success', priority: 1, kwargs: {}
2016-06-24 22:00:00,924 : DEBUG : Events : Registered Playfield._source_device_ball_lost as a handler for 'balldevice_shooter_lane_ball_lost', priority: 1, kwargs: {}
2016-06-24 22:00:00,924 : DEBUG : Events : Registered Playfield._source_device_eject_failed as a handler for 'balldevice_shooter_lane_ball_eject_failed', priority: 1, kwargs: {}
2016-06-24 22:00:00,924 : DEBUG : Events : Registered Playfield._source_device_eject_attempt as a handler for 'balldevice_shooter_lane_ball_eject_attempt', priority: 1, kwargs: {}
2016-06-24 22:00:00,924 : DEBUG : Events : Registered Playfield._ball_removed_handler as a handler for 'balldevice_captured_from_playfield', priority: 1, kwargs: {}
2016-06-24 22:00:00,924 : DEBUG : Events : Registered Playfield._playfield_switch_hit as a handler for 'sw_playfield_active', priority: 1, kwargs: {}
2016-06-24 22:00:00,925 : DEBUG : Events : BCP._setup_dmds (priority: 1) responding to event 'init_phase_1' with args {}
2016-06-24 22:00:00,925 : DEBUG : Events : ConfigPlayer._initialize (priority: 1) responding to event 'init_phase_1' with args {}
2016-06-24 22:00:00,925 : DEBUG : Mode Controller : Registering <bound method ConfigPlayer.mode_start of ConfigPlayer.coils> as a mode start method. Config section: coil_player, priority: 0, kwargs: {}
2016-06-24 22:00:00,925 : DEBUG : Events : ConfigPlayer._initialize (priority: 1) responding to event 'init_phase_1' with args {}
2016-06-24 22:00:00,925 : DEBUG : Mode Controller : Registering <bound method ConfigPlayer.mode_start of ConfigPlayer.flashers> as a mode start method. Config section: flasher_player, priority: 0, kwargs: {}
2016-06-24 22:00:00,925 : DEBUG : Events : ConfigPlayer._initialize (priority: 1) responding to event 'init_phase_1' with args {}
2016-06-24 22:00:00,926 : DEBUG : Mode Controller : Registering <bound method ConfigPlayer.mode_start of ConfigPlayer.lights> as a mode start method. Config section: light_player, priority: 0, kwargs: {}
2016-06-24 22:00:00,926 : DEBUG : Events : ConfigPlayer._initialize (priority: 1) responding to event 'init_phase_1' with args {}
2016-06-24 22:00:00,926 : DEBUG : Mode Controller : Registering <bound method ConfigPlayer.mode_start of ConfigPlayer.leds> as a mode start method. Config section: led_player, priority: 0, kwargs: {}
2016-06-24 22:00:00,926 : DEBUG : Events : ConfigPlayer._initialize (priority: 1) responding to event 'init_phase_1' with args {}
2016-06-24 22:00:00,926 : DEBUG : Mode Controller : Registering <bound method ConfigPlayer.mode_start of ConfigPlayer.gis> as a mode start method. Config section: gi_player, priority: 0, kwargs: {}
2016-06-24 22:00:00,926 : DEBUG : Events : ConfigPlayer._initialize (priority: 1) responding to event 'init_phase_1' with args {}
2016-06-24 22:00:00,926 : DEBUG : Mode Controller : Registering <bound method ConfigPlayer.mode_start of ConfigPlayer.random_events> as a mode start method. Config section: random_event_player, priority: 0, kwargs: {}
2016-06-24 22:00:00,926 : DEBUG : Events : ConfigPlayer._initialize (priority: 1) responding to event 'init_phase_1' with args {}
2016-06-24 22:00:00,926 : DEBUG : Mode Controller : Registering <bound method ConfigPlayer.mode_start of ConfigPlayer.shows> as a mode start method. Config section: show_player, priority: 0, kwargs: {}
2016-06-24 22:00:00,926 : DEBUG : Events : ConfigPlayer._initialize (priority: 1) responding to event 'init_phase_1' with args {}
2016-06-24 22:00:00,926 : DEBUG : Mode Controller : Registering <bound method ConfigPlayer.mode_start of ConfigPlayer.triggers> as a mode start method. Config section: trigger_player, priority: 0, kwargs: {}
2016-06-24 22:00:00,926 : DEBUG : Events : ConfigPlayer._initialize (priority: 1) responding to event 'init_phase_1' with args {}
2016-06-24 22:00:00,926 : DEBUG : Mode Controller : Registering <bound method ConfigPlayer.mode_start of ConfigPlayer.events> as a mode start method. Config section: event_player, priority: 0, kwargs: {}
2016-06-24 22:00:00,927 : DEBUG : Events : ConfigPlayer._initialize (priority: 1) responding to event 'init_phase_1' with args {}
2016-06-24 22:00:00,927 : DEBUG : Mode Controller : Registering <bound method ConfigPlayer.mode_start of PluginPlayer.sounds> as a mode start method. Config section: sound_player, priority: 0, kwargs: {}
2016-06-24 22:00:00,927 : DEBUG : Events : ConfigPlayer._initialize (priority: 1) responding to event 'init_phase_1' with args {}
2016-06-24 22:00:00,927 : DEBUG : Mode Controller : Registering <bound method ConfigPlayer.mode_start of PluginPlayer.widgets> as a mode start method. Config section: widget_player, priority: 0, kwargs: {}
2016-06-24 22:00:00,927 : DEBUG : Events : ConfigPlayer._initialize (priority: 1) responding to event 'init_phase_1' with args {}
2016-06-24 22:00:00,927 : DEBUG : Mode Controller : Registering <bound method ConfigPlayer.mode_start of PluginPlayer.slides> as a mode start method. Config section: slide_player, priority: 0, kwargs: {}
2016-06-24 22:00:00,928 : DEBUG : Events : Registered BCP.bcp_trigger as a handler for 'mc_ready', priority: 1, kwargs: {'name': 'mc_ready'}
2016-06-24 22:00:00,928 : DEBUG : Events : Registered BCP.bcp_trigger as a handler for 'mode_attract_started', priority: 1, kwargs: {'name': 'mode_attract_started'}
2016-06-24 22:00:00,928 : DEBUG : Events : vvvv Finished event 'init_phase_1'. Type: None. Callback: None. Args: {}
2016-06-24 22:00:00,928 : DEBUG : Events : ^^^^ Posted event 'init_phase_2'. Type: None, Callback: None, Args: {}
2016-06-24 22:00:00,928 : DEBUG : Events : ============== EVENTS QUEUE =============
2016-06-24 22:00:00,928 : DEBUG : Events : init_phase_2, None, None, {}
2016-06-24 22:00:00,928 : DEBUG : Events : =========================================
2016-06-24 22:00:00,928 : DEBUG : Events : ^^^^ Processing event 'init_phase_2'. Type: None, Callback: None, Args: {}
2016-06-24 22:00:00,928 : DEBUG : Events : SwitchController._initialize_switches (priority: 1000) responding to event 'init_phase_2' with args {}
2016-06-24 22:00:00,929 : DEBUG : Events : ModeController._load_modes (priority: 1) responding to event 'init_phase_2' with args {}
2016-06-24 22:00:00,929 : DEBUG : Mode Controller : Found MPF Mode folders: {'credits': 'credits', 'high_score': 'high_score', 'carousel': 'carousel', 'tilt': 'tilt', 'game': 'game', 'bonus': 'bonus', 'attract': 'attract'}
2016-06-24 22:00:00,929 : DEBUG : Mode Controller : Found Machine-specific Mode folders: {'base': 'Base', 'ball_save': 'Ball_Save', 'attract': 'attract'}
2016-06-24 22:00:00,929 : DEBUG : Mode Controller : Processing mode: game
2016-06-24 22:00:00,929 : DEBUG : YAML File Interface : Loading file: /Applications/MPF.app/Contents/Frameworks/python/3.5.0/lib/python3.5/site-packages/mpf/modes/game/config/game.yaml
2016-06-24 22:00:00,931 : DEBUG : Mode Controller : Loading config from /Applications/MPF.app/Contents/Frameworks/python/3.5.0/lib/python3.5/site-packages/mpf/modes/game/config/game.yaml
2016-06-24 22:00:00,931 : DEBUG : Mode.game : Scanning config for mode-based devices
2016-06-24 22:00:00,931 : DEBUG : Events : Registered Mode.start as a handler for 'game_start', priority: 20, kwargs: {}
2016-06-24 22:00:00,931 : DEBUG : Mode Controller : Loaded code from mpf.modes.game.code.game
2016-06-24 22:00:00,931 : DEBUG : Mode Controller : Processing mode: ball_save
2016-06-24 22:00:00,931 : DEBUG : YAML File Interface : Loading file: /Users/briancox/Dropbox (TML Team)/SPRE/modes/Ball_Save/config/Ball_Save.yaml
2016-06-24 22:00:00,951 : DEBUG : Mode Controller : Loading config from /Users/briancox/Dropbox (TML Team)/SPRE/modes/Ball_Save/config/Ball_Save.yaml
2016-06-24 22:00:00,952 : DEBUG : Mode.ball_save : Scanning config for mode-based devices
2016-06-24 22:00:00,952 : DEBUG : Mode.ball_save : Creating mode-based device: default
2016-06-24 22:00:00,952 : DEBUG : ball_save.default : Enabling debug logging
2016-06-24 22:00:00,952 : DEBUG : ball_save.default : Configuring device with settings: '{'tags': [], 'balls_to_save': 1, 'debug': True, 'enable_events': {'mode_base_started': 0}, 'auto_launch': True, 'grace_period': 2000, 'label': '%', 'hurry_up_time': 2000, 'timer_start_events': {'balldevice_bd_plunger_ball_eject_success': 0}, 'active_time': 2000, 'source_playfield': <playfield.playfield>, 'disable_events': {'ball_ending': 0}}'
2016-06-24 22:00:00,952 : DEBUG : Events : Registered Mode.start as a handler for 'ball_starting', priority: 8500, kwargs: {}
2016-06-24 22:00:00,952 : DEBUG : Mode Controller : Loaded default Mode() class code.
2016-06-24 22:00:00,952 : DEBUG : Mode Controller : Processing mode: attract
2016-06-24 22:00:00,953 : DEBUG : YAML File Interface : Loading file: /Applications/MPF.app/Contents/Frameworks/python/3.5.0/lib/python3.5/site-packages/mpf/modes/attract/config/attract.yaml
2016-06-24 22:00:00,954 : DEBUG : Mode Controller : Loading config from /Applications/MPF.app/Contents/Frameworks/python/3.5.0/lib/python3.5/site-packages/mpf/modes/attract/config/attract.yaml
2016-06-24 22:00:00,954 : DEBUG : YAML File Interface : Loading file: /Users/briancox/Dropbox (TML Team)/SPRE/modes/attract/config/attract.yaml
2016-06-24 22:00:00,959 : DEBUG : Mode Controller : Loading config from /Users/briancox/Dropbox (TML Team)/SPRE/modes/attract/config/attract.yaml
2016-06-24 22:00:00,961 : DEBUG : Mode.attract : Scanning config for mode-based devices
2016-06-24 22:00:00,961 : DEBUG : Events : Registered Mode.start as a handler for 'game_ended', priority: 10000, kwargs: {}
2016-06-24 22:00:00,961 : DEBUG : Events : Registered Mode.start as a handler for 'reset_complete', priority: 10000, kwargs: {}
2016-06-24 22:00:00,962 : DEBUG : Mode Controller : Loaded code from mpf.modes.attract.code.attract
2016-06-24 22:00:00,962 : DEBUG : Mode Controller : Processing mode: base
2016-06-24 22:00:00,962 : DEBUG : YAML File Interface : Loading file: /Users/briancox/Dropbox (TML Team)/SPRE/modes/Base/config/Base.yaml
2016-06-24 22:00:01,010 : DEBUG : Mode Controller : Loading config from /Users/briancox/Dropbox (TML Team)/SPRE/modes/Base/config/Base.yaml
2016-06-24 22:00:01,010 : DEBUG : Mode.base : Scanning config for mode-based devices
2016-06-24 22:00:01,010 : DEBUG : Events : Registered Mode.start as a handler for 'ball_starting', priority: 100, kwargs: {}
2016-06-24 22:00:01,011 : DEBUG : Mode Controller : Loaded default Mode() class code.
2016-06-24 22:00:01,011 : DEBUG : Events : DeviceManager.create_machinewide_device_control_events (priority: 1) responding to event 'init_phase_2' with args {}
2016-06-24 22:00:01,011 : DEBUG : Events : Registered DeviceManager._control_event_handler as a handler for 'ball_ending', priority: 0, kwargs: {'delay_mgr': <mpf.core.delays.DelayManager object at 0x106db0ba8>, 'callback': <bound method AutofireCoil.disable of <autofire.left_slingshot>>, 'ms_delay': 0}
2016-06-24 22:00:01,011 : DEBUG : Events : Registered DeviceManager._control_event_handler as a handler for 'ball_started', priority: 0, kwargs: {'delay_mgr': <mpf.core.delays.DelayManager object at 0x106db0ba8>, 'callback': <bound method AutofireCoil.enable of <autofire.left_slingshot>>, 'ms_delay': 0}
2016-06-24 22:00:01,011 : DEBUG : Events : Registered DeviceManager._control_event_handler as a handler for 'ball_ending', priority: 0, kwargs: {'delay_mgr': <mpf.core.delays.DelayManager object at 0x106db0ba8>, 'callback': <bound method AutofireCoil.disable of <autofire.right_slingshot>>, 'ms_delay': 0}
2016-06-24 22:00:01,011 : DEBUG : Events : Registered DeviceManager._control_event_handler as a handler for 'ball_started', priority: 0, kwargs: {'delay_mgr': <mpf.core.delays.DelayManager object at 0x106db0ba8>, 'callback': <bound method AutofireCoil.enable of <autofire.right_slingshot>>, 'ms_delay': 0}
2016-06-24 22:00:01,011 : DEBUG : Events : Registered DeviceManager._control_event_handler as a handler for 'ball_started', priority: 0, kwargs: {'delay_mgr': <mpf.core.delays.DelayManager object at 0x106db0ba8>, 'callback': <bound method Flipper.enable of <flipper.lower_right>>, 'ms_delay': 0}
2016-06-24 22:00:01,011 : DEBUG : Events : Registered DeviceManager._control_event_handler as a handler for 'ball_ending', priority: 0, kwargs: {'delay_mgr': <mpf.core.delays.DelayManager object at 0x106db0ba8>, 'callback': <bound method Flipper.disable of <flipper.lower_right>>, 'ms_delay': 0}
2016-06-24 22:00:01,012 : DEBUG : Events : Registered DeviceManager._control_event_handler as a handler for 'ball_started', priority: 0, kwargs: {'delay_mgr': <mpf.core.delays.DelayManager object at 0x106db0ba8>, 'callback': <bound method Flipper.enable of <flipper.lower_left>>, 'ms_delay': 0}
2016-06-24 22:00:01,012 : DEBUG : Events : Registered DeviceManager._control_event_handler as a handler for 'ball_ending', priority: 0, kwargs: {'delay_mgr': <mpf.core.delays.DelayManager object at 0x106db0ba8>, 'callback': <bound method Flipper.disable of <flipper.lower_left>>, 'ms_delay': 0}
2016-06-24 22:00:01,012 : DEBUG : Events : DeviceManager.create_collection_control_events (priority: 1) responding to event 'init_phase_2' with args {}
2016-06-24 22:00:01,012 : DEBUG : Events : Registered DeviceManager._collection_control_event_handler as a handler for 'leds_off', priority: 1, kwargs: {'collection': 'leds', 'method': 'off'}
2016-06-24 22:00:01,012 : DEBUG : Events : Registered DeviceManager._collection_control_event_handler as a handler for 'ball_devices_stop', priority: 1, kwargs: {'collection': 'ball_devices', 'method': 'stop'}
2016-06-24 22:00:01,012 : DEBUG : Events : Registered DeviceManager._collection_control_event_handler as a handler for 'ball_devices_eject_all', priority: 1, kwargs: {'collection': 'ball_devices', 'method': 'eject_all'}
2016-06-24 22:00:01,012 : DEBUG : Events : Registered DeviceManager._collection_control_event_handler as a handler for 'gi_enable', priority: 1, kwargs: {'collection': 'gi', 'method': 'enable'}
2016-06-24 22:00:01,012 : DEBUG : Events : Registered DeviceManager._collection_control_event_handler as a handler for 'gi_disable', priority: 1, kwargs: {'collection': 'gi', 'method': 'disable'}
2016-06-24 22:00:01,012 : DEBUG : Events : Registered DeviceManager._collection_control_event_handler as a handler for 'lights_off', priority: 1, kwargs: {'collection': 'lights', 'method': 'off'}
2016-06-24 22:00:01,012 : DEBUG : Events : Registered DeviceManager._collection_control_event_handler as a handler for 'coils_disable', priority: 1, kwargs: {'collection': 'coils', 'method': 'disable'}
2016-06-24 22:00:01,012 : DEBUG : Events : Registered DeviceManager._collection_control_event_handler as a handler for 'flippers_enable', priority: 1, kwargs: {'collection': 'flippers', 'method': 'enable'}
2016-06-24 22:00:01,012 : DEBUG : Events : Registered DeviceManager._collection_control_event_handler as a handler for 'flippers_disable', priority: 1, kwargs: {'collection': 'flippers', 'method': 'disable'}
2016-06-24 22:00:01,012 : DEBUG : Events : Registered DeviceManager._collection_control_event_handler as a handler for 'autofires_enable', priority: 1, kwargs: {'collection': 'autofires', 'method': 'enable'}
2016-06-24 22:00:01,013 : DEBUG : Events : Registered DeviceManager._collection_control_event_handler as a handler for 'autofires_disable', priority: 1, kwargs: {'collection': 'autofires', 'method': 'disable'}
2016-06-24 22:00:01,013 : DEBUG : Events : BallController._init2 (priority: 1) responding to event 'init_phase_2' with args {}
2016-06-24 22:00:01,013 : DEBUG : SwitchController : Registering switch handler: s_shooter_lane, <bound method BallController._update_num_balls_known of <mpf.core.ball_controller.BallController object at 0x106def208>>, state: 1, ms: 500, info: False, cb_kwargs: {}
2016-06-24 22:00:01,013 : DEBUG : SwitchController : Registering switch handler: s_shooter_lane, <bound method BallController._update_num_balls_known of <mpf.core.ball_controller.BallController object at 0x106def208>>, state: 0, ms: 500, info: False, cb_kwargs: {}
2016-06-24 22:00:01,013 : DEBUG : SwitchController : Registering switch handler: s_shooter_lane, <bound method BallController._correct_playfield_count of <mpf.core.ball_controller.BallController object at 0x106def208>>, state: 1, ms: 500, info: False, cb_kwargs: {}
2016-06-24 22:00:01,013 : DEBUG : SwitchController : Registering switch handler: s_shooter_lane, <bound method BallController._correct_playfield_count of <mpf.core.ball_controller.BallController object at 0x106def208>>, state: 0, ms: 500, info: False, cb_kwargs: {}
2016-06-24 22:00:01,013 : DEBUG : SwitchController : Registering switch handler: s_trough_1, <bound method BallController._update_num_balls_known of <mpf.core.ball_controller.BallController object at 0x106def208>>, state: 1, ms: 500, info: False, cb_kwargs: {}
2016-06-24 22:00:01,013 : DEBUG : SwitchController : Registering switch handler: s_trough_1, <bound method BallController._update_num_balls_known of <mpf.core.ball_controller.BallController object at 0x106def208>>, state: 0, ms: 500, info: False, cb_kwargs: {}
2016-06-24 22:00:01,013 : DEBUG : SwitchController : Registering switch handler: s_trough_1, <bound method BallController._correct_playfield_count of <mpf.core.ball_controller.BallController object at 0x106def208>>, state: 1, ms: 500, info: False, cb_kwargs: {}
2016-06-24 22:00:01,013 : DEBUG : SwitchController : Registering switch handler: s_trough_1, <bound method BallController._correct_playfield_count of <mpf.core.ball_controller.BallController object at 0x106def208>>, state: 0, ms: 500, info: False, cb_kwargs: {}
2016-06-24 22:00:01,013 : DEBUG : SwitchController : Registering switch handler: s_trough_2, <bound method BallController._update_num_balls_known of <mpf.core.ball_controller.BallController object at 0x106def208>>, state: 1, ms: 500, info: False, cb_kwargs: {}
2016-06-24 22:00:01,013 : DEBUG : SwitchController : Registering switch handler: s_trough_2, <bound method BallController._update_num_balls_known of <mpf.core.ball_controller.BallController object at 0x106def208>>, state: 0, ms: 500, info: False, cb_kwargs: {}
2016-06-24 22:00:01,013 : DEBUG : SwitchController : Registering switch handler: s_trough_2, <bound method BallController._correct_playfield_count of <mpf.core.ball_controller.BallController object at 0x106def208>>, state: 1, ms: 500, info: False, cb_kwargs: {}
2016-06-24 22:00:01,013 : DEBUG : SwitchController : Registering switch handler: s_trough_2, <bound method BallController._correct_playfield_count of <mpf.core.ball_controller.BallController object at 0x106def208>>, state: 0, ms: 500, info: False, cb_kwargs: {}
2016-06-24 22:00:01,013 : DEBUG : SwitchController : Registering switch handler: s_trough_3, <bound method BallController._update_num_balls_known of <mpf.core.ball_controller.BallController object at 0x106def208>>, state: 1, ms: 500, info: False, cb_kwargs: {}
2016-06-24 22:00:01,014 : DEBUG : SwitchController : Registering switch handler: s_trough_3, <bound method BallController._update_num_balls_known of <mpf.core.ball_controller.BallController object at 0x106def208>>, state: 0, ms: 500, info: False, cb_kwargs: {}
2016-06-24 22:00:01,014 : DEBUG : SwitchController : Registering switch handler: s_trough_3, <bound method BallController._correct_playfield_count of <mpf.core.ball_controller.BallController object at 0x106def208>>, state: 1, ms: 500, info: False, cb_kwargs: {}
2016-06-24 22:00:01,014 : DEBUG : SwitchController : Registering switch handler: s_trough_3, <bound method BallController._correct_playfield_count of <mpf.core.ball_controller.BallController object at 0x106def208>>, state: 0, ms: 500, info: False, cb_kwargs: {}
2016-06-24 22:00:01,014 : DEBUG : SwitchController : Registering switch handler: s_trough_4, <bound method BallController._update_num_balls_known of <mpf.core.ball_controller.BallController object at 0x106def208>>, state: 1, ms: 500, info: False, cb_kwargs: {}
2016-06-24 22:00:01,014 : DEBUG : SwitchController : Registering switch handler: s_trough_4, <bound method BallController._update_num_balls_known of <mpf.core.ball_controller.BallController object at 0x106def208>>, state: 0, ms: 500, info: False, cb_kwargs: {}
2016-06-24 22:00:01,014 : DEBUG : SwitchController : Registering switch handler: s_trough_4, <bound method BallController._correct_playfield_count of <mpf.core.ball_controller.BallController object at 0x106def208>>, state: 1, ms: 500, info: False, cb_kwargs: {}
2016-06-24 22:00:01,014 : DEBUG : SwitchController : Registering switch handler: s_trough_4, <bound method BallController._correct_playfield_count of <mpf.core.ball_controller.BallController object at 0x106def208>>, state: 0, ms: 500, info: False, cb_kwargs: {}
2016-06-24 22:00:01,014 : DEBUG : SwitchController : Registering switch handler: s_trough_5, <bound method BallController._update_num_balls_known of <mpf.core.ball_controller.BallController object at 0x106def208>>, state: 1, ms: 500, info: False, cb_kwargs: {}
2016-06-24 22:00:01,014 : DEBUG : SwitchController : Registering switch handler: s_trough_5, <bound method BallController._update_num_balls_known of <mpf.core.ball_controller.BallController object at 0x106def208>>, state: 0, ms: 500, info: False, cb_kwargs: {}
2016-06-24 22:00:01,014 : DEBUG : SwitchController : Registering switch handler: s_trough_5, <bound method BallController._correct_playfield_count of <mpf.core.ball_controller.BallController object at 0x106def208>>, state: 1, ms: 500, info: False, cb_kwargs: {}
2016-06-24 22:00:01,014 : DEBUG : SwitchController : Registering switch handler: s_trough_5, <bound method BallController._correct_playfield_count of <mpf.core.ball_controller.BallController object at 0x106def208>>, state: 0, ms: 500, info: False, cb_kwargs: {}
2016-06-24 22:00:01,014 : DEBUG : SwitchController : Registering switch handler: s_trough_jam, <bound method BallController._update_num_balls_known of <mpf.core.ball_controller.BallController object at 0x106def208>>, state: 1, ms: 500, info: False, cb_kwargs: {}
2016-06-24 22:00:01,014 : DEBUG : SwitchController : Registering switch handler: s_trough_jam, <bound method BallController._update_num_balls_known of <mpf.core.ball_controller.BallController object at 0x106def208>>, state: 0, ms: 500, info: False, cb_kwargs: {}
2016-06-24 22:00:01,014 : DEBUG : SwitchController : Registering switch handler: s_trough_jam, <bound method BallController._correct_playfield_count of <mpf.core.ball_controller.BallController object at 0x106def208>>, state: 1, ms: 500, info: False, cb_kwargs: {}
2016-06-24 22:00:01,014 : DEBUG : SwitchController : Registering switch handler: s_trough_jam, <bound method BallController._correct_playfield_count of <mpf.core.ball_controller.BallController object at 0x106def208>>, state: 0, ms: 500, info: False, cb_kwargs: {}
2016-06-24 22:00:01,015 : DEBUG : Events : Registered BallController._correct_playfield_count as a handler for 'playfield_ball_count_change', priority: 1, kwargs: {}
2016-06-24 22:00:01,015 : DEBUG : BallController : Counting Balls
2016-06-24 22:00:01,015 : DEBUG : BallController : Found new balls. Setting known balls to 5
2016-06-24 22:00:01,015 : DEBUG : DelayManager : Adding delay. Name: '2f7d0bf7-3ec0-42ef-977c-7b2ea943baf7' ms: 1, callback: <bound method BallController._handle_new_balls of <mpf.core.ball_controller.BallController object at 0x106def208>>, kwargs: {'new_balls': 5}
2016-06-24 22:00:01,015 : DEBUG : Clock : Scheduled a one-time clock callback (callback=functools.partial(<bound method DelayManager._process_delay_callback of <mpf.core.delays.DelayManager object at 0x106def860>>, UUID('2f7d0bf7-3ec0-42ef-977c-7b2ea943baf7'), <bound method BallController._handle_new_balls of <mpf.core.ball_controller.BallController object at 0x106def208>>, new_balls=5), timeout=0.001, priority=1)
2016-06-24 22:00:01,015 : DEBUG : Events : vvvv Finished event 'init_phase_2'. Type: None. Callback: None. Args: {}
2016-06-24 22:00:01,015 : DEBUG : Machine : Loading plugins...
2016-06-24 22:00:01,015 : DEBUG : Machine : Loading 'mpf.plugins.auditor.Auditor' plugin
2016-06-24 22:00:01,016 : DEBUG : DataInterface : Loading audits from /Users/briancox/Dropbox (TML Team)/SPRE/data/audits.yaml
2016-06-24 22:00:01,016 : DEBUG : DataInterface : Didn't find the audits file. No prob. We'll create it when we save.
2016-06-24 22:00:01,016 : DEBUG : Events : Registered Auditor._initialize as a handler for 'init_phase_4', priority: 1, kwargs: {}
2016-06-24 22:00:01,016 : DEBUG : Machine : Loading 'mpf.plugins.info_lights.InfoLights' plugin
2016-06-24 22:00:01,016 : DEBUG : Machine : "info_lights:" section not found in machine configuration, so the Info Lights plugin will not be used.
2016-06-24 22:00:01,016 : DEBUG : Machine : Loading 'mpf.plugins.osc.OSC' plugin
2016-06-24 22:00:01,017 : DEBUG : Machine : "OSC:" section not found in the machine configuration, so the OSC plugin will not be used.
2016-06-24 22:00:01,017 : DEBUG : Machine : Loading 'mpf.plugins.switch_player.SwitchPlayer' plugin
2016-06-24 22:00:01,017 : DEBUG : Machine : "switch_player:" section not found in machine configuration, so the Switch Playerplugin will not be used.
2016-06-24 22:00:01,017 : DEBUG : Events : ^^^^ Posted event 'init_phase_3'. Type: None, Callback: None, Args: {}
2016-06-24 22:00:01,017 : DEBUG : Events : ============== EVENTS QUEUE =============
2016-06-24 22:00:01,018 : DEBUG : Events : init_phase_3, None, None, {}
2016-06-24 22:00:01,018 : DEBUG : Events : =========================================
2016-06-24 22:00:01,018 : DEBUG : Events : ^^^^ Processing event 'init_phase_3'. Type: None, Callback: None, Args: {}
2016-06-24 22:00:01,018 : DEBUG : Events : AssetManager._create_assets (priority: 1) responding to event 'init_phase_3' with args {}
2016-06-24 22:00:01,018 : DEBUG : AssetManager : Processing assets from base folder: /Users/briancox/Dropbox (TML Team)/SPRE/shows
2016-06-24 22:00:01,018 : DEBUG : AssetManager : Registering Asset: attract_dmd_loop, File: attract_dmd_loop.yaml, Default Group: default, Final Config: {'load': 'preload', 'file': '/Users/briancox/Dropbox (TML Team)/SPRE/shows/attract_dmd_loop.yaml'}
2016-06-24 22:00:01,018 : DEBUG : AssetManager : Processing assets from base folder: /Users/briancox/Dropbox (TML Team)/SPRE/modes/Base/shows
2016-06-24 22:00:01,018 : DEBUG : AssetManager : Processing assets from base folder: /Applications/MPF.app/Contents/Frameworks/python/3.5.0/lib/python3.5/site-packages/mpf/modes/game/shows
2016-06-24 22:00:01,019 : DEBUG : AssetManager : Processing assets from base folder: /Users/briancox/Dropbox (TML Team)/SPRE/modes/Ball_Save/shows
2016-06-24 22:00:01,019 : DEBUG : AssetManager : Processing assets from base folder: /Users/briancox/Dropbox (TML Team)/SPRE/modes/attract/shows
2016-06-24 22:00:01,019 : DEBUG : Clock : Scheduled a recurring clock callback (callback=<bound method AssetManager._check_loader_status of <mpf.core.assets.AssetManager object at 0x106defe48>>, timeout=0, priority=1)
2016-06-24 22:00:01,019 : DEBUG : ShowController : Loading Show /Users/briancox/Dropbox (TML Team)/SPRE/shows/attract_dmd_loop.yaml
2016-06-24 22:00:01,019 : DEBUG : Events : ShowController._initialize (priority: 1) responding to event 'init_phase_3' with args {}
2016-06-24 22:00:01,020 : DEBUG : ShowController : Loading Show None
2016-06-24 22:00:01,020 : DEBUG : YAML File Interface : Loading file: /Users/briancox/Dropbox (TML Team)/SPRE/shows/attract_dmd_loop.yaml
2016-06-24 22:00:01,021 : DEBUG : ShowController : Loading Show None
2016-06-24 22:00:01,021 : DEBUG : ShowController : Loading Show None
2016-06-24 22:00:01,021 : DEBUG : ShowController : Loading Show None
2016-06-24 22:00:01,022 : DEBUG : Events : vvvv Finished event 'init_phase_3'. Type: None. Callback: None. Args: {}
2016-06-24 22:00:01,028 : DEBUG : Events : ^^^^ Posted event 'init_phase_4'. Type: None, Callback: None, Args: {}
2016-06-24 22:00:01,029 : DEBUG : Events : ============== EVENTS QUEUE =============
2016-06-24 22:00:01,029 : DEBUG : Events : init_phase_4, None, None, {}
2016-06-24 22:00:01,029 : DEBUG : Events : =========================================
2016-06-24 22:00:01,029 : DEBUG : Events : ^^^^ Processing event 'init_phase_4'. Type: None, Callback: None, Args: {}
2016-06-24 22:00:01,040 : DEBUG : Events : BallDevice._initialize_phase_4 (priority: 1) responding to event 'init_phase_4' with args {}
2016-06-24 22:00:01,041 : DEBUG : ball_device.shooter_lane : Switching to state idle
2016-06-24 22:00:01,041 : DEBUG : Events : ^^^^ Posted event 'balldevice_shooter_lane_ok_to_receive'. Type: None, Callback: None, Args: {'balls': 1}
2016-06-24 22:00:01,047 : DEBUG : Events : ============== EVENTS QUEUE =============
2016-06-24 22:00:01,047 : DEBUG : Events : balldevice_shooter_lane_ok_to_receive, None, None, {'balls': 1}
2016-06-24 22:00:01,047 : DEBUG : Events : =========================================
2016-06-24 22:00:01,047 : DEBUG : Events : BallDevice._initialize_phase_4 (priority: 1) responding to event 'init_phase_4' with args {}
2016-06-24 22:00:01,047 : DEBUG : ball_device.trough : Switching to state idle
2016-06-24 22:00:01,048 : DEBUG : Events : ^^^^ Posted event 'balldevice_trough_ok_to_receive'. Type: None, Callback: None, Args: {'balls': 1}
2016-06-24 22:00:01,048 : DEBUG : Events : ============== EVENTS QUEUE =============
2016-06-24 22:00:01,048 : DEBUG : Events : balldevice_shooter_lane_ok_to_receive, None, None, {'balls': 1}
2016-06-24 22:00:01,048 : DEBUG : Events : balldevice_trough_ok_to_receive, None, None, {'balls': 1}
2016-06-24 22:00:01,048 : DEBUG : Events : =========================================
2016-06-24 22:00:01,048 : DEBUG : Events : Auditor._initialize (priority: 1) responding to event 'init_phase_4' with args {}
2016-06-24 22:00:01,058 : DEBUG : Events : Registered Auditor.enable as a handler for 'game_starting', priority: 1, kwargs: {}
2016-06-24 22:00:01,058 : DEBUG : Events : Registered Auditor.disable as a handler for 'game_ended', priority: 1, kwargs: {}
2016-06-24 22:00:01,059 : DEBUG : Events : Registered Auditor.audit_player as a handler for 'game_ending', priority: 1, kwargs: {}
2016-06-24 22:00:01,059 : DEBUG : Events : vvvv Finished event 'init_phase_4'. Type: None. Callback: None. Args: {}
2016-06-24 22:00:01,059 : DEBUG : Events : ^^^^ Processing event 'balldevice_shooter_lane_ok_to_receive'. Type: None, Callback: None, Args: {'balls': 1}
2016-06-24 22:00:01,060 : DEBUG : Events : BallDevice._target_ready (priority: 1) responding to event 'balldevice_shooter_lane_ok_to_receive' with args {'target': <ball_device.shooter_lane>, 'balls': 1}
2016-06-24 22:00:01,060 : DEBUG : Events : vvvv Finished event 'balldevice_shooter_lane_ok_to_receive'. Type: None. Callback: None. Args: {'balls': 1}
2016-06-24 22:00:01,060 : DEBUG : Events : ^^^^ Processing event 'balldevice_trough_ok_to_receive'. Type: None, Callback: None, Args: {'balls': 1}
2016-06-24 22:00:01,060 : DEBUG : Events : vvvv Finished event 'balldevice_trough_ok_to_receive'. Type: None. Callback: None. Args: {'balls': 1}
2016-06-24 22:00:01,060 : DEBUG : Events : ^^^^ Posted event 'init_phase_5'. Type: None, Callback: None, Args: {}
2016-06-24 22:00:01,060 : DEBUG : Events : ============== EVENTS QUEUE =============
2016-06-24 22:00:01,060 : DEBUG : Events : init_phase_5, None, None, {}
2016-06-24 22:00:01,060 : DEBUG : Events : =========================================
2016-06-24 22:00:01,060 : DEBUG : Events : ^^^^ Processing event 'init_phase_5'. Type: None, Callback: None, Args: {}
2016-06-24 22:00:01,060 : DEBUG : Events : vvvv Finished event 'init_phase_5'. Type: None. Callback: None. Args: {}
2016-06-24 22:00:01,060 : DEBUG : Machine : Clearing boot hold init. Holds remaining: {'assets'}
2016-06-24 22:00:01,060 : DEBUG : Machine : Starting the main run loop.
2016-06-24 22:00:01,061 : DEBUG : DelayManager : ---Processing delay: 2f7d0bf7-3ec0-42ef-977c-7b2ea943baf7
2016-06-24 22:00:01,061 : DEBUG : Events : ^^^^ Posted event 'loading_assets'. Type: None, Callback: None, Args: {'total': 1, 'remaining': 0, 'percent': 100, 'loaded': 1}
2016-06-24 22:00:01,061 : DEBUG : Events : ============== EVENTS QUEUE =============
2016-06-24 22:00:01,061 : DEBUG : Events : loading_assets, None, None, {'total': 1, 'remaining': 0, 'percent': 100, 'loaded': 1}
2016-06-24 22:00:01,061 : DEBUG : Events : =========================================
2016-06-24 22:00:01,061 : DEBUG : Events : ^^^^ Posted event 'asset_loading_complete'. Type: None, Callback: None, Args: {}
2016-06-24 22:00:01,061 : DEBUG : Events : ============== EVENTS QUEUE =============
2016-06-24 22:00:01,061 : DEBUG : Events : loading_assets, None, None, {'total': 1, 'remaining': 0, 'percent': 100, 'loaded': 1}
2016-06-24 22:00:01,061 : DEBUG : Events : asset_loading_complete, None, None, {}
2016-06-24 22:00:01,061 : DEBUG : Events : =========================================
2016-06-24 22:00:01,061 : DEBUG : AssetManager : Loading assets: 1/1 (100%)
2016-06-24 22:00:01,061 : DEBUG : Machine : Clearing boot hold assets. Holds remaining: set()
2016-06-24 22:00:01,061 : DEBUG : Events : ^^^^ Posted event 'init_done'. Type: None, Callback: None, Args: {}
2016-06-24 22:00:01,061 : DEBUG : Events : ============== EVENTS QUEUE =============
2016-06-24 22:00:01,062 : DEBUG : Events : loading_assets, None, None, {'total': 1, 'remaining': 0, 'percent': 100, 'loaded': 1}
2016-06-24 22:00:01,062 : DEBUG : Events : asset_loading_complete, None, None, {}
2016-06-24 22:00:01,062 : DEBUG : Events : init_done, None, None, {}
2016-06-24 22:00:01,062 : DEBUG : Events : =========================================
2016-06-24 22:00:01,062 : DEBUG : Events : ^^^^ Processing event 'loading_assets'. Type: None, Callback: None, Args: {'total': 1, 'remaining': 0, 'percent': 100, 'loaded': 1}
2016-06-24 22:00:01,062 : DEBUG : Events : vvvv Finished event 'loading_assets'. Type: None. Callback: None. Args: {'total': 1, 'remaining': 0, 'percent': 100, 'loaded': 1}
2016-06-24 22:00:01,062 : DEBUG : Events : ^^^^ Processing event 'asset_loading_complete'. Type: None, Callback: None, Args: {}
2016-06-24 22:00:01,062 : DEBUG : Events : vvvv Finished event 'asset_loading_complete'. Type: None. Callback: None. Args: {}
2016-06-24 22:00:01,062 : DEBUG : Events : ^^^^ Processing event 'init_done'. Type: None, Callback: None, Args: {}
2016-06-24 22:00:01,062 : DEBUG : Events : BCP._setup_bcp_connections (priority: 1) responding to event 'init_done' with args {}
2016-06-24 22:00:01,062 : DEBUG : BCPClientSocket.local_display : Setting up BCP Client...
2016-06-24 22:00:01,062 : INFO : BCPClientSocket.local_display : Connecting to BCP Media Controller at localhost:5050...
2016-06-24 22:00:01,063 : DEBUG : BCPClientSocket.local_display : Connected to remote BCP host localhost:5050
2016-06-24 22:00:01,064 : DEBUG : Events : vvvv Finished event 'init_done'. Type: None. Callback: None. Args: {}
2016-06-24 22:00:01,064 : DEBUG : Machine : Resetting...
2016-06-24 22:00:01,064 : DEBUG : BCPClientSocket.local_display : Sending "hello?controller_name=Mission%20Pinball%20Framework&version=1.0&controller_version=0.30.0.dev1813"
2016-06-24 22:00:01,064 : DEBUG : Events : ^^^^ Posted event 'machine_reset_phase_1'. Type: None, Callback: None, Args: {}
2016-06-24 22:00:01,064 : DEBUG : Events : ============== EVENTS QUEUE =============
2016-06-24 22:00:01,064 : DEBUG : Events : machine_reset_phase_1, None, None, {}
2016-06-24 22:00:01,064 : DEBUG : Events : =========================================
2016-06-24 22:00:01,064 : DEBUG : Events : ^^^^ Processing event 'machine_reset_phase_1'. Type: None, Callback: None, Args: {}
2016-06-24 22:00:01,064 : DEBUG : Events : BCP.bcp_reset (priority: 1) responding to event 'machine_reset_phase_1' with args {}
2016-06-24 22:00:01,064 : DEBUG : Events : vvvv Finished event 'machine_reset_phase_1'. Type: None. Callback: None. Args: {}
2016-06-24 22:00:01,065 : DEBUG : Events : ^^^^ Posted event 'machine_reset_phase_2'. Type: None, Callback: None, Args: {}
2016-06-24 22:00:01,065 : DEBUG : Events : ============== EVENTS QUEUE =============
2016-06-24 22:00:01,065 : DEBUG : Events : machine_reset_phase_2, None, None, {}
2016-06-24 22:00:01,065 : DEBUG : BCPClientSocket.local_display : Sending "machine_variable?value=FREE%20PLAY&name=credits_string"
2016-06-24 22:00:01,065 : DEBUG : Events : =========================================
2016-06-24 22:00:01,065 : DEBUG : BCPClientSocket.local_display : Sending "reset"
2016-06-24 22:00:01,065 : DEBUG : Events : ^^^^ Processing event 'machine_reset_phase_2'. Type: None, Callback: None, Args: {}
2016-06-24 22:00:01,065 : DEBUG : Events : BallController._initialize (priority: 1) responding to event 'machine_reset_phase_2' with args {}
2016-06-24 22:00:01,065 : DEBUG : Events : Registered BallController._ball_drained_handler as a handler for 'balldevice_trough_ball_enter', priority: 1, kwargs: {}
2016-06-24 22:00:01,065 : DEBUG : Events : vvvv Finished event 'machine_reset_phase_2'. Type: None. Callback: None. Args: {}
2016-06-24 22:00:01,066 : DEBUG : Events : ^^^^ Posted event 'machine_reset_phase_3'. Type: None, Callback: None, Args: {}
2016-06-24 22:00:01,066 : DEBUG : Events : ============== EVENTS QUEUE =============
2016-06-24 22:00:01,066 : DEBUG : Events : machine_reset_phase_3, None, None, {}
2016-06-24 22:00:01,066 : DEBUG : Events : =========================================
2016-06-24 22:00:01,066 : DEBUG : Events : ^^^^ Processing event 'machine_reset_phase_3'. Type: None, Callback: None, Args: {}
2016-06-24 22:00:01,066 : DEBUG : Events : SwitchController.log_active_switches (priority: 1) responding to event 'machine_reset_phase_3' with args {}
2016-06-24 22:00:01,066 : INFO : SwitchController : Active Switch|s_trough_1
2016-06-24 22:00:01,066 : INFO : SwitchController : Active Switch|s_trough_4
2016-06-24 22:00:01,066 : INFO : SwitchController : Active Switch|s_trough_5
2016-06-24 22:00:01,066 : INFO : SwitchController : Active Switch|s_trough_2
2016-06-24 22:00:01,066 : INFO : SwitchController : Active Switch|s_trough_3
2016-06-24 22:00:01,066 : DEBUG : Events : vvvv Finished event 'machine_reset_phase_3'. Type: None. Callback: None. Args: {}
2016-06-24 22:00:01,066 : DEBUG : Machine : Reset Complete
2016-06-24 22:00:01,066 : DEBUG : Machine : Reset Complete
2016-06-24 22:00:01,066 : DEBUG : Events : ^^^^ Posted event 'reset_complete'. Type: None, Callback: None, Args: {}
2016-06-24 22:00:01,066 : DEBUG : Events : ============== EVENTS QUEUE =============
2016-06-24 22:00:01,067 : DEBUG : Events : reset_complete, None, None, {}
2016-06-24 22:00:01,067 : DEBUG : Events : =========================================
2016-06-24 22:00:01,067 : DEBUG : Events : ^^^^ Processing event 'reset_complete'. Type: None, Callback: None, Args: {}
2016-06-24 22:00:01,067 : DEBUG : Events : Mode.start (priority: 10000) responding to event 'reset_complete' with args {}
2016-06-24 22:00:01,067 : DEBUG : Mode.attract : Received request to start
2016-06-24 22:00:01,067 : INFO : Mode.attract : Mode Starting. Priority: 10000
2016-06-24 22:00:01,067 : DEBUG : Mode.attract : Registering mode_stop handlers
2016-06-24 22:00:01,067 : DEBUG : Events : Registered Mode.stop as a handler for 'game_start', priority: 10001, kwargs: {'mode': <Mode.attract>}
2016-06-24 22:00:01,067 : DEBUG : Mode.attract : Calling mode_start handlers
2016-06-24 22:00:01,068 : DEBUG : Events : Registered ConfigPlayer.config_play_callback as a handler for 'mode_attract_started', priority: 10000, kwargs: {'settings': {'event_list': ['attractMusic_1', 'attractMusic_2']}, 'mode': <Mode.attract>}
2016-06-24 22:00:01,068 : DEBUG : BCPClientSocket.local_display : Sending "mode_start?priority=int:10000&name=attract"
2016-06-24 22:00:01,068 : DEBUG : Events : Registered ConfigPlayer.config_play_callback as a handler for 'mode_attract_started', priority: 10000, kwargs: {'settings': {'shows': {'attract_dmd_loop': {'sync_ms': 0, 'speed': 1.0, 'priority': 0, 'manual_advance': False, 'show_tokens': {}, 'loops': -1, 'action': 'play', 'reset': True, 'start_step': 1, 'key': None}}}, 'mode': <Mode.attract>}
2016-06-24 22:00:01,068 : DEBUG : Events : Registered ConfigPlayer.config_play_callback as a handler for 'mode_attract_stopped', priority: 10000, kwargs: {'settings': {'shows': {'attract_dmd_loop': {'sync_ms': 0, 'speed': 1.0, 'priority': 0, 'loops': -1, 'show_tokens': {}, 'start_step': 1, 'action': 'stop', 'reset': True, 'manual_advance': False, 'key': None}}}, 'mode': <Mode.attract>}
2016-06-24 22:00:01,068 : DEBUG : Events : Registered BCP.bcp_trigger as a handler for 'attractmusic_1', priority: 1, kwargs: {'name': 'attractmusic_1'}
2016-06-24 22:00:01,068 : DEBUG : Events : Registered BCP.bcp_trigger as a handler for 'attractmusic_2', priority: 1, kwargs: {'name': 'attractmusic_2'}
2016-06-24 22:00:01,069 : DEBUG : Events : Registered BCP.bcp_trigger as a handler for 'mode_attract_stopping', priority: 1, kwargs: {'name': 'mode_attract_stopping'}
2016-06-24 22:00:01,069 : DEBUG : Mode.attract : Scanning mode-based config for device control_events
2016-06-24 22:00:01,069 : DEBUG : Events : ^^^^ Posted event 'mode_attract_starting'. Type: queue, Callback: <bound method Mode._started of <Mode.attract>>, Args: {}
2016-06-24 22:00:01,069 : DEBUG : Events : ============== EVENTS QUEUE =============
2016-06-24 22:00:01,069 : DEBUG : Events : mode_attract_starting, queue, <bound method Mode._started of <Mode.attract>>, {}
2016-06-24 22:00:01,069 : DEBUG : Events : =========================================
2016-06-24 22:00:01,069 : DEBUG : Events : vvvv Finished event 'reset_complete'. Type: None. Callback: None. Args: {}
2016-06-24 22:00:01,069 : DEBUG : Events : ^^^^ Processing event 'mode_attract_starting'. Type: queue, Callback: <bound method Mode._started of <Mode.attract>>, Args: {}
2016-06-24 22:00:01,069 : DEBUG : Events : vvvv Finished event 'mode_attract_starting'. Type: queue. Callback: <bound method Mode._started of <Mode.attract>>. Args: {}
2016-06-24 22:00:01,069 : DEBUG : Mode.attract : Mode Started. Priority: 10000
2016-06-24 22:00:01,069 : DEBUG : Mode Controller : +=========== ACTIVE MODES ============+
2016-06-24 22:00:01,069 : DEBUG : Mode Controller : | attract : 10000                     |
2016-06-24 22:00:01,069 : DEBUG : Mode Controller : +-------------------------------------+
2016-06-24 22:00:01,069 : DEBUG : Events : ^^^^ Posted event 'mode_attract_started'. Type: None, Callback: <bound method Mode._mode_started_callback of <Mode.attract>>, Args: {}
2016-06-24 22:00:01,070 : DEBUG : Events : ============== EVENTS QUEUE =============
2016-06-24 22:00:01,070 : DEBUG : Events : mode_attract_started, None, <bound method Mode._mode_started_callback of <Mode.attract>>, {}
2016-06-24 22:00:01,070 : DEBUG : Events : =========================================
2016-06-24 22:00:01,070 : DEBUG : Events : ^^^^ Processing event 'mode_attract_started'. Type: None, Callback: <bound method Mode._mode_started_callback of <Mode.attract>>, Args: {}
2016-06-24 22:00:01,070 : DEBUG : Events : ConfigPlayer.config_play_callback (priority: 10000) responding to event 'mode_attract_started' with args {'settings': {'event_list': ['attractMusic_1', 'attractMusic_2']}, 'mode': <Mode.attract>}
2016-06-24 22:00:01,070 : DEBUG : Events : ^^^^ Posted event 'attractmusic_1'. Type: None, Callback: None, Args: {}
2016-06-24 22:00:01,070 : DEBUG : Events : ============== EVENTS QUEUE =============
2016-06-24 22:00:01,070 : DEBUG : Events : attractmusic_1, None, None, {}
2016-06-24 22:00:01,070 : DEBUG : Events : =========================================
2016-06-24 22:00:01,070 : DEBUG : Events : ConfigPlayer.config_play_callback (priority: 10000) responding to event 'mode_attract_started' with args {'settings': {'shows': {'attract_dmd_loop': {'sync_ms': 0, 'speed': 1.0, 'priority': 0, 'manual_advance': False, 'show_tokens': {}, 'loops': -1, 'action': 'play', 'reset': True, 'start_step': 1, 'key': None}}}, 'mode': <Mode.attract>}
2016-06-24 22:00:01,071 : DEBUG : Clock : Scheduled a one-time clock callback (callback=<bound method RunningShow._run_next_step of Running Show Instance: "attract_dmd_loop">, timeout=69.0, priority=1)
2016-06-24 22:00:01,071 : DEBUG : BCPClientSocket.local_display : Sending "trigger?json={"settings": {"attract_dmd_loop_slide_1": {"priority": null, "widgets": [{"width": 0, "color": [1.0, 1.0, 1.0, 1.0], "end_behavior": "stop", "_default_settings": ["video", "type", "control_events"], "opacity": 1.0, "adjust_top": null, "anchor_x": null, "anchor_y": null, "x": null, "video": "SPRE_AttractMode_2", "auto_play": true, "adjust_right": null, "animations": null, "adjust_left": null, "expire": null, "z": 0, "volume": 1.0, "y": null, "type": "video", "reset_animations_events": [], "adjust_bottom": null, "style": null, "height": 0, "control_events": [{"value": 0.0, "action": "seek", "event": "slide_play"}, {"value": null, "action": "play", "event": "slide_play"}], "key": null}], "expire": null, "show": true, "force": false, "target": null, "action": "play", "persist": false}}, "context": "show_1", "priority": 10000, "name": "slides_play"}"
2016-06-24 22:00:01,071 : DEBUG : Events : BCP.bcp_trigger (priority: 1) responding to event 'mode_attract_started' with args {'name': 'mode_attract_started'}
2016-06-24 22:00:01,071 : DEBUG : Events : vvvv Finished event 'mode_attract_started'. Type: None. Callback: <bound method Mode._mode_started_callback of <Mode.attract>>. Args: {}
2016-06-24 22:00:01,071 : DEBUG : Events : ^^^^ Processing event 'attractmusic_1'. Type: None, Callback: None, Args: {}
2016-06-24 22:00:01,071 : DEBUG : BCPClientSocket.local_display : Sending "trigger?name=mode_attract_started"
2016-06-24 22:00:01,071 : DEBUG : Events : BCP.bcp_trigger (priority: 1) responding to event 'attractmusic_1' with args {'name': 'attractmusic_1'}
2016-06-24 22:00:01,072 : DEBUG : Events : vvvv Finished event 'attractmusic_1'. Type: None. Callback: None. Args: {}
2016-06-24 22:00:01,072 : DEBUG : BCPClientSocket.local_display : Sending "trigger?name=attractmusic_1"
2016-06-24 22:00:01,072 : DEBUG : SwitchController : Registering switch handler: s_start, <bound method Attract.start_button_pressed of <Mode.attract>>, state: 1, ms: 0, info: False, cb_kwargs: {}
2016-06-24 22:00:01,072 : DEBUG : SwitchController : Registering switch handler: s_start, <bound method Attract.start_button_released of <Mode.attract>>, state: 0, ms: 0, info: False, cb_kwargs: {}
2016-06-24 22:00:01,072 : DEBUG : BallController : Collecting all balls to devices with tags '['home', 'trough']'
2016-06-24 22:00:01,072 : DEBUG : BallController : Ejecting all balls from: set()
2016-06-24 22:00:01,072 : DEBUG : BallController : All balls are collected
2016-06-24 22:00:01,073 : DEBUG : Events : ^^^^ Posted event 'collecting_balls_complete'. Type: None, Callback: None, Args: {}
2016-06-24 22:00:01,073 : DEBUG : Events : ============== EVENTS QUEUE =============
2016-06-24 22:00:01,073 : DEBUG : Events : collecting_balls_complete, None, None, {}
2016-06-24 22:00:01,073 : DEBUG : Events : =========================================
2016-06-24 22:00:01,073 : DEBUG : Events : ^^^^ Posted event 'enable_volume_keys'. Type: None, Callback: None, Args: {}
2016-06-24 22:00:01,073 : DEBUG : Events : ============== EVENTS QUEUE =============
2016-06-24 22:00:01,073 : DEBUG : Events : collecting_balls_complete, None, None, {}
2016-06-24 22:00:01,073 : DEBUG : Events : enable_volume_keys, None, None, {}
2016-06-24 22:00:01,073 : DEBUG : Events : =========================================
2016-06-24 22:00:01,073 : DEBUG : Mode.attract : Mode Start process complete.
2016-06-24 22:00:01,073 : DEBUG : Events : ^^^^ Processing event 'collecting_balls_complete'. Type: None, Callback: None, Args: {}
2016-06-24 22:00:01,073 : DEBUG : Events : vvvv Finished event 'collecting_balls_complete'. Type: None. Callback: None. Args: {}
2016-06-24 22:00:01,073 : DEBUG : Events : ^^^^ Processing event 'enable_volume_keys'. Type: None, Callback: None, Args: {}
2016-06-24 22:00:01,073 : DEBUG : Events : BCP.enable_volume_keys (priority: 1) responding to event 'enable_volume_keys' with args {}
2016-06-24 22:00:01,073 : DEBUG : Events : vvvv Finished event 'enable_volume_keys'. Type: None. Callback: None. Args: {}
2016-06-24 22:00:01,081 : DEBUG : BCPClientSocket.local_display : Received "b'hello?version=1.0'"
2016-06-24 22:00:01,082 : DEBUG : BCPClientSocket.local_display : Received BCP Hello from host with kwargs: {'version': '1.0'}
2016-06-24 22:00:02,086 : DEBUG : BCPClientSocket.local_display : Received "b'reset_complete'"
2016-06-24 22:00:02,090 : DEBUG : BCP : Processing command: reset_complete {}
2016-06-24 22:00:18,130 : DEBUG : BCPClientSocket.local_display : Stopping socket client
2016-06-24 22:00:18,130 : INFO : Machine : Shutting down...
2016-06-24 22:00:18,130 : DEBUG : Events : ^^^^ Posted event 'shutdown'. Type: None, Callback: None, Args: {}
2016-06-24 22:00:18,130 : DEBUG : Events : ============== EVENTS QUEUE =============
2016-06-24 22:00:18,130 : DEBUG : Events : shutdown, None, None, {}
2016-06-24 22:00:18,131 : DEBUG : Events : =========================================
2016-06-24 22:00:18,131 : DEBUG : Events : ^^^^ Processing event 'shutdown'. Type: None, Callback: None, Args: {}
2016-06-24 22:00:18,131 : DEBUG : Events : MachineController.power_off (priority: 1) responding to event 'shutdown' with args {}
2016-06-24 22:00:18,131 : DEBUG : Events : vvvv Finished event 'shutdown'. Type: None. Callback: None. Args: {}
2016-06-24 22:00:18,150 : INFO : Machine : Shutting down...
2016-06-24 22:00:18,150 : DEBUG : Events : ^^^^ Posted event 'shutdown'. Type: None, Callback: None, Args: {}
2016-06-24 22:00:18,150 : DEBUG : Events : ============== EVENTS QUEUE =============
2016-06-24 22:00:18,150 : DEBUG : Events : shutdown, None, None, {}
2016-06-24 22:00:18,150 : DEBUG : Events : =========================================
2016-06-24 22:00:18,151 : DEBUG : Events : ^^^^ Processing event 'shutdown'. Type: None, Callback: None, Args: {}
2016-06-24 22:00:18,151 : DEBUG : Events : MachineController.power_off (priority: 1) responding to event 'shutdown' with args {}
2016-06-24 22:00:18,151 : DEBUG : Events : vvvv Finished event 'shutdown'. Type: None. Callback: None. Args: {}
2016-06-24 22:00:18,151 : INFO : Machine : Actual MPF loop rate: 30.0 Hz
2016-06-24 22:00:18,151 : INFO : root : MPF run loop ended.
