2016-06-25 17:39:29,883 : INFO : Machine : Mission Pinball Framework Core Engine v0.30.0.dev1813
2016-06-25 17:39:29,884 : DEBUG : Machine : Command line arguments: {'logfile': 'logs/2016-06-25-17-39-29-mpf-brian-coxs-computer.local.log', 'bcp': True, 'consoleloglevel': True, 'mpfconfigfile': '/Applications/MPF.app/Contents/Frameworks/python/3.5.0/lib/python3.5/site-packages/mpf/mpfconfig.yaml', 'loglevel': 10, 'no_load_cache': False, 'configfile': ['config'], 'create_config_cache': True, 'pause': False, 'force_platform': 'virtual'}
2016-06-25 17:39:29,884 : DEBUG : Machine : MPF path: /Applications/MPF.app/Contents/Frameworks/python/3.5.0/lib/python3.5/site-packages/mpf
2016-06-25 17:39:29,884 : INFO : Machine : Machine path: /Users/briancox/Dropbox (TML Team)/FAST_MPF_Template
2016-06-25 17:39:29,884 : DEBUG : Machine : Command line arguments: {'logfile': 'logs/2016-06-25-17-39-29-mpf-brian-coxs-computer.local.log', 'bcp': True, 'consoleloglevel': True, 'mpfconfigfile': '/Applications/MPF.app/Contents/Frameworks/python/3.5.0/lib/python3.5/site-packages/mpf/mpfconfig.yaml', 'loglevel': 10, 'no_load_cache': False, 'configfile': ['config'], 'create_config_cache': True, 'pause': False, 'force_platform': 'virtual'}
2016-06-25 17:39:29,884 : DEBUG : Machine : Python version: 3.5.0
2016-06-25 17:39:29,884 : DEBUG : Machine : Platform: darwin
2016-06-25 17:39:29,884 : DEBUG : Machine : Python executable location: /Applications/MPF.app/Contents/Resources/python
2016-06-25 17:39:29,884 : DEBUG : Machine : 32-bit Python? False
2016-06-25 17:39:29,885 : DEBUG : Machine : Machine path: /Users/briancox/Dropbox (TML Team)/FAST_MPF_Template
2016-06-25 17:39:30,082 : INFO : Machine : Loading cached config: /var/folders/nb/9g942vk576j38jt7sff28hww0000gn/T/8395150cf64420e2148de0e633d70396config
2016-06-25 17:39:30,084 : DEBUG : Clock : Starting clock (maximum frames per second=30.0)
2016-06-25 17:39:30,085 : INFO : Machine : Starting clock at 30.0Hz
2016-06-25 17:39:30,085 : DEBUG : Clock : Scheduled a recurring clock callback (callback=<bound method MachineController._check_crash_queue of <mpf.core.machine.MachineController object at 0x10e985b38>>, timeout=1, priority=1)
2016-06-25 17:39:30,095 : DEBUG : Virtual Platform : Configuring virtual hardware interface.
2016-06-25 17:39:30,095 : DEBUG : Machine : Setting default platform to 'virtual'
2016-06-25 17:39:30,095 : DEBUG : Machine : Loading core modules...
2016-06-25 17:39:30,095 : DEBUG : Machine : Loading 'mpf.core.events.EventManager' core module
2016-06-25 17:39:30,095 : DEBUG : Machine : Loading 'mpf.core.mode_controller.ModeController' core module
2016-06-25 17:39:30,097 : DEBUG : Events : Registered ModeController._load_modes as a handler for 'init_phase_2', priority: 1, kwargs: {}
2016-06-25 17:39:30,097 : DEBUG : Events : Registered ModeController._ball_ending as a handler for 'ball_ending', priority: 0, kwargs: {}
2016-06-25 17:39:30,097 : DEBUG : Events : Registered ModeController._ball_starting as a handler for 'ball_starting', priority: 0, kwargs: {}
2016-06-25 17:39:30,097 : DEBUG : Events : Registered ModeController._player_added as a handler for 'player_add_success', priority: 0, kwargs: {}
2016-06-25 17:39:30,097 : DEBUG : Events : Registered ModeController._player_turn_start as a handler for 'player_turn_start', priority: 1000000, kwargs: {}
2016-06-25 17:39:30,097 : DEBUG : Events : Registered ModeController._player_turn_stop as a handler for 'player_turn_stop', priority: 1000000, kwargs: {}
2016-06-25 17:39:30,098 : DEBUG : Machine : Loading 'mpf.core.config_processor.ConfigProcessor' core module
2016-06-25 17:39:30,098 : DEBUG : Machine : Loading 'mpf.core.shot_profile_manager.ShotProfileManager' core module
2016-06-25 17:39:30,099 : DEBUG : ShotProfileManager : Registering Shot Profile: 'default'
2016-06-25 17:39:30,099 : DEBUG : ShotProfileManager : Processed 'default' profile configuration: {'show': None, 'loop': False, 'states': [{'key': None, 'action': 'play', 'loops': -1, 'priority': 0, 'start_step': 1, 'show': 'off', 'name': 'unlit', 'show_tokens': {}, 'sync_ms': 0, 'reset': True, 'manual_advance': False, 'speed': 1.0}, {'key': None, 'action': 'play', 'loops': -1, 'priority': 0, 'start_step': 1, 'show': 'on', 'name': 'lit', 'show_tokens': {}, 'sync_ms': 0, 'reset': True, 'manual_advance': False, 'speed': 1.0}], 'block': True, 'state_names_to_rotate': [], 'show_when_disabled': False, 'player_variable': '%_default', 'rotation_pattern': deque(['right']), 'state_names_to_not_rotate': [], 'advance_on_hit': True}
2016-06-25 17:39:30,099 : DEBUG : Mode Controller : Registering <bound method ShotProfileManager.mode_start_for_shots of <mpf.core.shot_profile_manager.ShotProfileManager object at 0x10e9e75f8>> as a mode start method. Config section: shots, priority: 0, kwargs: {}
2016-06-25 17:39:30,100 : DEBUG : Mode Controller : Registering <bound method ShotProfileManager.mode_start_for_shot_groups of <mpf.core.shot_profile_manager.ShotProfileManager object at 0x10e9e75f8>> as a mode start method. Config section: shot_groups, priority: 0, kwargs: {}
2016-06-25 17:39:30,100 : DEBUG : Events : Registered ShotProfileManager._player_turn_start as a handler for 'player_turn_start', priority: 1000000, kwargs: {}
2016-06-25 17:39:30,100 : DEBUG : Events : Registered ShotProfileManager._player_turn_stop as a handler for 'player_turn_stop', priority: 0, kwargs: {}
2016-06-25 17:39:30,100 : DEBUG : Machine : Loading 'mpf.core.device_manager.DeviceManager' core module
2016-06-25 17:39:30,100 : DEBUG : Events : Registered DeviceManager._load_device_modules as a handler for 'init_phase_1', priority: 1, kwargs: {}
2016-06-25 17:39:30,100 : DEBUG : Events : Registered DeviceManager.create_machinewide_device_control_events as a handler for 'init_phase_2', priority: 1, kwargs: {}
2016-06-25 17:39:30,100 : DEBUG : Events : Registered DeviceManager.create_collection_control_events as a handler for 'init_phase_2', priority: 1, kwargs: {}
2016-06-25 17:39:30,100 : DEBUG : Machine : Loading 'mpf.core.switch_controller.SwitchController' core module
2016-06-25 17:39:30,101 : DEBUG : Clock : Scheduled a recurring clock callback (callback=<bound method SwitchController._tick of <mpf.core.switch_controller.SwitchController object at 0x10e9ee240>>, timeout=0, priority=1000)
2016-06-25 17:39:30,101 : DEBUG : Events : Registered SwitchController._initialize_switches as a handler for 'init_phase_2', priority: 1000, kwargs: {}
2016-06-25 17:39:30,102 : DEBUG : Events : Registered SwitchController.log_active_switches as a handler for 'machine_reset_phase_3', priority: 1, kwargs: {}
2016-06-25 17:39:30,102 : DEBUG : Machine : Loading 'mpf.core.ball_controller.BallController' core module
2016-06-25 17:39:30,103 : DEBUG : BallController : Loading the BallController
2016-06-25 17:39:30,103 : DEBUG : Events : Registered BallController.request_to_start_game as a handler for 'request_to_start_game', priority: 1, kwargs: {}
2016-06-25 17:39:30,103 : DEBUG : Events : Registered BallController._initialize as a handler for 'machine_reset_phase_2', priority: 1, kwargs: {}
2016-06-25 17:39:30,103 : DEBUG : Events : Registered BallController._init2 as a handler for 'init_phase_2', priority: 1, kwargs: {}
2016-06-25 17:39:30,103 : DEBUG : Machine : Loading 'mpf.core.assets.AssetManager' core module
2016-06-25 17:39:30,105 : DEBUG : AssetManager : Initializing...
2016-06-25 17:39:30,105 : DEBUG : Mode Controller : Registering <bound method AssetManager._load_mode_assets of <mpf.core.assets.AssetManager object at 0x10e9eeda0>> as a mode start method. Config section: None, priority: 0, kwargs: {}
2016-06-25 17:39:30,105 : DEBUG : Events : Registered AssetManager._create_assets as a handler for 'init_phase_3', priority: 1, kwargs: {}
2016-06-25 17:39:30,105 : DEBUG : Events : Registered AssetManager._bcp_client_asset_load as a handler for 'assets_to_load', priority: 1, kwargs: {}
2016-06-25 17:39:30,105 : DEBUG : Machine : Loading 'mpf.core.show_controller.ShowController' core module
2016-06-25 17:39:30,109 : DEBUG : Clock : Scheduled a recurring clock callback (callback=<bound method ShowController._tick of <mpf.core.show_controller.ShowController object at 0x10e9f7710>>, timeout=0, priority=1)
2016-06-25 17:39:30,110 : DEBUG : Events : Registered ShowController._initialize as a handler for 'init_phase_3', priority: 1, kwargs: {}
2016-06-25 17:39:30,110 : DEBUG : Machine : Loading 'mpf.core.bcp.BCP' core module
2016-06-25 17:39:30,110 : DEBUG : Events : Registered BCP.bcp_trigger as a handler for 'ball_started', priority: 1, kwargs: {'name': 'ball_started'}
2016-06-25 17:39:30,110 : DEBUG : Events : Registered BCP.bcp_trigger as a handler for 'ball_ended', priority: 1, kwargs: {'name': 'ball_ended'}
2016-06-25 17:39:30,110 : DEBUG : Events : Registered BCP.bcp_trigger as a handler for 'player_add_success', priority: 1, kwargs: {'name': 'player_add_success'}
2016-06-25 17:39:30,110 : DEBUG : Events : Registered BCP._bcp_event_callback as a handler for 'clear', priority: 1, kwargs: {'params': {'key': '%key', 'name': 'clear'}, 'command': 'trigger'}
2016-06-25 17:39:30,110 : DEBUG : Events : Registered BCP._bcp_event_callback as a handler for 'player_turn_start', priority: 1, kwargs: {'params': {'player_num': '%number'}, 'command': 'player_turn_start'}
2016-06-25 17:39:30,111 : DEBUG : Events : Registered BCP.bcp_trigger as a handler for 'player_score', priority: 1, kwargs: {'name': 'player_score'}
2016-06-25 17:39:30,111 : DEBUG : Events : Registered BCP._setup_dmds as a handler for 'init_phase_1', priority: 1, kwargs: {}
2016-06-25 17:39:30,111 : DEBUG : Events : Registered BCP._setup_bcp_connections as a handler for 'init_done', priority: 1, kwargs: {}
2016-06-25 17:39:30,111 : DEBUG : Clock : Scheduled a recurring clock callback (callback=<bound method BCP.get_bcp_messages of <BCP Module>>, timeout=0, priority=1)
2016-06-25 17:39:30,111 : DEBUG : Events : Registered BCP.bcp_player_added as a handler for 'player_add_success', priority: 1, kwargs: {}
2016-06-25 17:39:30,111 : DEBUG : Events : Registered BCP.bcp_reset as a handler for 'machine_reset_phase_1', priority: 1, kwargs: {}
2016-06-25 17:39:30,111 : DEBUG : Events : Registered BCP.increase_volume as a handler for 'increase_volume', priority: 1, kwargs: {}
2016-06-25 17:39:30,111 : DEBUG : Events : Registered BCP.decrease_volume as a handler for 'decrease_volume', priority: 1, kwargs: {}
2016-06-25 17:39:30,112 : DEBUG : Events : Registered BCP.enable_volume_keys as a handler for 'enable_volume_keys', priority: 1, kwargs: {}
2016-06-25 17:39:30,112 : DEBUG : Events : Registered BCP.disable_volume_keys as a handler for 'disable_volume_keys', priority: 1, kwargs: {}
2016-06-25 17:39:30,112 : DEBUG : Events : Registered BCP.get_led_coordinates as a handler for 'bcp_get_led_coordinates', priority: 1, kwargs: {}
2016-06-25 17:39:30,112 : DEBUG : Mode Controller : Registering <bound method BCP.bcp_mode_start of <BCP Module>> as a mode start method. Config section: mode, priority: 0, kwargs: {}
2016-06-25 17:39:30,112 : DEBUG : Machine : Loading 'mpf.core.logic_blocks.LogicBlocks' core module
2016-06-25 17:39:30,114 : DEBUG : Mode Controller : Registering <bound method LogicBlocks._process_config of <mpf.core.logic_blocks.LogicBlocks object at 0x10e9ffd68>> as a mode start method. Config section: logic_blocks, priority: 0, kwargs: {}
2016-06-25 17:39:30,114 : DEBUG : Events : Registered LogicBlocks._create_player_logic_blocks as a handler for 'player_add_success', priority: 1, kwargs: {}
2016-06-25 17:39:30,114 : DEBUG : Events : Registered LogicBlocks.player_turn_start as a handler for 'player_turn_start', priority: 1, kwargs: {}
2016-06-25 17:39:30,114 : DEBUG : Events : Registered LogicBlocks.player_turn_stop as a handler for 'player_turn_stop', priority: 1, kwargs: {}
2016-06-25 17:39:30,114 : DEBUG : Machine : Loading 'mpf.core.scoring.ScoreController' core module
2016-06-25 17:39:30,115 : DEBUG : Score : Loading the Score Controller
2016-06-25 17:39:30,115 : DEBUG : Mode Controller : Registering <bound method ScoreController.mode_start of <mpf.core.scoring.ScoreController object at 0x10ea05908>> as a mode start method. Config section: scoring, priority: 0, kwargs: {}
2016-06-25 17:39:30,117 : DEBUG : Events : Registered ConfigPlayer._initialize as a handler for 'init_phase_1', priority: 1, kwargs: {}
2016-06-25 17:39:30,118 : DEBUG : Events : Registered ConfigPlayer._initialize as a handler for 'init_phase_1', priority: 1, kwargs: {}
2016-06-25 17:39:30,119 : DEBUG : Events : Registered ConfigPlayer._initialize as a handler for 'init_phase_1', priority: 1, kwargs: {}
2016-06-25 17:39:30,119 : DEBUG : Events : Registered ConfigPlayer._initialize as a handler for 'init_phase_1', priority: 1, kwargs: {}
2016-06-25 17:39:30,120 : DEBUG : Events : Registered ConfigPlayer._initialize as a handler for 'init_phase_1', priority: 1, kwargs: {}
2016-06-25 17:39:30,121 : DEBUG : Events : Registered ConfigPlayer._initialize as a handler for 'init_phase_1', priority: 1, kwargs: {}
2016-06-25 17:39:30,122 : DEBUG : Events : Registered ConfigPlayer._initialize as a handler for 'init_phase_1', priority: 1, kwargs: {}
2016-06-25 17:39:30,123 : DEBUG : Events : Registered ConfigPlayer._initialize as a handler for 'init_phase_1', priority: 1, kwargs: {}
2016-06-25 17:39:30,123 : DEBUG : Events : Registered ConfigPlayer._initialize as a handler for 'init_phase_1', priority: 1, kwargs: {}
2016-06-25 17:39:30,123 : DEBUG : Machine : Registering Plugin Config Players
2016-06-25 17:39:30,124 : DEBUG : Machine : Registering slide_player = mpfmc.config_players.slide_player:register_with_mpf
2016-06-25 17:39:30,126 : DEBUG : Events : Registered ConfigPlayer._initialize as a handler for 'init_phase_1', priority: 1, kwargs: {}
2016-06-25 17:39:30,127 : DEBUG : Machine : Registering sound_player = mpfmc.config_players.sound_player:register_with_mpf
2016-06-25 17:39:30,128 : DEBUG : Events : Registered ConfigPlayer._initialize as a handler for 'init_phase_1', priority: 1, kwargs: {}
2016-06-25 17:39:30,128 : DEBUG : Machine : Registering widget_player = mpfmc.config_players.widget_player:register_with_mpf
2016-06-25 17:39:30,129 : DEBUG : Events : Registered ConfigPlayer._initialize as a handler for 'init_phase_1', priority: 1, kwargs: {}
2016-06-25 17:39:30,129 : DEBUG : Events : Registered MachineController.power_off as a handler for 'shutdown', priority: 1, kwargs: {}
2016-06-25 17:39:30,129 : DEBUG : Events : Registered MachineController.power_off as a handler for 'sw_shutdown', priority: 1, kwargs: {}
2016-06-25 17:39:30,129 : DEBUG : Events : Registered MachineController.stop as a handler for 'quit', priority: 1, kwargs: {}
2016-06-25 17:39:30,129 : DEBUG : Events : Registered MachineController.stop as a handler for 'sw_quit', priority: 1, kwargs: {}
2016-06-25 17:39:30,129 : DEBUG : DataInterface : Loading machine_vars from /Users/briancox/Dropbox (TML Team)/FAST_MPF_Template/data/machine_vars.yaml
2016-06-25 17:39:30,129 : DEBUG : YAML File Interface : Loading file: /Users/briancox/Dropbox (TML Team)/FAST_MPF_Template/data/machine_vars.yaml
2016-06-25 17:39:30,131 : DEBUG : Machine : Setting machine_var 'player1_score' to: 0, (prior: 0, change: 0)
2016-06-25 17:39:30,131 : DEBUG : Events : ^^^^ Posted event 'machine_var_player1_score'. Type: None, Callback: None, Args: {'prev_value': 0, 'value': 0, 'change': 0}
2016-06-25 17:39:30,131 : DEBUG : Events : ============== EVENTS QUEUE =============
2016-06-25 17:39:30,131 : DEBUG : Events : machine_var_player1_score, None, None, {'prev_value': 0, 'value': 0, 'change': 0}
2016-06-25 17:39:30,131 : DEBUG : Events : =========================================
2016-06-25 17:39:30,131 : DEBUG : Events : ^^^^ Posted event 'init_phase_1'. Type: None, Callback: None, Args: {}
2016-06-25 17:39:30,131 : DEBUG : Events : ============== EVENTS QUEUE =============
2016-06-25 17:39:30,132 : DEBUG : Events : machine_var_player1_score, None, None, {'prev_value': 0, 'value': 0, 'change': 0}
2016-06-25 17:39:30,132 : DEBUG : Events : init_phase_1, None, None, {}
2016-06-25 17:39:30,132 : DEBUG : Events : =========================================
2016-06-25 17:39:30,132 : DEBUG : Events : ^^^^ Processing event 'machine_var_player1_score'. Type: None, Callback: None, Args: {'prev_value': 0, 'value': 0, 'change': 0}
2016-06-25 17:39:30,132 : DEBUG : Events : vvvv Finished event 'machine_var_player1_score'. Type: None. Callback: None. Args: {'prev_value': 0, 'value': 0, 'change': 0}
2016-06-25 17:39:30,132 : DEBUG : Events : ^^^^ Processing event 'init_phase_1'. Type: None, Callback: None, Args: {}
2016-06-25 17:39:30,132 : DEBUG : Events : DeviceManager._load_device_modules (priority: 1) responding to event 'init_phase_1' with args {}
2016-06-25 17:39:30,132 : DEBUG : DeviceManager : Loading devices...
2016-06-25 17:39:30,143 : DEBUG : Events : Registered BallSearch.request_to_start_game as a handler for 'request_to_start_game', priority: 1, kwargs: {}
2016-06-25 17:39:30,192 : DEBUG : SwitchController : Registering switch handler: s_trough_1, <bound method BallDevice._switch_changed of <ball_device.trough>>, state: 1, ms: 500, info: False, cb_kwargs: {}
2016-06-25 17:39:30,192 : DEBUG : SwitchController : Registering switch handler: s_trough_2, <bound method BallDevice._switch_changed of <ball_device.trough>>, state: 1, ms: 500, info: False, cb_kwargs: {}
2016-06-25 17:39:30,192 : DEBUG : SwitchController : Registering switch handler: s_trough_3, <bound method BallDevice._switch_changed of <ball_device.trough>>, state: 1, ms: 500, info: False, cb_kwargs: {}
2016-06-25 17:39:30,192 : DEBUG : SwitchController : Registering switch handler: s_trough_4, <bound method BallDevice._switch_changed of <ball_device.trough>>, state: 1, ms: 500, info: False, cb_kwargs: {}
2016-06-25 17:39:30,192 : DEBUG : SwitchController : Registering switch handler: s_trough_5, <bound method BallDevice._switch_changed of <ball_device.trough>>, state: 1, ms: 500, info: False, cb_kwargs: {}
2016-06-25 17:39:30,193 : DEBUG : SwitchController : Registering switch handler: s_trough_6, <bound method BallDevice._switch_changed of <ball_device.trough>>, state: 1, ms: 500, info: False, cb_kwargs: {}
2016-06-25 17:39:30,193 : DEBUG : SwitchController : Registering switch handler: s_trough_jam, <bound method BallDevice._switch_changed of <ball_device.trough>>, state: 1, ms: 500, info: False, cb_kwargs: {}
2016-06-25 17:39:30,193 : DEBUG : SwitchController : Registering switch handler: s_trough_1, <bound method BallDevice._switch_changed of <ball_device.trough>>, state: 0, ms: 500, info: False, cb_kwargs: {}
2016-06-25 17:39:30,193 : DEBUG : SwitchController : Registering switch handler: s_trough_2, <bound method BallDevice._switch_changed of <ball_device.trough>>, state: 0, ms: 500, info: False, cb_kwargs: {}
2016-06-25 17:39:30,193 : DEBUG : SwitchController : Registering switch handler: s_trough_3, <bound method BallDevice._switch_changed of <ball_device.trough>>, state: 0, ms: 500, info: False, cb_kwargs: {}
2016-06-25 17:39:30,193 : DEBUG : SwitchController : Registering switch handler: s_trough_4, <bound method BallDevice._switch_changed of <ball_device.trough>>, state: 0, ms: 500, info: False, cb_kwargs: {}
2016-06-25 17:39:30,193 : DEBUG : SwitchController : Registering switch handler: s_trough_5, <bound method BallDevice._switch_changed of <ball_device.trough>>, state: 0, ms: 500, info: False, cb_kwargs: {}
2016-06-25 17:39:30,193 : DEBUG : SwitchController : Registering switch handler: s_trough_6, <bound method BallDevice._switch_changed of <ball_device.trough>>, state: 0, ms: 500, info: False, cb_kwargs: {}
2016-06-25 17:39:30,193 : DEBUG : SwitchController : Registering switch handler: s_trough_jam, <bound method BallDevice._switch_changed of <ball_device.trough>>, state: 0, ms: 500, info: False, cb_kwargs: {}
2016-06-25 17:39:30,193 : DEBUG : Events : Registered BallDevice._target_ready as a handler for 'balldevice_plunger_lane_ok_to_receive', priority: 1, kwargs: {'target': <ball_device.plunger_lane>}
2016-06-25 17:39:30,194 : DEBUG : Events : Registered BallDevice._initialize_phase_4 as a handler for 'init_phase_4', priority: 1, kwargs: {}
2016-06-25 17:39:30,194 : DEBUG : SwitchController : Registering switch handler: s_plunger_lane, <bound method BallDevice._switch_changed of <ball_device.plunger_lane>>, state: 1, ms: 500, info: False, cb_kwargs: {}
2016-06-25 17:39:30,194 : DEBUG : SwitchController : Registering switch handler: s_plunger_lane, <bound method BallDevice._switch_changed of <ball_device.plunger_lane>>, state: 0, ms: 500, info: False, cb_kwargs: {}
2016-06-25 17:39:30,194 : DEBUG : Events : Registered BallDevice._target_ready as a handler for 'balldevice_playfield_ok_to_receive', priority: 1, kwargs: {'target': <playfield.playfield>}
2016-06-25 17:39:30,194 : DEBUG : Events : Registered BallDevice._source_device_eject_failed as a handler for 'balldevice_trough_ball_eject_failed', priority: 1, kwargs: {}
2016-06-25 17:39:30,194 : DEBUG : Events : Registered BallDevice._source_device_eject_attempt as a handler for 'balldevice_trough_ball_eject_attempt', priority: 1, kwargs: {}
2016-06-25 17:39:30,194 : DEBUG : Events : Registered BallDevice._source_device_ball_lost as a handler for 'balldevice_trough_ball_lost', priority: 1, kwargs: {}
2016-06-25 17:39:30,194 : DEBUG : Events : Registered BallDevice._source_device_balls_available as a handler for 'balldevice_balls_available', priority: 1, kwargs: {}
2016-06-25 17:39:30,194 : DEBUG : Events : Registered BallDevice._initialize_phase_4 as a handler for 'init_phase_4', priority: 1, kwargs: {}
2016-06-25 17:39:30,195 : DEBUG : Events : Registered Playfield._source_device_eject_success as a handler for 'balldevice_plunger_lane_ball_eject_success', priority: 1, kwargs: {}
2016-06-25 17:39:30,195 : DEBUG : Events : Registered Playfield._source_device_ball_lost as a handler for 'balldevice_plunger_lane_ball_lost', priority: 1, kwargs: {}
2016-06-25 17:39:30,195 : DEBUG : Events : Registered Playfield._source_device_eject_failed as a handler for 'balldevice_plunger_lane_ball_eject_failed', priority: 1, kwargs: {}
2016-06-25 17:39:30,195 : DEBUG : Events : Registered Playfield._source_device_eject_attempt as a handler for 'balldevice_plunger_lane_ball_eject_attempt', priority: 1, kwargs: {}
2016-06-25 17:39:30,195 : DEBUG : Events : Registered Playfield._ball_removed_handler as a handler for 'balldevice_captured_from_playfield', priority: 1, kwargs: {}
2016-06-25 17:39:30,195 : DEBUG : Events : Registered Playfield._playfield_switch_hit as a handler for 'sw_playfield_active', priority: 1, kwargs: {}
2016-06-25 17:39:30,196 : DEBUG : Events : BCP._setup_dmds (priority: 1) responding to event 'init_phase_1' with args {}
2016-06-25 17:39:30,196 : DEBUG : Events : ConfigPlayer._initialize (priority: 1) responding to event 'init_phase_1' with args {}
2016-06-25 17:39:30,196 : DEBUG : Mode Controller : Registering <bound method ConfigPlayer.mode_start of ConfigPlayer.events> as a mode start method. Config section: event_player, priority: 0, kwargs: {}
2016-06-25 17:39:30,196 : DEBUG : Events : ConfigPlayer._initialize (priority: 1) responding to event 'init_phase_1' with args {}
2016-06-25 17:39:30,196 : DEBUG : Mode Controller : Registering <bound method ConfigPlayer.mode_start of ConfigPlayer.shows> as a mode start method. Config section: show_player, priority: 0, kwargs: {}
2016-06-25 17:39:30,197 : DEBUG : Events : ConfigPlayer._initialize (priority: 1) responding to event 'init_phase_1' with args {}
2016-06-25 17:39:30,197 : DEBUG : Mode Controller : Registering <bound method ConfigPlayer.mode_start of ConfigPlayer.coils> as a mode start method. Config section: coil_player, priority: 0, kwargs: {}
2016-06-25 17:39:30,197 : DEBUG : Events : ConfigPlayer._initialize (priority: 1) responding to event 'init_phase_1' with args {}
2016-06-25 17:39:30,197 : DEBUG : Mode Controller : Registering <bound method ConfigPlayer.mode_start of ConfigPlayer.leds> as a mode start method. Config section: led_player, priority: 0, kwargs: {}
2016-06-25 17:39:30,197 : DEBUG : Events : ConfigPlayer._initialize (priority: 1) responding to event 'init_phase_1' with args {}
2016-06-25 17:39:30,197 : DEBUG : Mode Controller : Registering <bound method ConfigPlayer.mode_start of ConfigPlayer.flashers> as a mode start method. Config section: flasher_player, priority: 0, kwargs: {}
2016-06-25 17:39:30,197 : DEBUG : Events : ConfigPlayer._initialize (priority: 1) responding to event 'init_phase_1' with args {}
2016-06-25 17:39:30,197 : DEBUG : Mode Controller : Registering <bound method ConfigPlayer.mode_start of ConfigPlayer.lights> as a mode start method. Config section: light_player, priority: 0, kwargs: {}
2016-06-25 17:39:30,197 : DEBUG : Events : ConfigPlayer._initialize (priority: 1) responding to event 'init_phase_1' with args {}
2016-06-25 17:39:30,197 : DEBUG : Mode Controller : Registering <bound method ConfigPlayer.mode_start of ConfigPlayer.gis> as a mode start method. Config section: gi_player, priority: 0, kwargs: {}
2016-06-25 17:39:30,197 : DEBUG : Events : ConfigPlayer._initialize (priority: 1) responding to event 'init_phase_1' with args {}
2016-06-25 17:39:30,197 : DEBUG : Mode Controller : Registering <bound method ConfigPlayer.mode_start of ConfigPlayer.random_events> as a mode start method. Config section: random_event_player, priority: 0, kwargs: {}
2016-06-25 17:39:30,197 : DEBUG : Events : ConfigPlayer._initialize (priority: 1) responding to event 'init_phase_1' with args {}
2016-06-25 17:39:30,197 : DEBUG : Mode Controller : Registering <bound method ConfigPlayer.mode_start of ConfigPlayer.triggers> as a mode start method. Config section: trigger_player, priority: 0, kwargs: {}
2016-06-25 17:39:30,198 : DEBUG : Events : ConfigPlayer._initialize (priority: 1) responding to event 'init_phase_1' with args {}
2016-06-25 17:39:30,198 : DEBUG : Mode Controller : Registering <bound method ConfigPlayer.mode_start of PluginPlayer.slides> as a mode start method. Config section: slide_player, priority: 0, kwargs: {}
2016-06-25 17:39:30,198 : DEBUG : Events : Registered BCP.bcp_trigger as a handler for 'mc_ready', priority: 1, kwargs: {'name': 'mc_ready'}
2016-06-25 17:39:30,198 : DEBUG : Events : ConfigPlayer._initialize (priority: 1) responding to event 'init_phase_1' with args {}
2016-06-25 17:39:30,198 : DEBUG : Mode Controller : Registering <bound method ConfigPlayer.mode_start of PluginPlayer.sounds> as a mode start method. Config section: sound_player, priority: 0, kwargs: {}
2016-06-25 17:39:30,198 : DEBUG : Events : ConfigPlayer._initialize (priority: 1) responding to event 'init_phase_1' with args {}
2016-06-25 17:39:30,198 : DEBUG : Mode Controller : Registering <bound method ConfigPlayer.mode_start of PluginPlayer.widgets> as a mode start method. Config section: widget_player, priority: 0, kwargs: {}
2016-06-25 17:39:30,198 : DEBUG : Events : vvvv Finished event 'init_phase_1'. Type: None. Callback: None. Args: {}
2016-06-25 17:39:30,198 : DEBUG : Events : ^^^^ Posted event 'init_phase_2'. Type: None, Callback: None, Args: {}
2016-06-25 17:39:30,198 : DEBUG : Events : ============== EVENTS QUEUE =============
2016-06-25 17:39:30,198 : DEBUG : Events : init_phase_2, None, None, {}
2016-06-25 17:39:30,198 : DEBUG : Events : =========================================
2016-06-25 17:39:30,198 : DEBUG : Events : ^^^^ Processing event 'init_phase_2'. Type: None, Callback: None, Args: {}
2016-06-25 17:39:30,199 : DEBUG : Events : SwitchController._initialize_switches (priority: 1000) responding to event 'init_phase_2' with args {}
2016-06-25 17:39:30,199 : DEBUG : Events : ModeController._load_modes (priority: 1) responding to event 'init_phase_2' with args {}
2016-06-25 17:39:30,199 : DEBUG : Mode Controller : Found MPF Mode folders: {'game': 'game', 'attract': 'attract', 'carousel': 'carousel', 'high_score': 'high_score', 'tilt': 'tilt', 'bonus': 'bonus', 'credits': 'credits'}
2016-06-25 17:39:30,199 : DEBUG : Mode Controller : Found Machine-specific Mode folders: {'base': 'Base', 'attract': 'attract', 'ball_save': 'Ball_Save'}
2016-06-25 17:39:30,199 : DEBUG : Mode Controller : Processing mode: base
2016-06-25 17:39:30,199 : DEBUG : YAML File Interface : Loading file: /Users/briancox/Dropbox (TML Team)/FAST_MPF_Template/modes/Base/config/Base.yaml
2016-06-25 17:39:30,204 : DEBUG : Mode Controller : Loading config from /Users/briancox/Dropbox (TML Team)/FAST_MPF_Template/modes/Base/config/Base.yaml
2016-06-25 17:39:30,204 : DEBUG : Mode.base : Scanning config for mode-based devices
2016-06-25 17:39:30,204 : DEBUG : Events : Registered Mode.start as a handler for 'ball_starting', priority: 100, kwargs: {}
2016-06-25 17:39:30,204 : DEBUG : Mode Controller : Loaded default Mode() class code.
2016-06-25 17:39:30,204 : DEBUG : Mode Controller : Processing mode: game
2016-06-25 17:39:30,205 : DEBUG : YAML File Interface : Loading file: /Applications/MPF.app/Contents/Frameworks/python/3.5.0/lib/python3.5/site-packages/mpf/modes/game/config/game.yaml
2016-06-25 17:39:30,206 : DEBUG : Mode Controller : Loading config from /Applications/MPF.app/Contents/Frameworks/python/3.5.0/lib/python3.5/site-packages/mpf/modes/game/config/game.yaml
2016-06-25 17:39:30,206 : DEBUG : Mode.game : Scanning config for mode-based devices
2016-06-25 17:39:30,206 : DEBUG : Events : Registered Mode.start as a handler for 'game_start', priority: 20, kwargs: {}
2016-06-25 17:39:30,206 : DEBUG : Mode Controller : Loaded code from mpf.modes.game.code.game
2016-06-25 17:39:30,206 : DEBUG : Mode Controller : Processing mode: attract
2016-06-25 17:39:30,207 : DEBUG : YAML File Interface : Loading file: /Applications/MPF.app/Contents/Frameworks/python/3.5.0/lib/python3.5/site-packages/mpf/modes/attract/config/attract.yaml
2016-06-25 17:39:30,208 : DEBUG : Mode Controller : Loading config from /Applications/MPF.app/Contents/Frameworks/python/3.5.0/lib/python3.5/site-packages/mpf/modes/attract/config/attract.yaml
2016-06-25 17:39:30,208 : DEBUG : YAML File Interface : Loading file: /Users/briancox/Dropbox (TML Team)/FAST_MPF_Template/modes/attract/config/attract.yaml
2016-06-25 17:39:30,211 : DEBUG : Mode Controller : Loading config from /Users/briancox/Dropbox (TML Team)/FAST_MPF_Template/modes/attract/config/attract.yaml
2016-06-25 17:39:30,214 : DEBUG : Mode.attract : Scanning config for mode-based devices
2016-06-25 17:39:30,215 : DEBUG : Events : Registered Mode.start as a handler for 'game_ended', priority: 10000, kwargs: {}
2016-06-25 17:39:30,215 : DEBUG : Events : Registered Mode.start as a handler for 'reset_complete', priority: 10000, kwargs: {}
2016-06-25 17:39:30,215 : DEBUG : Mode Controller : Loaded code from mpf.modes.attract.code.attract
2016-06-25 17:39:30,215 : DEBUG : Mode Controller : Processing mode: ball_save
2016-06-25 17:39:30,215 : DEBUG : YAML File Interface : Loading file: /Users/briancox/Dropbox (TML Team)/FAST_MPF_Template/modes/Ball_Save/config/Ball_Save.yaml
2016-06-25 17:39:30,222 : DEBUG : Mode Controller : Loading config from /Users/briancox/Dropbox (TML Team)/FAST_MPF_Template/modes/Ball_Save/config/Ball_Save.yaml
2016-06-25 17:39:30,222 : DEBUG : Mode.ball_save : Scanning config for mode-based devices
2016-06-25 17:39:30,222 : DEBUG : Mode.ball_save : Creating mode-based device: default
2016-06-25 17:39:30,223 : DEBUG : ball_save.default : Enabling debug logging
2016-06-25 17:39:30,223 : DEBUG : ball_save.default : Configuring device with settings: '{'balls_to_save': 1, 'auto_launch': True, 'enable_events': {'mode_base_started': 0}, 'source_playfield': <playfield.playfield>, 'label': '%', 'tags': [], 'debug': True, 'active_time': 5000, 'disable_events': {'ball_ending': 0}, 'timer_start_events': {'balldevice_bd_plunger_ball_eject_success': 0}, 'grace_period': 2000, 'hurry_up_time': 2000}'
2016-06-25 17:39:30,223 : DEBUG : Events : Registered Mode.start as a handler for 'ball_starting', priority: 8500, kwargs: {}
2016-06-25 17:39:30,223 : DEBUG : Mode Controller : Loaded default Mode() class code.
2016-06-25 17:39:30,223 : DEBUG : Events : DeviceManager.create_machinewide_device_control_events (priority: 1) responding to event 'init_phase_2' with args {}
2016-06-25 17:39:30,223 : DEBUG : Events : Registered DeviceManager._control_event_handler as a handler for 'ball_ending', priority: 0, kwargs: {'callback': <bound method AutofireCoil.disable of <autofire.slingshot_left>>, 'ms_delay': 0, 'delay_mgr': <mpf.core.delays.DelayManager object at 0x10e985ba8>}
2016-06-25 17:39:30,223 : DEBUG : Events : Registered DeviceManager._control_event_handler as a handler for 'ball_started', priority: 0, kwargs: {'callback': <bound method AutofireCoil.enable of <autofire.slingshot_left>>, 'ms_delay': 0, 'delay_mgr': <mpf.core.delays.DelayManager object at 0x10e985ba8>}
2016-06-25 17:39:30,224 : DEBUG : Events : Registered DeviceManager._control_event_handler as a handler for 'ball_ending', priority: 0, kwargs: {'callback': <bound method AutofireCoil.disable of <autofire.slingshot_right>>, 'ms_delay': 0, 'delay_mgr': <mpf.core.delays.DelayManager object at 0x10e985ba8>}
2016-06-25 17:39:30,224 : DEBUG : Events : Registered DeviceManager._control_event_handler as a handler for 'ball_started', priority: 0, kwargs: {'callback': <bound method AutofireCoil.enable of <autofire.slingshot_right>>, 'ms_delay': 0, 'delay_mgr': <mpf.core.delays.DelayManager object at 0x10e985ba8>}
2016-06-25 17:39:30,224 : DEBUG : Events : Registered DeviceManager._control_event_handler as a handler for 'ball_ending', priority: 0, kwargs: {'callback': <bound method Flipper.disable of <flipper.right>>, 'ms_delay': 0, 'delay_mgr': <mpf.core.delays.DelayManager object at 0x10e985ba8>}
2016-06-25 17:39:30,224 : DEBUG : Events : Registered DeviceManager._control_event_handler as a handler for 'ball_started', priority: 0, kwargs: {'callback': <bound method Flipper.enable of <flipper.right>>, 'ms_delay': 0, 'delay_mgr': <mpf.core.delays.DelayManager object at 0x10e985ba8>}
2016-06-25 17:39:30,224 : DEBUG : Events : Registered DeviceManager._control_event_handler as a handler for 'ball_ending', priority: 0, kwargs: {'callback': <bound method Flipper.disable of <flipper.left>>, 'ms_delay': 0, 'delay_mgr': <mpf.core.delays.DelayManager object at 0x10e985ba8>}
2016-06-25 17:39:30,224 : DEBUG : Events : Registered DeviceManager._control_event_handler as a handler for 'ball_started', priority: 0, kwargs: {'callback': <bound method Flipper.enable of <flipper.left>>, 'ms_delay': 0, 'delay_mgr': <mpf.core.delays.DelayManager object at 0x10e985ba8>}
2016-06-25 17:39:30,224 : DEBUG : Events : DeviceManager.create_collection_control_events (priority: 1) responding to event 'init_phase_2' with args {}
2016-06-25 17:39:30,224 : DEBUG : Events : Registered DeviceManager._collection_control_event_handler as a handler for 'leds_off', priority: 1, kwargs: {'method': 'off', 'collection': 'leds'}
2016-06-25 17:39:30,225 : DEBUG : Events : Registered DeviceManager._collection_control_event_handler as a handler for 'ball_devices_stop', priority: 1, kwargs: {'method': 'stop', 'collection': 'ball_devices'}
2016-06-25 17:39:30,225 : DEBUG : Events : Registered DeviceManager._collection_control_event_handler as a handler for 'ball_devices_eject_all', priority: 1, kwargs: {'method': 'eject_all', 'collection': 'ball_devices'}
2016-06-25 17:39:30,225 : DEBUG : Events : Registered DeviceManager._collection_control_event_handler as a handler for 'coils_disable', priority: 1, kwargs: {'method': 'disable', 'collection': 'coils'}
2016-06-25 17:39:30,225 : DEBUG : Events : Registered DeviceManager._collection_control_event_handler as a handler for 'autofires_enable', priority: 1, kwargs: {'method': 'enable', 'collection': 'autofires'}
2016-06-25 17:39:30,225 : DEBUG : Events : Registered DeviceManager._collection_control_event_handler as a handler for 'autofires_disable', priority: 1, kwargs: {'method': 'disable', 'collection': 'autofires'}
2016-06-25 17:39:30,225 : DEBUG : Events : Registered DeviceManager._collection_control_event_handler as a handler for 'gi_enable', priority: 1, kwargs: {'method': 'enable', 'collection': 'gi'}
2016-06-25 17:39:30,225 : DEBUG : Events : Registered DeviceManager._collection_control_event_handler as a handler for 'gi_disable', priority: 1, kwargs: {'method': 'disable', 'collection': 'gi'}
2016-06-25 17:39:30,225 : DEBUG : Events : Registered DeviceManager._collection_control_event_handler as a handler for 'flippers_enable', priority: 1, kwargs: {'method': 'enable', 'collection': 'flippers'}
2016-06-25 17:39:30,225 : DEBUG : Events : Registered DeviceManager._collection_control_event_handler as a handler for 'flippers_disable', priority: 1, kwargs: {'method': 'disable', 'collection': 'flippers'}
2016-06-25 17:39:30,225 : DEBUG : Events : Registered DeviceManager._collection_control_event_handler as a handler for 'lights_off', priority: 1, kwargs: {'method': 'off', 'collection': 'lights'}
2016-06-25 17:39:30,225 : DEBUG : Events : BallController._init2 (priority: 1) responding to event 'init_phase_2' with args {}
2016-06-25 17:39:30,225 : DEBUG : SwitchController : Registering switch handler: s_trough_1, <bound method BallController._update_num_balls_known of <mpf.core.ball_controller.BallController object at 0x10e9ee710>>, state: 1, ms: 500, info: False, cb_kwargs: {}
2016-06-25 17:39:30,226 : DEBUG : SwitchController : Registering switch handler: s_trough_1, <bound method BallController._update_num_balls_known of <mpf.core.ball_controller.BallController object at 0x10e9ee710>>, state: 0, ms: 500, info: False, cb_kwargs: {}
2016-06-25 17:39:30,226 : DEBUG : SwitchController : Registering switch handler: s_trough_1, <bound method BallController._correct_playfield_count of <mpf.core.ball_controller.BallController object at 0x10e9ee710>>, state: 1, ms: 500, info: False, cb_kwargs: {}
2016-06-25 17:39:30,226 : DEBUG : SwitchController : Registering switch handler: s_trough_1, <bound method BallController._correct_playfield_count of <mpf.core.ball_controller.BallController object at 0x10e9ee710>>, state: 0, ms: 500, info: False, cb_kwargs: {}
2016-06-25 17:39:30,226 : DEBUG : SwitchController : Registering switch handler: s_trough_2, <bound method BallController._update_num_balls_known of <mpf.core.ball_controller.BallController object at 0x10e9ee710>>, state: 1, ms: 500, info: False, cb_kwargs: {}
2016-06-25 17:39:30,226 : DEBUG : SwitchController : Registering switch handler: s_trough_2, <bound method BallController._update_num_balls_known of <mpf.core.ball_controller.BallController object at 0x10e9ee710>>, state: 0, ms: 500, info: False, cb_kwargs: {}
2016-06-25 17:39:30,226 : DEBUG : SwitchController : Registering switch handler: s_trough_2, <bound method BallController._correct_playfield_count of <mpf.core.ball_controller.BallController object at 0x10e9ee710>>, state: 1, ms: 500, info: False, cb_kwargs: {}
2016-06-25 17:39:30,226 : DEBUG : SwitchController : Registering switch handler: s_trough_2, <bound method BallController._correct_playfield_count of <mpf.core.ball_controller.BallController object at 0x10e9ee710>>, state: 0, ms: 500, info: False, cb_kwargs: {}
2016-06-25 17:39:30,226 : DEBUG : SwitchController : Registering switch handler: s_trough_3, <bound method BallController._update_num_balls_known of <mpf.core.ball_controller.BallController object at 0x10e9ee710>>, state: 1, ms: 500, info: False, cb_kwargs: {}
2016-06-25 17:39:30,226 : DEBUG : SwitchController : Registering switch handler: s_trough_3, <bound method BallController._update_num_balls_known of <mpf.core.ball_controller.BallController object at 0x10e9ee710>>, state: 0, ms: 500, info: False, cb_kwargs: {}
2016-06-25 17:39:30,226 : DEBUG : SwitchController : Registering switch handler: s_trough_3, <bound method BallController._correct_playfield_count of <mpf.core.ball_controller.BallController object at 0x10e9ee710>>, state: 1, ms: 500, info: False, cb_kwargs: {}
2016-06-25 17:39:30,226 : DEBUG : SwitchController : Registering switch handler: s_trough_3, <bound method BallController._correct_playfield_count of <mpf.core.ball_controller.BallController object at 0x10e9ee710>>, state: 0, ms: 500, info: False, cb_kwargs: {}
2016-06-25 17:39:30,226 : DEBUG : SwitchController : Registering switch handler: s_trough_4, <bound method BallController._update_num_balls_known of <mpf.core.ball_controller.BallController object at 0x10e9ee710>>, state: 1, ms: 500, info: False, cb_kwargs: {}
2016-06-25 17:39:30,226 : DEBUG : SwitchController : Registering switch handler: s_trough_4, <bound method BallController._update_num_balls_known of <mpf.core.ball_controller.BallController object at 0x10e9ee710>>, state: 0, ms: 500, info: False, cb_kwargs: {}
2016-06-25 17:39:30,226 : DEBUG : SwitchController : Registering switch handler: s_trough_4, <bound method BallController._correct_playfield_count of <mpf.core.ball_controller.BallController object at 0x10e9ee710>>, state: 1, ms: 500, info: False, cb_kwargs: {}
2016-06-25 17:39:30,227 : DEBUG : SwitchController : Registering switch handler: s_trough_4, <bound method BallController._correct_playfield_count of <mpf.core.ball_controller.BallController object at 0x10e9ee710>>, state: 0, ms: 500, info: False, cb_kwargs: {}
2016-06-25 17:39:30,227 : DEBUG : SwitchController : Registering switch handler: s_trough_5, <bound method BallController._update_num_balls_known of <mpf.core.ball_controller.BallController object at 0x10e9ee710>>, state: 1, ms: 500, info: False, cb_kwargs: {}
2016-06-25 17:39:30,227 : DEBUG : SwitchController : Registering switch handler: s_trough_5, <bound method BallController._update_num_balls_known of <mpf.core.ball_controller.BallController object at 0x10e9ee710>>, state: 0, ms: 500, info: False, cb_kwargs: {}
2016-06-25 17:39:30,227 : DEBUG : SwitchController : Registering switch handler: s_trough_5, <bound method BallController._correct_playfield_count of <mpf.core.ball_controller.BallController object at 0x10e9ee710>>, state: 1, ms: 500, info: False, cb_kwargs: {}
2016-06-25 17:39:30,227 : DEBUG : SwitchController : Registering switch handler: s_trough_5, <bound method BallController._correct_playfield_count of <mpf.core.ball_controller.BallController object at 0x10e9ee710>>, state: 0, ms: 500, info: False, cb_kwargs: {}
2016-06-25 17:39:30,227 : DEBUG : SwitchController : Registering switch handler: s_trough_6, <bound method BallController._update_num_balls_known of <mpf.core.ball_controller.BallController object at 0x10e9ee710>>, state: 1, ms: 500, info: False, cb_kwargs: {}
2016-06-25 17:39:30,227 : DEBUG : SwitchController : Registering switch handler: s_trough_6, <bound method BallController._update_num_balls_known of <mpf.core.ball_controller.BallController object at 0x10e9ee710>>, state: 0, ms: 500, info: False, cb_kwargs: {}
2016-06-25 17:39:30,227 : DEBUG : SwitchController : Registering switch handler: s_trough_6, <bound method BallController._correct_playfield_count of <mpf.core.ball_controller.BallController object at 0x10e9ee710>>, state: 1, ms: 500, info: False, cb_kwargs: {}
2016-06-25 17:39:30,227 : DEBUG : SwitchController : Registering switch handler: s_trough_6, <bound method BallController._correct_playfield_count of <mpf.core.ball_controller.BallController object at 0x10e9ee710>>, state: 0, ms: 500, info: False, cb_kwargs: {}
2016-06-25 17:39:30,227 : DEBUG : SwitchController : Registering switch handler: s_trough_jam, <bound method BallController._update_num_balls_known of <mpf.core.ball_controller.BallController object at 0x10e9ee710>>, state: 1, ms: 500, info: False, cb_kwargs: {}
2016-06-25 17:39:30,227 : DEBUG : SwitchController : Registering switch handler: s_trough_jam, <bound method BallController._update_num_balls_known of <mpf.core.ball_controller.BallController object at 0x10e9ee710>>, state: 0, ms: 500, info: False, cb_kwargs: {}
2016-06-25 17:39:30,227 : DEBUG : SwitchController : Registering switch handler: s_trough_jam, <bound method BallController._correct_playfield_count of <mpf.core.ball_controller.BallController object at 0x10e9ee710>>, state: 1, ms: 500, info: False, cb_kwargs: {}
2016-06-25 17:39:30,227 : DEBUG : SwitchController : Registering switch handler: s_trough_jam, <bound method BallController._correct_playfield_count of <mpf.core.ball_controller.BallController object at 0x10e9ee710>>, state: 0, ms: 500, info: False, cb_kwargs: {}
2016-06-25 17:39:30,227 : DEBUG : SwitchController : Registering switch handler: s_plunger_lane, <bound method BallController._update_num_balls_known of <mpf.core.ball_controller.BallController object at 0x10e9ee710>>, state: 1, ms: 500, info: False, cb_kwargs: {}
2016-06-25 17:39:30,227 : DEBUG : SwitchController : Registering switch handler: s_plunger_lane, <bound method BallController._update_num_balls_known of <mpf.core.ball_controller.BallController object at 0x10e9ee710>>, state: 0, ms: 500, info: False, cb_kwargs: {}
2016-06-25 17:39:30,228 : DEBUG : SwitchController : Registering switch handler: s_plunger_lane, <bound method BallController._correct_playfield_count of <mpf.core.ball_controller.BallController object at 0x10e9ee710>>, state: 1, ms: 500, info: False, cb_kwargs: {}
2016-06-25 17:39:30,228 : DEBUG : SwitchController : Registering switch handler: s_plunger_lane, <bound method BallController._correct_playfield_count of <mpf.core.ball_controller.BallController object at 0x10e9ee710>>, state: 0, ms: 500, info: False, cb_kwargs: {}
2016-06-25 17:39:30,228 : DEBUG : Events : Registered BallController._correct_playfield_count as a handler for 'playfield_ball_count_change', priority: 1, kwargs: {}
2016-06-25 17:39:30,228 : DEBUG : BallController : Counting Balls
2016-06-25 17:39:30,228 : DEBUG : BallController : Found new balls. Setting known balls to 6
2016-06-25 17:39:30,228 : DEBUG : DelayManager : Adding delay. Name: '2d8191b3-f12e-4339-8369-c3c24f05e31c' ms: 1, callback: <bound method BallController._handle_new_balls of <mpf.core.ball_controller.BallController object at 0x10e9ee710>>, kwargs: {'new_balls': 6}
2016-06-25 17:39:30,228 : DEBUG : Clock : Scheduled a one-time clock callback (callback=functools.partial(<bound method DelayManager._process_delay_callback of <mpf.core.delays.DelayManager object at 0x10e9ee7b8>>, UUID('2d8191b3-f12e-4339-8369-c3c24f05e31c'), <bound method BallController._handle_new_balls of <mpf.core.ball_controller.BallController object at 0x10e9ee710>>, new_balls=6), timeout=0.001, priority=1)
2016-06-25 17:39:30,228 : DEBUG : Events : vvvv Finished event 'init_phase_2'. Type: None. Callback: None. Args: {}
2016-06-25 17:39:30,228 : DEBUG : Machine : Loading plugins...
2016-06-25 17:39:30,228 : DEBUG : Machine : Loading 'mpf.plugins.auditor.Auditor' plugin
2016-06-25 17:39:30,230 : DEBUG : DataInterface : Loading audits from /Users/briancox/Dropbox (TML Team)/FAST_MPF_Template/data/audits.yaml
2016-06-25 17:39:30,230 : DEBUG : YAML File Interface : Loading file: /Users/briancox/Dropbox (TML Team)/FAST_MPF_Template/data/audits.yaml
2016-06-25 17:39:30,235 : DEBUG : Events : Registered Auditor._initialize as a handler for 'init_phase_4', priority: 1, kwargs: {}
2016-06-25 17:39:30,235 : DEBUG : Machine : Loading 'mpf.plugins.info_lights.InfoLights' plugin
2016-06-25 17:39:30,235 : DEBUG : Machine : "info_lights:" section not found in machine configuration, so the Info Lights plugin will not be used.
2016-06-25 17:39:30,235 : DEBUG : Machine : Loading 'mpf.plugins.osc.OSC' plugin
2016-06-25 17:39:30,236 : DEBUG : Machine : "OSC:" section not found in the machine configuration, so the OSC plugin will not be used.
2016-06-25 17:39:30,236 : DEBUG : Machine : Loading 'mpf.plugins.switch_player.SwitchPlayer' plugin
2016-06-25 17:39:30,237 : DEBUG : Machine : "switch_player:" section not found in machine configuration, so the Switch Playerplugin will not be used.
2016-06-25 17:39:30,237 : DEBUG : Events : ^^^^ Posted event 'init_phase_3'. Type: None, Callback: None, Args: {}
2016-06-25 17:39:30,237 : DEBUG : Events : ============== EVENTS QUEUE =============
2016-06-25 17:39:30,237 : DEBUG : Events : init_phase_3, None, None, {}
2016-06-25 17:39:30,237 : DEBUG : Events : =========================================
2016-06-25 17:39:30,237 : DEBUG : Events : ^^^^ Processing event 'init_phase_3'. Type: None, Callback: None, Args: {}
2016-06-25 17:39:30,237 : DEBUG : Events : AssetManager._create_assets (priority: 1) responding to event 'init_phase_3' with args {}
2016-06-25 17:39:30,237 : DEBUG : AssetManager : Processing assets from base folder: /Users/briancox/Dropbox (TML Team)/FAST_MPF_Template/shows
2016-06-25 17:39:30,238 : DEBUG : AssetManager : Registering Asset: attract_dmd_show, File: attract_DMD_Show.yaml, Default Group: default, Final Config: {'file': '/Users/briancox/Dropbox (TML Team)/FAST_MPF_Template/shows/attract_DMD_Show.yaml', 'load': 'preload'}
2016-06-25 17:39:30,238 : DEBUG : AssetManager : Processing assets from base folder: /Users/briancox/Dropbox (TML Team)/FAST_MPF_Template/modes/Base/shows
2016-06-25 17:39:30,238 : DEBUG : AssetManager : Processing assets from base folder: /Users/briancox/Dropbox (TML Team)/FAST_MPF_Template/modes/attract/shows
2016-06-25 17:39:30,238 : DEBUG : AssetManager : Processing assets from base folder: /Users/briancox/Dropbox (TML Team)/FAST_MPF_Template/modes/Ball_Save/shows
2016-06-25 17:39:30,238 : DEBUG : AssetManager : Processing assets from base folder: /Applications/MPF.app/Contents/Frameworks/python/3.5.0/lib/python3.5/site-packages/mpf/modes/game/shows
2016-06-25 17:39:30,238 : DEBUG : Clock : Scheduled a recurring clock callback (callback=<bound method AssetManager._check_loader_status of <mpf.core.assets.AssetManager object at 0x10e9eeda0>>, timeout=0, priority=1)
2016-06-25 17:39:30,238 : DEBUG : Events : ShowController._initialize (priority: 1) responding to event 'init_phase_3' with args {}
2016-06-25 17:39:30,239 : DEBUG : ShowController : Loading Show None
2016-06-25 17:39:30,239 : DEBUG : ShowController : Loading Show None
2016-06-25 17:39:30,239 : DEBUG : ShowController : Loading Show None
2016-06-25 17:39:30,239 : DEBUG : ShowController : Loading Show /Users/briancox/Dropbox (TML Team)/FAST_MPF_Template/shows/attract_DMD_Show.yaml
2016-06-25 17:39:30,240 : DEBUG : ShowController : Loading Show None
2016-06-25 17:39:30,241 : DEBUG : Events : vvvv Finished event 'init_phase_3'. Type: None. Callback: None. Args: {}
2016-06-25 17:39:30,242 : DEBUG : Events : ^^^^ Posted event 'init_phase_4'. Type: None, Callback: None, Args: {}
2016-06-25 17:39:30,242 : DEBUG : Events : ============== EVENTS QUEUE =============
2016-06-25 17:39:30,242 : DEBUG : Events : init_phase_4, None, None, {}
2016-06-25 17:39:30,242 : DEBUG : Events : =========================================
2016-06-25 17:39:30,242 : DEBUG : Events : ^^^^ Processing event 'init_phase_4'. Type: None, Callback: None, Args: {}
2016-06-25 17:39:30,242 : DEBUG : Events : BallDevice._initialize_phase_4 (priority: 1) responding to event 'init_phase_4' with args {}
2016-06-25 17:39:30,242 : DEBUG : ball_device.trough : Switching to state idle
2016-06-25 17:39:30,242 : DEBUG : Events : ^^^^ Posted event 'balldevice_trough_ok_to_receive'. Type: None, Callback: None, Args: {'balls': 1}
2016-06-25 17:39:30,242 : DEBUG : Events : ============== EVENTS QUEUE =============
2016-06-25 17:39:30,243 : DEBUG : YAML File Interface : Loading file: /Users/briancox/Dropbox (TML Team)/FAST_MPF_Template/shows/attract_DMD_Show.yaml
2016-06-25 17:39:30,243 : DEBUG : Events : balldevice_trough_ok_to_receive, None, None, {'balls': 1}
2016-06-25 17:39:30,243 : DEBUG : Events : =========================================
2016-06-25 17:39:30,247 : DEBUG : Events : BallDevice._initialize_phase_4 (priority: 1) responding to event 'init_phase_4' with args {}
2016-06-25 17:39:30,247 : DEBUG : ball_device.plunger_lane : Switching to state idle
2016-06-25 17:39:30,247 : DEBUG : Events : ^^^^ Posted event 'balldevice_plunger_lane_ok_to_receive'. Type: None, Callback: None, Args: {'balls': 1}
2016-06-25 17:39:30,247 : DEBUG : Events : ============== EVENTS QUEUE =============
2016-06-25 17:39:30,247 : DEBUG : Events : balldevice_trough_ok_to_receive, None, None, {'balls': 1}
2016-06-25 17:39:30,247 : DEBUG : Events : balldevice_plunger_lane_ok_to_receive, None, None, {'balls': 1}
2016-06-25 17:39:30,247 : DEBUG : Events : =========================================
2016-06-25 17:39:30,247 : DEBUG : Events : Auditor._initialize (priority: 1) responding to event 'init_phase_4' with args {}
2016-06-25 17:39:30,247 : DEBUG : Events : Registered Auditor.enable as a handler for 'game_starting', priority: 1, kwargs: {}
2016-06-25 17:39:30,247 : DEBUG : Events : Registered Auditor.disable as a handler for 'game_ended', priority: 1, kwargs: {}
2016-06-25 17:39:30,248 : DEBUG : Events : Registered Auditor.audit_player as a handler for 'game_ending', priority: 1, kwargs: {}
2016-06-25 17:39:30,248 : DEBUG : Events : vvvv Finished event 'init_phase_4'. Type: None. Callback: None. Args: {}
2016-06-25 17:39:30,248 : DEBUG : Events : ^^^^ Processing event 'balldevice_trough_ok_to_receive'. Type: None, Callback: None, Args: {'balls': 1}
2016-06-25 17:39:30,248 : DEBUG : Events : vvvv Finished event 'balldevice_trough_ok_to_receive'. Type: None. Callback: None. Args: {'balls': 1}
2016-06-25 17:39:30,248 : DEBUG : Events : ^^^^ Processing event 'balldevice_plunger_lane_ok_to_receive'. Type: None, Callback: None, Args: {'balls': 1}
2016-06-25 17:39:30,248 : DEBUG : Events : BallDevice._target_ready (priority: 1) responding to event 'balldevice_plunger_lane_ok_to_receive' with args {'target': <ball_device.plunger_lane>, 'balls': 1}
2016-06-25 17:39:30,248 : DEBUG : Events : vvvv Finished event 'balldevice_plunger_lane_ok_to_receive'. Type: None. Callback: None. Args: {'balls': 1}
2016-06-25 17:39:30,248 : DEBUG : Events : ^^^^ Posted event 'init_phase_5'. Type: None, Callback: None, Args: {}
2016-06-25 17:39:30,248 : DEBUG : Events : ============== EVENTS QUEUE =============
2016-06-25 17:39:30,248 : DEBUG : Events : init_phase_5, None, None, {}
2016-06-25 17:39:30,248 : DEBUG : Events : =========================================
2016-06-25 17:39:30,248 : DEBUG : Events : ^^^^ Processing event 'init_phase_5'. Type: None, Callback: None, Args: {}
2016-06-25 17:39:30,248 : DEBUG : Events : vvvv Finished event 'init_phase_5'. Type: None. Callback: None. Args: {}
2016-06-25 17:39:30,248 : DEBUG : Machine : Clearing boot hold init. Holds remaining: {'assets'}
2016-06-25 17:39:30,248 : DEBUG : Machine : Starting the main run loop.
2016-06-25 17:39:30,249 : DEBUG : DelayManager : ---Processing delay: 2d8191b3-f12e-4339-8369-c3c24f05e31c
2016-06-25 17:39:30,249 : DEBUG : Events : ^^^^ Posted event 'loading_assets'. Type: None, Callback: None, Args: {'total': 1, 'percent': 100, 'remaining': 0, 'loaded': 1}
2016-06-25 17:39:30,249 : DEBUG : Events : ============== EVENTS QUEUE =============
2016-06-25 17:39:30,249 : DEBUG : Events : loading_assets, None, None, {'total': 1, 'percent': 100, 'remaining': 0, 'loaded': 1}
2016-06-25 17:39:30,250 : DEBUG : Events : =========================================
2016-06-25 17:39:30,250 : DEBUG : Events : ^^^^ Posted event 'asset_loading_complete'. Type: None, Callback: None, Args: {}
2016-06-25 17:39:30,250 : DEBUG : Events : ============== EVENTS QUEUE =============
2016-06-25 17:39:30,250 : DEBUG : Events : loading_assets, None, None, {'total': 1, 'percent': 100, 'remaining': 0, 'loaded': 1}
2016-06-25 17:39:30,250 : DEBUG : Events : asset_loading_complete, None, None, {}
2016-06-25 17:39:30,250 : DEBUG : Events : =========================================
2016-06-25 17:39:30,250 : DEBUG : AssetManager : Loading assets: 1/1 (100%)
2016-06-25 17:39:30,250 : DEBUG : Machine : Clearing boot hold assets. Holds remaining: set()
2016-06-25 17:39:30,250 : DEBUG : Events : ^^^^ Posted event 'init_done'. Type: None, Callback: None, Args: {}
2016-06-25 17:39:30,250 : DEBUG : Events : ============== EVENTS QUEUE =============
2016-06-25 17:39:30,250 : DEBUG : Events : loading_assets, None, None, {'total': 1, 'percent': 100, 'remaining': 0, 'loaded': 1}
2016-06-25 17:39:30,250 : DEBUG : Events : asset_loading_complete, None, None, {}
2016-06-25 17:39:30,250 : DEBUG : Events : init_done, None, None, {}
2016-06-25 17:39:30,250 : DEBUG : Events : =========================================
2016-06-25 17:39:30,250 : DEBUG : Events : ^^^^ Processing event 'loading_assets'. Type: None, Callback: None, Args: {'total': 1, 'percent': 100, 'remaining': 0, 'loaded': 1}
2016-06-25 17:39:30,251 : DEBUG : Events : vvvv Finished event 'loading_assets'. Type: None. Callback: None. Args: {'total': 1, 'percent': 100, 'remaining': 0, 'loaded': 1}
2016-06-25 17:39:30,251 : DEBUG : Events : ^^^^ Processing event 'asset_loading_complete'. Type: None, Callback: None, Args: {}
2016-06-25 17:39:30,251 : DEBUG : Events : vvvv Finished event 'asset_loading_complete'. Type: None. Callback: None. Args: {}
2016-06-25 17:39:30,251 : DEBUG : Events : ^^^^ Processing event 'init_done'. Type: None, Callback: None, Args: {}
2016-06-25 17:39:30,251 : DEBUG : Events : BCP._setup_bcp_connections (priority: 1) responding to event 'init_done' with args {}
2016-06-25 17:39:30,251 : DEBUG : BCPClientSocket.local_display : Setting up BCP Client...
2016-06-25 17:39:30,251 : INFO : BCPClientSocket.local_display : Connecting to BCP Media Controller at localhost:5050...
2016-06-25 17:39:30,252 : DEBUG : BCPClientSocket.local_display : Connected to remote BCP host localhost:5050
2016-06-25 17:39:30,253 : DEBUG : Events : vvvv Finished event 'init_done'. Type: None. Callback: None. Args: {}
2016-06-25 17:39:30,253 : DEBUG : Machine : Resetting...
2016-06-25 17:39:30,253 : DEBUG : BCPClientSocket.local_display : Sending "hello?version=1.0&controller_version=0.30.0.dev1813&controller_name=Mission%20Pinball%20Framework"
2016-06-25 17:39:30,253 : DEBUG : Events : ^^^^ Posted event 'machine_reset_phase_1'. Type: None, Callback: None, Args: {}
2016-06-25 17:39:30,253 : DEBUG : Events : ============== EVENTS QUEUE =============
2016-06-25 17:39:30,253 : DEBUG : Events : machine_reset_phase_1, None, None, {}
2016-06-25 17:39:30,253 : DEBUG : Events : =========================================
2016-06-25 17:39:30,253 : DEBUG : BCPClientSocket.local_display : Sending "machine_variable?name=credits_string&value=FREE%20PLAY"
2016-06-25 17:39:30,253 : DEBUG : Events : ^^^^ Processing event 'machine_reset_phase_1'. Type: None, Callback: None, Args: {}
2016-06-25 17:39:30,253 : DEBUG : BCPClientSocket.local_display : Sending "machine_variable?name=player1_score&value=int:0"
2016-06-25 17:39:30,254 : DEBUG : Events : BCP.bcp_reset (priority: 1) responding to event 'machine_reset_phase_1' with args {}
2016-06-25 17:39:30,254 : DEBUG : Events : vvvv Finished event 'machine_reset_phase_1'. Type: None. Callback: None. Args: {}
2016-06-25 17:39:30,254 : DEBUG : BCPClientSocket.local_display : Sending "reset"
2016-06-25 17:39:30,254 : DEBUG : Events : ^^^^ Posted event 'machine_reset_phase_2'. Type: None, Callback: None, Args: {}
2016-06-25 17:39:30,254 : DEBUG : Events : ============== EVENTS QUEUE =============
2016-06-25 17:39:30,254 : DEBUG : Events : machine_reset_phase_2, None, None, {}
2016-06-25 17:39:30,254 : DEBUG : Events : =========================================
2016-06-25 17:39:30,254 : DEBUG : Events : ^^^^ Processing event 'machine_reset_phase_2'. Type: None, Callback: None, Args: {}
2016-06-25 17:39:30,254 : DEBUG : Events : BallController._initialize (priority: 1) responding to event 'machine_reset_phase_2' with args {}
2016-06-25 17:39:30,254 : DEBUG : Events : Registered BallController._ball_drained_handler as a handler for 'balldevice_trough_ball_enter', priority: 1, kwargs: {}
2016-06-25 17:39:30,254 : DEBUG : Events : vvvv Finished event 'machine_reset_phase_2'. Type: None. Callback: None. Args: {}
2016-06-25 17:39:30,254 : DEBUG : Events : ^^^^ Posted event 'machine_reset_phase_3'. Type: None, Callback: None, Args: {}
2016-06-25 17:39:30,255 : DEBUG : Events : ============== EVENTS QUEUE =============
2016-06-25 17:39:30,255 : DEBUG : Events : machine_reset_phase_3, None, None, {}
2016-06-25 17:39:30,255 : DEBUG : Events : =========================================
2016-06-25 17:39:30,255 : DEBUG : Events : ^^^^ Processing event 'machine_reset_phase_3'. Type: None, Callback: None, Args: {}
2016-06-25 17:39:30,255 : DEBUG : Events : SwitchController.log_active_switches (priority: 1) responding to event 'machine_reset_phase_3' with args {}
2016-06-25 17:39:30,255 : INFO : SwitchController : Active Switch|s_trough_4
2016-06-25 17:39:30,255 : INFO : SwitchController : Active Switch|s_trough_1
2016-06-25 17:39:30,255 : INFO : SwitchController : Active Switch|s_trough_5
2016-06-25 17:39:30,255 : INFO : SwitchController : Active Switch|s_trough_3
2016-06-25 17:39:30,255 : INFO : SwitchController : Active Switch|s_trough_6
2016-06-25 17:39:30,255 : INFO : SwitchController : Active Switch|s_trough_2
2016-06-25 17:39:30,255 : DEBUG : Events : vvvv Finished event 'machine_reset_phase_3'. Type: None. Callback: None. Args: {}
2016-06-25 17:39:30,255 : DEBUG : Machine : Reset Complete
2016-06-25 17:39:30,255 : DEBUG : Machine : Reset Complete
2016-06-25 17:39:30,255 : DEBUG : Events : ^^^^ Posted event 'reset_complete'. Type: None, Callback: None, Args: {}
2016-06-25 17:39:30,255 : DEBUG : Events : ============== EVENTS QUEUE =============
2016-06-25 17:39:30,255 : DEBUG : Events : reset_complete, None, None, {}
2016-06-25 17:39:30,255 : DEBUG : Events : =========================================
2016-06-25 17:39:30,256 : DEBUG : Events : ^^^^ Processing event 'reset_complete'. Type: None, Callback: None, Args: {}
2016-06-25 17:39:30,256 : DEBUG : Events : Mode.start (priority: 10000) responding to event 'reset_complete' with args {}
2016-06-25 17:39:30,256 : DEBUG : Mode.attract : Received request to start
2016-06-25 17:39:30,256 : INFO : Mode.attract : Mode Starting. Priority: 10000
2016-06-25 17:39:30,256 : DEBUG : Mode.attract : Registering mode_stop handlers
2016-06-25 17:39:30,256 : DEBUG : Events : Registered Mode.stop as a handler for 'game_start', priority: 10001, kwargs: {'mode': <Mode.attract>}
2016-06-25 17:39:30,256 : DEBUG : Mode.attract : Calling mode_start handlers
2016-06-25 17:39:30,256 : DEBUG : BCPClientSocket.local_display : Sending "mode_start?priority=int:10000&name=attract"
2016-06-25 17:39:30,256 : DEBUG : Events : Registered ConfigPlayer.config_play_callback as a handler for 'mode_attract_stopped', priority: 10000, kwargs: {'mode': <Mode.attract>, 'settings': {'shows': {'attract_dmd_show': {'action': 'stop', 'key': None, 'loops': -1, 'show_tokens': {}, 'sync_ms': 0, 'priority': 0, 'start_step': 1, 'reset': True, 'manual_advance': False, 'speed': 1.0}}}}
2016-06-25 17:39:30,256 : DEBUG : Events : Registered ConfigPlayer.config_play_callback as a handler for 'mode_attract_started', priority: 10000, kwargs: {'mode': <Mode.attract>, 'settings': {'shows': {'attract_dmd_show': {'action': 'play', 'key': None, 'loops': -1, 'show_tokens': {}, 'sync_ms': 0, 'priority': 0, 'start_step': 1, 'reset': True, 'manual_advance': False, 'speed': 1.0}}}}
2016-06-25 17:39:30,257 : DEBUG : Events : Registered BCP.bcp_trigger as a handler for 'mode_attract_stopping', priority: 1, kwargs: {'name': 'mode_attract_stopping'}
2016-06-25 17:39:30,257 : DEBUG : Events : Registered BCP.bcp_trigger as a handler for 'attractmusic_1', priority: 1, kwargs: {'name': 'attractmusic_1'}
2016-06-25 17:39:30,257 : DEBUG : Mode.attract : Scanning mode-based config for device control_events
2016-06-25 17:39:30,257 : DEBUG : Events : ^^^^ Posted event 'mode_attract_starting'. Type: queue, Callback: <bound method Mode._started of <Mode.attract>>, Args: {}
2016-06-25 17:39:30,257 : DEBUG : Events : ============== EVENTS QUEUE =============
2016-06-25 17:39:30,257 : DEBUG : Events : mode_attract_starting, queue, <bound method Mode._started of <Mode.attract>>, {}
2016-06-25 17:39:30,257 : DEBUG : Events : =========================================
2016-06-25 17:39:30,257 : DEBUG : Events : vvvv Finished event 'reset_complete'. Type: None. Callback: None. Args: {}
2016-06-25 17:39:30,257 : DEBUG : Events : ^^^^ Processing event 'mode_attract_starting'. Type: queue, Callback: <bound method Mode._started of <Mode.attract>>, Args: {}
2016-06-25 17:39:30,257 : DEBUG : Events : vvvv Finished event 'mode_attract_starting'. Type: queue. Callback: <bound method Mode._started of <Mode.attract>>. Args: {}
2016-06-25 17:39:30,257 : DEBUG : Mode.attract : Mode Started. Priority: 10000
2016-06-25 17:39:30,257 : DEBUG : Mode Controller : +=========== ACTIVE MODES ============+
2016-06-25 17:39:30,257 : DEBUG : Mode Controller : | attract : 10000                     |
2016-06-25 17:39:30,257 : DEBUG : Mode Controller : +-------------------------------------+
2016-06-25 17:39:30,257 : DEBUG : Events : ^^^^ Posted event 'mode_attract_started'. Type: None, Callback: <bound method Mode._mode_started_callback of <Mode.attract>>, Args: {}
2016-06-25 17:39:30,258 : DEBUG : Events : ============== EVENTS QUEUE =============
2016-06-25 17:39:30,258 : DEBUG : Events : mode_attract_started, None, <bound method Mode._mode_started_callback of <Mode.attract>>, {}
2016-06-25 17:39:30,258 : DEBUG : Events : =========================================
2016-06-25 17:39:30,258 : DEBUG : Events : ^^^^ Processing event 'mode_attract_started'. Type: None, Callback: <bound method Mode._mode_started_callback of <Mode.attract>>, Args: {}
2016-06-25 17:39:30,258 : DEBUG : Events : ConfigPlayer.config_play_callback (priority: 10000) responding to event 'mode_attract_started' with args {'mode': <Mode.attract>, 'settings': {'shows': {'attract_dmd_show': {'action': 'play', 'key': None, 'loops': -1, 'show_tokens': {}, 'sync_ms': 0, 'priority': 0, 'start_step': 1, 'reset': True, 'manual_advance': False, 'speed': 1.0}}}}
2016-06-25 17:39:30,258 : DEBUG : Clock : Scheduled a one-time clock callback (callback=<bound method RunningShow._run_next_step of Running Show Instance: "attract_dmd_show">, timeout=69.0, priority=1)
2016-06-25 17:39:30,258 : DEBUG : BCPClientSocket.local_display : Sending "trigger?json={"context": "show_1", "priority": 10000, "settings": {"attract_1": {"widgets": [{"key": null, "width": 0, "end_behavior": "stop", "color": [1.0, 1.0, 1.0, 1.0], "adjust_bottom": null, "height": 0, "type": "video", "y": null, "x": null, "auto_play": true, "volume": 1.0, "expire": null, "control_events": [{"event": "slide_play", "action": "seek", "value": 0.0}, {"event": "slide_play", "action": "play", "value": null}], "adjust_top": null, "z": 0, "reset_animations_events": [], "animations": null, "style": null, "adjust_right": null, "adjust_left": null, "opacity": 1.0, "anchor_x": null, "video": "Video_1", "anchor_y": null, "_default_settings": ["type", "video", "control_events"]}], "action": "play", "show": true, "persist": false, "force": false, "target": null, "priority": null, "expire": null}}, "name": "slides_play"}"
2016-06-25 17:39:30,258 : DEBUG : Events : vvvv Finished event 'mode_attract_started'. Type: None. Callback: <bound method Mode._mode_started_callback of <Mode.attract>>. Args: {}
2016-06-25 17:39:30,258 : DEBUG : SwitchController : Registering switch handler: s_start, <bound method Attract.start_button_pressed of <Mode.attract>>, state: 1, ms: 0, info: False, cb_kwargs: {}
2016-06-25 17:39:30,259 : DEBUG : SwitchController : Registering switch handler: s_start, <bound method Attract.start_button_released of <Mode.attract>>, state: 0, ms: 0, info: False, cb_kwargs: {}
2016-06-25 17:39:30,259 : DEBUG : BallController : Collecting all balls to devices with tags '['home', 'trough']'
2016-06-25 17:39:30,259 : DEBUG : BallController : Ejecting all balls from: set()
2016-06-25 17:39:30,259 : DEBUG : BallController : All balls are collected
2016-06-25 17:39:30,259 : DEBUG : Events : ^^^^ Posted event 'collecting_balls_complete'. Type: None, Callback: None, Args: {}
2016-06-25 17:39:30,259 : DEBUG : Events : ============== EVENTS QUEUE =============
2016-06-25 17:39:30,259 : DEBUG : Events : collecting_balls_complete, None, None, {}
2016-06-25 17:39:30,259 : DEBUG : Events : =========================================
2016-06-25 17:39:30,259 : DEBUG : Events : ^^^^ Posted event 'enable_volume_keys'. Type: None, Callback: None, Args: {}
2016-06-25 17:39:30,259 : DEBUG : Events : ============== EVENTS QUEUE =============
2016-06-25 17:39:30,259 : DEBUG : Events : collecting_balls_complete, None, None, {}
2016-06-25 17:39:30,259 : DEBUG : Events : enable_volume_keys, None, None, {}
2016-06-25 17:39:30,259 : DEBUG : Events : =========================================
2016-06-25 17:39:30,259 : DEBUG : Mode.attract : Mode Start process complete.
2016-06-25 17:39:30,259 : DEBUG : Events : ^^^^ Processing event 'collecting_balls_complete'. Type: None, Callback: None, Args: {}
2016-06-25 17:39:30,260 : DEBUG : Events : vvvv Finished event 'collecting_balls_complete'. Type: None. Callback: None. Args: {}
2016-06-25 17:39:30,260 : DEBUG : Events : ^^^^ Processing event 'enable_volume_keys'. Type: None, Callback: None, Args: {}
2016-06-25 17:39:30,260 : DEBUG : Events : BCP.enable_volume_keys (priority: 1) responding to event 'enable_volume_keys' with args {}
2016-06-25 17:39:30,260 : DEBUG : Events : vvvv Finished event 'enable_volume_keys'. Type: None. Callback: None. Args: {}
2016-06-25 17:39:30,268 : DEBUG : BCPClientSocket.local_display : Received "b'hello?version=1.0'"
2016-06-25 17:39:30,269 : DEBUG : BCPClientSocket.local_display : Received BCP Hello from host with kwargs: {'version': '1.0'}
2016-06-25 17:39:30,269 : DEBUG : BCPClientSocket.local_display : Received "b'reset_complete'"
2016-06-25 17:39:30,279 : DEBUG : BCP : Processing command: reset_complete {}
2016-06-25 17:40:39,252 : DEBUG : Clock : Scheduled a one-time clock callback (callback=<bound method RunningShow._run_next_step of Running Show Instance: "attract_dmd_show">, timeout=68.99461315991357, priority=1)
2016-06-25 17:40:39,253 : DEBUG : BCPClientSocket.local_display : Sending "trigger?json={"context": "show_1", "priority": 10000, "settings": {"attract_1": {"widgets": [{"key": null, "width": 0, "end_behavior": "stop", "color": [1.0, 1.0, 1.0, 1.0], "adjust_bottom": null, "height": 0, "type": "video", "y": null, "x": null, "auto_play": true, "volume": 1.0, "expire": null, "control_events": [{"event": "slide_play", "action": "seek", "value": 0.0}, {"event": "slide_play", "action": "play", "value": null}], "adjust_top": null, "z": 0, "reset_animations_events": [], "animations": null, "style": null, "adjust_right": null, "adjust_left": null, "opacity": 1.0, "anchor_x": null, "video": "Video_1", "anchor_y": null, "_default_settings": ["type", "video", "control_events"]}], "action": "play", "show": true, "persist": false, "force": false, "target": null, "priority": null, "expire": null}}, "name": "slides_play"}"
2016-06-25 17:41:11,365 : DEBUG : BCPClientSocket.local_display : Stopping socket client
2016-06-25 17:41:11,365 : INFO : Machine : Shutting down...
2016-06-25 17:41:11,366 : DEBUG : Events : ^^^^ Posted event 'shutdown'. Type: None, Callback: None, Args: {}
2016-06-25 17:41:11,366 : DEBUG : Events : ============== EVENTS QUEUE =============
2016-06-25 17:41:11,366 : DEBUG : Events : shutdown, None, None, {}
2016-06-25 17:41:11,366 : DEBUG : Events : =========================================
2016-06-25 17:41:11,366 : DEBUG : Events : ^^^^ Processing event 'shutdown'. Type: None, Callback: None, Args: {}
2016-06-25 17:41:11,366 : DEBUG : Events : MachineController.power_off (priority: 1) responding to event 'shutdown' with args {}
2016-06-25 17:41:11,366 : DEBUG : Events : vvvv Finished event 'shutdown'. Type: None. Callback: None. Args: {}
2016-06-25 17:41:11,368 : INFO : Machine : Shutting down...
2016-06-25 17:41:11,368 : DEBUG : Events : ^^^^ Posted event 'shutdown'. Type: None, Callback: None, Args: {}
2016-06-25 17:41:11,368 : DEBUG : Events : ============== EVENTS QUEUE =============
2016-06-25 17:41:11,368 : DEBUG : Events : shutdown, None, None, {}
2016-06-25 17:41:11,368 : DEBUG : Events : =========================================
2016-06-25 17:41:11,368 : DEBUG : Events : ^^^^ Processing event 'shutdown'. Type: None, Callback: None, Args: {}
2016-06-25 17:41:11,369 : DEBUG : Events : MachineController.power_off (priority: 1) responding to event 'shutdown' with args {}
2016-06-25 17:41:11,369 : DEBUG : Events : vvvv Finished event 'shutdown'. Type: None. Callback: None. Args: {}
2016-06-25 17:41:11,369 : INFO : Machine : Actual MPF loop rate: 30.38 Hz
2016-06-25 17:41:11,369 : INFO : root : MPF run loop ended.
