2016-06-25 15:24:40,823 : INFO : Machine : Mission Pinball Framework Core Engine v0.30.0.dev1813
2016-06-25 15:24:40,824 : DEBUG : Machine : Command line arguments: {'mpfconfigfile': '/Applications/MPF.app/Contents/Frameworks/python/3.5.0/lib/python3.5/site-packages/mpf/mpfconfig.yaml', 'configfile': ['config'], 'pause': False, 'bcp': True, 'logfile': 'logs/2016-06-25-15-24-40-mpf-brian-coxs-computer.local.log', 'consoleloglevel': True, 'loglevel': 10, 'no_load_cache': False, 'create_config_cache': True, 'force_platform': 'virtual'}
2016-06-25 15:24:40,824 : DEBUG : Machine : MPF path: /Applications/MPF.app/Contents/Frameworks/python/3.5.0/lib/python3.5/site-packages/mpf
2016-06-25 15:24:40,824 : INFO : Machine : Machine path: /Users/briancox/Dropbox (TML Team)/SPRE
2016-06-25 15:24:40,824 : DEBUG : Machine : Command line arguments: {'mpfconfigfile': '/Applications/MPF.app/Contents/Frameworks/python/3.5.0/lib/python3.5/site-packages/mpf/mpfconfig.yaml', 'configfile': ['config'], 'pause': False, 'bcp': True, 'logfile': 'logs/2016-06-25-15-24-40-mpf-brian-coxs-computer.local.log', 'consoleloglevel': True, 'loglevel': 10, 'no_load_cache': False, 'create_config_cache': True, 'force_platform': 'virtual'}
2016-06-25 15:24:40,824 : DEBUG : Machine : Python version: 3.5.0
2016-06-25 15:24:40,824 : DEBUG : Machine : Platform: darwin
2016-06-25 15:24:40,824 : DEBUG : Machine : Python executable location: /Applications/MPF.app/Contents/Resources/python
2016-06-25 15:24:40,824 : DEBUG : Machine : 32-bit Python? False
2016-06-25 15:24:40,824 : DEBUG : Machine : Machine path: /Users/briancox/Dropbox (TML Team)/SPRE
2016-06-25 15:24:41,015 : INFO : Machine : Loading config from original files
2016-06-25 15:24:41,016 : DEBUG : YAML File Interface : Loading file: /Applications/MPF.app/Contents/Frameworks/python/3.5.0/lib/python3.5/site-packages/mpf/mpfconfig.yaml
2016-06-25 15:24:41,062 : INFO : Machine : Machine config file #1: /Users/briancox/Dropbox (TML Team)/SPRE/config/config
2016-06-25 15:24:41,063 : DEBUG : YAML File Interface : Loading file: /Users/briancox/Dropbox (TML Team)/SPRE/config/config.yaml
2016-06-25 15:24:41,105 : DEBUG : YAML File Interface : Loading file: /Users/briancox/Dropbox (TML Team)/SPRE/config/modes.yaml
2016-06-25 15:24:41,108 : INFO : Machine : Config file cache created: /var/folders/nb/9g942vk576j38jt7sff28hww0000gn/T/60787216f9d410b3b5da65dabd53e2d2config
2016-06-25 15:24:41,108 : DEBUG : Clock : Starting clock (maximum frames per second=30.0)
2016-06-25 15:24:41,108 : INFO : Machine : Starting clock at 30.0Hz
2016-06-25 15:24:41,108 : DEBUG : Clock : Scheduled a recurring clock callback (callback=<bound method MachineController._check_crash_queue of <mpf.core.machine.MachineController object at 0x103488b38>>, timeout=1, priority=1)
2016-06-25 15:24:41,112 : DEBUG : Virtual Platform : Configuring virtual hardware interface.
2016-06-25 15:24:41,112 : DEBUG : Machine : Setting default platform to 'virtual'
2016-06-25 15:24:41,112 : DEBUG : Machine : Loading core modules...
2016-06-25 15:24:41,112 : DEBUG : Machine : Loading 'mpf.core.events.EventManager' core module
2016-06-25 15:24:41,112 : DEBUG : Machine : Loading 'mpf.core.mode_controller.ModeController' core module
2016-06-25 15:24:41,113 : DEBUG : Events : Registered ModeController._load_modes as a handler for 'init_phase_2', priority: 1, kwargs: {}
2016-06-25 15:24:41,114 : DEBUG : Events : Registered ModeController._ball_ending as a handler for 'ball_ending', priority: 0, kwargs: {}
2016-06-25 15:24:41,114 : DEBUG : Events : Registered ModeController._ball_starting as a handler for 'ball_starting', priority: 0, kwargs: {}
2016-06-25 15:24:41,114 : DEBUG : Events : Registered ModeController._player_added as a handler for 'player_add_success', priority: 0, kwargs: {}
2016-06-25 15:24:41,114 : DEBUG : Events : Registered ModeController._player_turn_start as a handler for 'player_turn_start', priority: 1000000, kwargs: {}
2016-06-25 15:24:41,114 : DEBUG : Events : Registered ModeController._player_turn_stop as a handler for 'player_turn_stop', priority: 1000000, kwargs: {}
2016-06-25 15:24:41,114 : DEBUG : Machine : Loading 'mpf.core.config_processor.ConfigProcessor' core module
2016-06-25 15:24:41,114 : DEBUG : Machine : Loading 'mpf.core.shot_profile_manager.ShotProfileManager' core module
2016-06-25 15:24:41,114 : DEBUG : ShotProfileManager : Registering Shot Profile: 'default'
2016-06-25 15:24:41,115 : DEBUG : ShotProfileManager : Processed 'default' profile configuration: {'state_names_to_not_rotate': [], 'show': None, 'rotation_pattern': deque(['right']), 'states': [{'show': 'off', 'manual_advance': False, 'start_step': 1, 'name': 'unlit', 'reset': True, 'priority': 0, 'sync_ms': 0, 'show_tokens': {}, 'speed': 1.0, 'key': None, 'loops': -1, 'action': 'play'}, {'show': 'on', 'manual_advance': False, 'start_step': 1, 'name': 'lit', 'reset': True, 'priority': 0, 'sync_ms': 0, 'show_tokens': {}, 'speed': 1.0, 'key': None, 'loops': -1, 'action': 'play'}], 'block': True, 'show_when_disabled': False, 'state_names_to_rotate': [], 'player_variable': '%_default', 'loop': False, 'advance_on_hit': True}
2016-06-25 15:24:41,115 : DEBUG : Mode Controller : Registering <bound method ShotProfileManager.mode_start_for_shots of <mpf.core.shot_profile_manager.ShotProfileManager object at 0x1034d2518>> as a mode start method. Config section: shots, priority: 0, kwargs: {}
2016-06-25 15:24:41,115 : DEBUG : Mode Controller : Registering <bound method ShotProfileManager.mode_start_for_shot_groups of <mpf.core.shot_profile_manager.ShotProfileManager object at 0x1034d2518>> as a mode start method. Config section: shot_groups, priority: 0, kwargs: {}
2016-06-25 15:24:41,115 : DEBUG : Events : Registered ShotProfileManager._player_turn_start as a handler for 'player_turn_start', priority: 1000000, kwargs: {}
2016-06-25 15:24:41,115 : DEBUG : Events : Registered ShotProfileManager._player_turn_stop as a handler for 'player_turn_stop', priority: 0, kwargs: {}
2016-06-25 15:24:41,115 : DEBUG : Machine : Loading 'mpf.core.device_manager.DeviceManager' core module
2016-06-25 15:24:41,115 : DEBUG : Events : Registered DeviceManager._load_device_modules as a handler for 'init_phase_1', priority: 1, kwargs: {}
2016-06-25 15:24:41,115 : DEBUG : Events : Registered DeviceManager.create_machinewide_device_control_events as a handler for 'init_phase_2', priority: 1, kwargs: {}
2016-06-25 15:24:41,116 : DEBUG : Events : Registered DeviceManager.create_collection_control_events as a handler for 'init_phase_2', priority: 1, kwargs: {}
2016-06-25 15:24:41,116 : DEBUG : Machine : Loading 'mpf.core.switch_controller.SwitchController' core module
2016-06-25 15:24:41,116 : DEBUG : Clock : Scheduled a recurring clock callback (callback=<bound method SwitchController._tick of <mpf.core.switch_controller.SwitchController object at 0x1034d9438>>, timeout=0, priority=1000)
2016-06-25 15:24:41,116 : DEBUG : Events : Registered SwitchController._initialize_switches as a handler for 'init_phase_2', priority: 1000, kwargs: {}
2016-06-25 15:24:41,116 : DEBUG : Events : Registered SwitchController.log_active_switches as a handler for 'machine_reset_phase_3', priority: 1, kwargs: {}
2016-06-25 15:24:41,116 : DEBUG : Machine : Loading 'mpf.core.ball_controller.BallController' core module
2016-06-25 15:24:41,117 : DEBUG : BallController : Loading the BallController
2016-06-25 15:24:41,117 : DEBUG : Events : Registered BallController.request_to_start_game as a handler for 'request_to_start_game', priority: 1, kwargs: {}
2016-06-25 15:24:41,117 : DEBUG : Events : Registered BallController._initialize as a handler for 'machine_reset_phase_2', priority: 1, kwargs: {}
2016-06-25 15:24:41,117 : DEBUG : Events : Registered BallController._init2 as a handler for 'init_phase_2', priority: 1, kwargs: {}
2016-06-25 15:24:41,117 : DEBUG : Machine : Loading 'mpf.core.assets.AssetManager' core module
2016-06-25 15:24:41,118 : DEBUG : AssetManager : Initializing...
2016-06-25 15:24:41,118 : DEBUG : Mode Controller : Registering <bound method AssetManager._load_mode_assets of <mpf.core.assets.AssetManager object at 0x1034d9a58>> as a mode start method. Config section: None, priority: 0, kwargs: {}
2016-06-25 15:24:41,118 : DEBUG : Events : Registered AssetManager._create_assets as a handler for 'init_phase_3', priority: 1, kwargs: {}
2016-06-25 15:24:41,118 : DEBUG : Events : Registered AssetManager._bcp_client_asset_load as a handler for 'assets_to_load', priority: 1, kwargs: {}
2016-06-25 15:24:41,118 : DEBUG : Machine : Loading 'mpf.core.show_controller.ShowController' core module
2016-06-25 15:24:41,120 : DEBUG : Clock : Scheduled a recurring clock callback (callback=<bound method ShowController._tick of <mpf.core.show_controller.ShowController object at 0x1034e2908>>, timeout=0, priority=1)
2016-06-25 15:24:41,120 : DEBUG : Events : Registered ShowController._initialize as a handler for 'init_phase_3', priority: 1, kwargs: {}
2016-06-25 15:24:41,120 : DEBUG : Machine : Loading 'mpf.core.bcp.BCP' core module
2016-06-25 15:24:41,120 : DEBUG : Events : Registered BCP.bcp_trigger as a handler for 'ball_started', priority: 1, kwargs: {'name': 'ball_started'}
2016-06-25 15:24:41,120 : DEBUG : Events : Registered BCP.bcp_trigger as a handler for 'ball_ended', priority: 1, kwargs: {'name': 'ball_ended'}
2016-06-25 15:24:41,120 : DEBUG : Events : Registered BCP.bcp_trigger as a handler for 'player_add_success', priority: 1, kwargs: {'name': 'player_add_success'}
2016-06-25 15:24:41,120 : DEBUG : Events : Registered BCP._bcp_event_callback as a handler for 'player_turn_start', priority: 1, kwargs: {'command': 'player_turn_start', 'params': {'player_num': '%number'}}
2016-06-25 15:24:41,120 : DEBUG : Events : Registered BCP._bcp_event_callback as a handler for 'clear', priority: 1, kwargs: {'command': 'trigger', 'params': {'key': '%key', 'name': 'clear'}}
2016-06-25 15:24:41,121 : DEBUG : Events : Registered BCP.bcp_trigger as a handler for 'player_score', priority: 1, kwargs: {'name': 'player_score'}
2016-06-25 15:24:41,121 : DEBUG : Events : Registered BCP._setup_dmds as a handler for 'init_phase_1', priority: 1, kwargs: {}
2016-06-25 15:24:41,121 : DEBUG : Events : Registered BCP._setup_bcp_connections as a handler for 'init_done', priority: 1, kwargs: {}
2016-06-25 15:24:41,121 : DEBUG : Clock : Scheduled a recurring clock callback (callback=<bound method BCP.get_bcp_messages of <BCP Module>>, timeout=0, priority=1)
2016-06-25 15:24:41,121 : DEBUG : Events : Registered BCP.bcp_player_added as a handler for 'player_add_success', priority: 1, kwargs: {}
2016-06-25 15:24:41,121 : DEBUG : Events : Registered BCP.bcp_reset as a handler for 'machine_reset_phase_1', priority: 1, kwargs: {}
2016-06-25 15:24:41,121 : DEBUG : Events : Registered BCP.increase_volume as a handler for 'increase_volume', priority: 1, kwargs: {}
2016-06-25 15:24:41,121 : DEBUG : Events : Registered BCP.decrease_volume as a handler for 'decrease_volume', priority: 1, kwargs: {}
2016-06-25 15:24:41,121 : DEBUG : Events : Registered BCP.enable_volume_keys as a handler for 'enable_volume_keys', priority: 1, kwargs: {}
2016-06-25 15:24:41,121 : DEBUG : Events : Registered BCP.disable_volume_keys as a handler for 'disable_volume_keys', priority: 1, kwargs: {}
2016-06-25 15:24:41,121 : DEBUG : Events : Registered BCP.get_led_coordinates as a handler for 'bcp_get_led_coordinates', priority: 1, kwargs: {}
2016-06-25 15:24:41,121 : DEBUG : Mode Controller : Registering <bound method BCP.bcp_mode_start of <BCP Module>> as a mode start method. Config section: mode, priority: 0, kwargs: {}
2016-06-25 15:24:41,121 : DEBUG : Machine : Loading 'mpf.core.logic_blocks.LogicBlocks' core module
2016-06-25 15:24:41,122 : DEBUG : Mode Controller : Registering <bound method LogicBlocks._process_config of <mpf.core.logic_blocks.LogicBlocks object at 0x1034f36a0>> as a mode start method. Config section: logic_blocks, priority: 0, kwargs: {}
2016-06-25 15:24:41,122 : DEBUG : Events : Registered LogicBlocks._create_player_logic_blocks as a handler for 'player_add_success', priority: 1, kwargs: {}
2016-06-25 15:24:41,122 : DEBUG : Events : Registered LogicBlocks.player_turn_start as a handler for 'player_turn_start', priority: 1, kwargs: {}
2016-06-25 15:24:41,122 : DEBUG : Events : Registered LogicBlocks.player_turn_stop as a handler for 'player_turn_stop', priority: 1, kwargs: {}
2016-06-25 15:24:41,122 : DEBUG : Machine : Loading 'mpf.core.scoring.ScoreController' core module
2016-06-25 15:24:41,124 : DEBUG : Score : Loading the Score Controller
2016-06-25 15:24:41,124 : DEBUG : Mode Controller : Registering <bound method ScoreController.mode_start of <mpf.core.scoring.ScoreController object at 0x1034fa1d0>> as a mode start method. Config section: scoring, priority: 0, kwargs: {}
2016-06-25 15:24:41,125 : DEBUG : Events : Registered ConfigPlayer._initialize as a handler for 'init_phase_1', priority: 1, kwargs: {}
2016-06-25 15:24:41,125 : DEBUG : Events : Registered ConfigPlayer._initialize as a handler for 'init_phase_1', priority: 1, kwargs: {}
2016-06-25 15:24:41,126 : DEBUG : Events : Registered ConfigPlayer._initialize as a handler for 'init_phase_1', priority: 1, kwargs: {}
2016-06-25 15:24:41,126 : DEBUG : Events : Registered ConfigPlayer._initialize as a handler for 'init_phase_1', priority: 1, kwargs: {}
2016-06-25 15:24:41,126 : DEBUG : Events : Registered ConfigPlayer._initialize as a handler for 'init_phase_1', priority: 1, kwargs: {}
2016-06-25 15:24:41,127 : DEBUG : Events : Registered ConfigPlayer._initialize as a handler for 'init_phase_1', priority: 1, kwargs: {}
2016-06-25 15:24:41,127 : DEBUG : Events : Registered ConfigPlayer._initialize as a handler for 'init_phase_1', priority: 1, kwargs: {}
2016-06-25 15:24:41,127 : DEBUG : Events : Registered ConfigPlayer._initialize as a handler for 'init_phase_1', priority: 1, kwargs: {}
2016-06-25 15:24:41,128 : DEBUG : Events : Registered ConfigPlayer._initialize as a handler for 'init_phase_1', priority: 1, kwargs: {}
2016-06-25 15:24:41,128 : DEBUG : Machine : Registering Plugin Config Players
2016-06-25 15:24:41,128 : DEBUG : Machine : Registering widget_player = mpfmc.config_players.widget_player:register_with_mpf
2016-06-25 15:24:41,131 : DEBUG : Events : Registered ConfigPlayer._initialize as a handler for 'init_phase_1', priority: 1, kwargs: {}
2016-06-25 15:24:41,131 : DEBUG : Machine : Registering slide_player = mpfmc.config_players.slide_player:register_with_mpf
2016-06-25 15:24:41,132 : DEBUG : Events : Registered ConfigPlayer._initialize as a handler for 'init_phase_1', priority: 1, kwargs: {}
2016-06-25 15:24:41,132 : DEBUG : Machine : Registering sound_player = mpfmc.config_players.sound_player:register_with_mpf
2016-06-25 15:24:41,133 : DEBUG : Events : Registered ConfigPlayer._initialize as a handler for 'init_phase_1', priority: 1, kwargs: {}
2016-06-25 15:24:41,133 : DEBUG : Events : Registered MachineController.power_off as a handler for 'shutdown', priority: 1, kwargs: {}
2016-06-25 15:24:41,133 : DEBUG : Events : Registered MachineController.power_off as a handler for 'sw_shutdown', priority: 1, kwargs: {}
2016-06-25 15:24:41,133 : DEBUG : Events : Registered MachineController.stop as a handler for 'quit', priority: 1, kwargs: {}
2016-06-25 15:24:41,134 : DEBUG : Events : Registered MachineController.stop as a handler for 'sw_quit', priority: 1, kwargs: {}
2016-06-25 15:24:41,134 : DEBUG : DataInterface : Loading machine_vars from /Users/briancox/Dropbox (TML Team)/SPRE/data/machine_vars.yaml
2016-06-25 15:24:41,134 : DEBUG : YAML File Interface : Loading file: /Users/briancox/Dropbox (TML Team)/SPRE/data/machine_vars.yaml
2016-06-25 15:24:41,135 : DEBUG : Machine : Setting machine_var 'player1_score' to: 0, (prior: 0, change: 0)
2016-06-25 15:24:41,135 : DEBUG : Events : ^^^^ Posted event 'machine_var_player1_score'. Type: None, Callback: None, Args: {'prev_value': 0, 'change': 0, 'value': 0}
2016-06-25 15:24:41,135 : DEBUG : Events : ============== EVENTS QUEUE =============
2016-06-25 15:24:41,135 : DEBUG : Events : machine_var_player1_score, None, None, {'prev_value': 0, 'change': 0, 'value': 0}
2016-06-25 15:24:41,135 : DEBUG : Events : =========================================
2016-06-25 15:24:41,135 : DEBUG : Events : ^^^^ Posted event 'init_phase_1'. Type: None, Callback: None, Args: {}
2016-06-25 15:24:41,135 : DEBUG : Events : ============== EVENTS QUEUE =============
2016-06-25 15:24:41,135 : DEBUG : Events : machine_var_player1_score, None, None, {'prev_value': 0, 'change': 0, 'value': 0}
2016-06-25 15:24:41,135 : DEBUG : Events : init_phase_1, None, None, {}
2016-06-25 15:24:41,135 : DEBUG : Events : =========================================
2016-06-25 15:24:41,136 : DEBUG : Events : ^^^^ Processing event 'machine_var_player1_score'. Type: None, Callback: None, Args: {'change': 0, 'value': 0, 'prev_value': 0}
2016-06-25 15:24:41,136 : DEBUG : Events : vvvv Finished event 'machine_var_player1_score'. Type: None. Callback: None. Args: {'change': 0, 'value': 0, 'prev_value': 0}
2016-06-25 15:24:41,136 : DEBUG : Events : ^^^^ Processing event 'init_phase_1'. Type: None, Callback: None, Args: {}
2016-06-25 15:24:41,136 : DEBUG : Events : DeviceManager._load_device_modules (priority: 1) responding to event 'init_phase_1' with args {}
2016-06-25 15:24:41,136 : DEBUG : DeviceManager : Loading devices...
2016-06-25 15:24:41,142 : DEBUG : Events : Registered BallSearch.request_to_start_game as a handler for 'request_to_start_game', priority: 1, kwargs: {}
2016-06-25 15:24:41,169 : DEBUG : SwitchController : Registering switch handler: s_shooter_lane, <bound method BallDevice._switch_changed of <ball_device.shooter_lane>>, state: 1, ms: 500, info: False, cb_kwargs: {}
2016-06-25 15:24:41,169 : DEBUG : SwitchController : Registering switch handler: s_shooter_lane, <bound method BallDevice._switch_changed of <ball_device.shooter_lane>>, state: 0, ms: 500, info: False, cb_kwargs: {}
2016-06-25 15:24:41,169 : DEBUG : Events : Registered BallDevice._target_ready as a handler for 'balldevice_playfield_ok_to_receive', priority: 1, kwargs: {'target': <playfield.playfield>}
2016-06-25 15:24:41,169 : DEBUG : Events : Registered BallDevice._source_device_eject_failed as a handler for 'balldevice_trough_ball_eject_failed', priority: 1, kwargs: {}
2016-06-25 15:24:41,169 : DEBUG : Events : Registered BallDevice._source_device_eject_attempt as a handler for 'balldevice_trough_ball_eject_attempt', priority: 1, kwargs: {}
2016-06-25 15:24:41,169 : DEBUG : Events : Registered BallDevice._source_device_ball_lost as a handler for 'balldevice_trough_ball_lost', priority: 1, kwargs: {}
2016-06-25 15:24:41,169 : DEBUG : Events : Registered BallDevice._source_device_balls_available as a handler for 'balldevice_balls_available', priority: 1, kwargs: {}
2016-06-25 15:24:41,170 : DEBUG : Events : Registered BallDevice._initialize_phase_4 as a handler for 'init_phase_4', priority: 1, kwargs: {}
2016-06-25 15:24:41,170 : DEBUG : SwitchController : Registering switch handler: s_trough_1, <bound method BallDevice._switch_changed of <ball_device.trough>>, state: 1, ms: 500, info: False, cb_kwargs: {}
2016-06-25 15:24:41,170 : DEBUG : SwitchController : Registering switch handler: s_trough_2, <bound method BallDevice._switch_changed of <ball_device.trough>>, state: 1, ms: 500, info: False, cb_kwargs: {}
2016-06-25 15:24:41,170 : DEBUG : SwitchController : Registering switch handler: s_trough_3, <bound method BallDevice._switch_changed of <ball_device.trough>>, state: 1, ms: 500, info: False, cb_kwargs: {}
2016-06-25 15:24:41,170 : DEBUG : SwitchController : Registering switch handler: s_trough_4, <bound method BallDevice._switch_changed of <ball_device.trough>>, state: 1, ms: 500, info: False, cb_kwargs: {}
2016-06-25 15:24:41,170 : DEBUG : SwitchController : Registering switch handler: s_trough_5, <bound method BallDevice._switch_changed of <ball_device.trough>>, state: 1, ms: 500, info: False, cb_kwargs: {}
2016-06-25 15:24:41,170 : DEBUG : SwitchController : Registering switch handler: s_trough_6, <bound method BallDevice._switch_changed of <ball_device.trough>>, state: 1, ms: 500, info: False, cb_kwargs: {}
2016-06-25 15:24:41,170 : DEBUG : SwitchController : Registering switch handler: s_trough_jam, <bound method BallDevice._switch_changed of <ball_device.trough>>, state: 1, ms: 500, info: False, cb_kwargs: {}
2016-06-25 15:24:41,170 : DEBUG : SwitchController : Registering switch handler: s_trough_1, <bound method BallDevice._switch_changed of <ball_device.trough>>, state: 0, ms: 500, info: False, cb_kwargs: {}
2016-06-25 15:24:41,170 : DEBUG : SwitchController : Registering switch handler: s_trough_2, <bound method BallDevice._switch_changed of <ball_device.trough>>, state: 0, ms: 500, info: False, cb_kwargs: {}
2016-06-25 15:24:41,170 : DEBUG : SwitchController : Registering switch handler: s_trough_3, <bound method BallDevice._switch_changed of <ball_device.trough>>, state: 0, ms: 500, info: False, cb_kwargs: {}
2016-06-25 15:24:41,170 : DEBUG : SwitchController : Registering switch handler: s_trough_4, <bound method BallDevice._switch_changed of <ball_device.trough>>, state: 0, ms: 500, info: False, cb_kwargs: {}
2016-06-25 15:24:41,170 : DEBUG : SwitchController : Registering switch handler: s_trough_5, <bound method BallDevice._switch_changed of <ball_device.trough>>, state: 0, ms: 500, info: False, cb_kwargs: {}
2016-06-25 15:24:41,171 : DEBUG : SwitchController : Registering switch handler: s_trough_6, <bound method BallDevice._switch_changed of <ball_device.trough>>, state: 0, ms: 500, info: False, cb_kwargs: {}
2016-06-25 15:24:41,171 : DEBUG : SwitchController : Registering switch handler: s_trough_jam, <bound method BallDevice._switch_changed of <ball_device.trough>>, state: 0, ms: 500, info: False, cb_kwargs: {}
2016-06-25 15:24:41,171 : DEBUG : Events : Registered BallDevice._target_ready as a handler for 'balldevice_shooter_lane_ok_to_receive', priority: 1, kwargs: {'target': <ball_device.shooter_lane>}
2016-06-25 15:24:41,171 : DEBUG : Events : Registered BallDevice._initialize_phase_4 as a handler for 'init_phase_4', priority: 1, kwargs: {}
2016-06-25 15:24:41,171 : DEBUG : Events : Registered Playfield._source_device_eject_success as a handler for 'balldevice_shooter_lane_ball_eject_success', priority: 1, kwargs: {}
2016-06-25 15:24:41,171 : DEBUG : Events : Registered Playfield._source_device_ball_lost as a handler for 'balldevice_shooter_lane_ball_lost', priority: 1, kwargs: {}
2016-06-25 15:24:41,171 : DEBUG : Events : Registered Playfield._source_device_eject_failed as a handler for 'balldevice_shooter_lane_ball_eject_failed', priority: 1, kwargs: {}
2016-06-25 15:24:41,171 : DEBUG : Events : Registered Playfield._source_device_eject_attempt as a handler for 'balldevice_shooter_lane_ball_eject_attempt', priority: 1, kwargs: {}
2016-06-25 15:24:41,171 : DEBUG : Events : Registered Playfield._ball_removed_handler as a handler for 'balldevice_captured_from_playfield', priority: 1, kwargs: {}
2016-06-25 15:24:41,171 : DEBUG : Events : Registered Playfield._playfield_switch_hit as a handler for 'sw_playfield_active', priority: 1, kwargs: {}
2016-06-25 15:24:41,172 : DEBUG : Events : BCP._setup_dmds (priority: 1) responding to event 'init_phase_1' with args {}
2016-06-25 15:24:41,172 : DEBUG : Events : ConfigPlayer._initialize (priority: 1) responding to event 'init_phase_1' with args {}
2016-06-25 15:24:41,173 : DEBUG : Mode Controller : Registering <bound method ConfigPlayer.mode_start of ConfigPlayer.events> as a mode start method. Config section: event_player, priority: 0, kwargs: {}
2016-06-25 15:24:41,173 : DEBUG : Events : ConfigPlayer._initialize (priority: 1) responding to event 'init_phase_1' with args {}
2016-06-25 15:24:41,173 : DEBUG : Mode Controller : Registering <bound method ConfigPlayer.mode_start of ConfigPlayer.shows> as a mode start method. Config section: show_player, priority: 0, kwargs: {}
2016-06-25 15:24:41,173 : DEBUG : Events : ConfigPlayer._initialize (priority: 1) responding to event 'init_phase_1' with args {}
2016-06-25 15:24:41,173 : DEBUG : Mode Controller : Registering <bound method ConfigPlayer.mode_start of ConfigPlayer.triggers> as a mode start method. Config section: trigger_player, priority: 0, kwargs: {}
2016-06-25 15:24:41,173 : DEBUG : Events : ConfigPlayer._initialize (priority: 1) responding to event 'init_phase_1' with args {}
2016-06-25 15:24:41,173 : DEBUG : Mode Controller : Registering <bound method ConfigPlayer.mode_start of ConfigPlayer.flashers> as a mode start method. Config section: flasher_player, priority: 0, kwargs: {}
2016-06-25 15:24:41,173 : DEBUG : Events : ConfigPlayer._initialize (priority: 1) responding to event 'init_phase_1' with args {}
2016-06-25 15:24:41,173 : DEBUG : Mode Controller : Registering <bound method ConfigPlayer.mode_start of ConfigPlayer.coils> as a mode start method. Config section: coil_player, priority: 0, kwargs: {}
2016-06-25 15:24:41,173 : DEBUG : Events : ConfigPlayer._initialize (priority: 1) responding to event 'init_phase_1' with args {}
2016-06-25 15:24:41,173 : DEBUG : Mode Controller : Registering <bound method ConfigPlayer.mode_start of ConfigPlayer.lights> as a mode start method. Config section: light_player, priority: 0, kwargs: {}
2016-06-25 15:24:41,173 : DEBUG : Events : ConfigPlayer._initialize (priority: 1) responding to event 'init_phase_1' with args {}
2016-06-25 15:24:41,173 : DEBUG : Mode Controller : Registering <bound method ConfigPlayer.mode_start of ConfigPlayer.leds> as a mode start method. Config section: led_player, priority: 0, kwargs: {}
2016-06-25 15:24:41,173 : DEBUG : Events : ConfigPlayer._initialize (priority: 1) responding to event 'init_phase_1' with args {}
2016-06-25 15:24:41,174 : DEBUG : Mode Controller : Registering <bound method ConfigPlayer.mode_start of ConfigPlayer.gis> as a mode start method. Config section: gi_player, priority: 0, kwargs: {}
2016-06-25 15:24:41,174 : DEBUG : Events : ConfigPlayer._initialize (priority: 1) responding to event 'init_phase_1' with args {}
2016-06-25 15:24:41,174 : DEBUG : Mode Controller : Registering <bound method ConfigPlayer.mode_start of ConfigPlayer.random_events> as a mode start method. Config section: random_event_player, priority: 0, kwargs: {}
2016-06-25 15:24:41,174 : DEBUG : Events : ConfigPlayer._initialize (priority: 1) responding to event 'init_phase_1' with args {}
2016-06-25 15:24:41,174 : DEBUG : Mode Controller : Registering <bound method ConfigPlayer.mode_start of PluginPlayer.widgets> as a mode start method. Config section: widget_player, priority: 0, kwargs: {}
2016-06-25 15:24:41,174 : DEBUG : Events : ConfigPlayer._initialize (priority: 1) responding to event 'init_phase_1' with args {}
2016-06-25 15:24:41,174 : DEBUG : Mode Controller : Registering <bound method ConfigPlayer.mode_start of PluginPlayer.slides> as a mode start method. Config section: slide_player, priority: 0, kwargs: {}
2016-06-25 15:24:41,174 : DEBUG : Events : Registered BCP.bcp_trigger as a handler for 'mc_ready', priority: 1, kwargs: {'name': 'mc_ready'}
2016-06-25 15:24:41,174 : DEBUG : Events : ConfigPlayer._initialize (priority: 1) responding to event 'init_phase_1' with args {}
2016-06-25 15:24:41,174 : DEBUG : Mode Controller : Registering <bound method ConfigPlayer.mode_start of PluginPlayer.sounds> as a mode start method. Config section: sound_player, priority: 0, kwargs: {}
2016-06-25 15:24:41,174 : DEBUG : Events : vvvv Finished event 'init_phase_1'. Type: None. Callback: None. Args: {}
2016-06-25 15:24:41,174 : DEBUG : Events : ^^^^ Posted event 'init_phase_2'. Type: None, Callback: None, Args: {}
2016-06-25 15:24:41,175 : DEBUG : Events : ============== EVENTS QUEUE =============
2016-06-25 15:24:41,175 : DEBUG : Events : init_phase_2, None, None, {}
2016-06-25 15:24:41,175 : DEBUG : Events : =========================================
2016-06-25 15:24:41,175 : DEBUG : Events : ^^^^ Processing event 'init_phase_2'. Type: None, Callback: None, Args: {}
2016-06-25 15:24:41,175 : DEBUG : Events : SwitchController._initialize_switches (priority: 1000) responding to event 'init_phase_2' with args {}
2016-06-25 15:24:41,175 : DEBUG : Events : ModeController._load_modes (priority: 1) responding to event 'init_phase_2' with args {}
2016-06-25 15:24:41,175 : DEBUG : Mode Controller : Found MPF Mode folders: {'carousel': 'carousel', 'high_score': 'high_score', 'bonus': 'bonus', 'credits': 'credits', 'tilt': 'tilt', 'attract': 'attract', 'game': 'game'}
2016-06-25 15:24:41,175 : DEBUG : Mode Controller : Found Machine-specific Mode folders: {'base': 'Base', 'ball_save': 'Ball_Save', 'attract': 'attract'}
2016-06-25 15:24:41,175 : DEBUG : Mode Controller : Processing mode: ball_save
2016-06-25 15:24:41,176 : DEBUG : YAML File Interface : Loading file: /Users/briancox/Dropbox (TML Team)/SPRE/modes/Ball_Save/config/Ball_Save.yaml
2016-06-25 15:24:41,196 : DEBUG : Mode Controller : Loading config from /Users/briancox/Dropbox (TML Team)/SPRE/modes/Ball_Save/config/Ball_Save.yaml
2016-06-25 15:24:41,197 : DEBUG : Mode.ball_save : Scanning config for mode-based devices
2016-06-25 15:24:41,197 : DEBUG : Mode.ball_save : Creating mode-based device: default
2016-06-25 15:24:41,197 : DEBUG : ball_save.default : Enabling debug logging
2016-06-25 15:24:41,197 : DEBUG : ball_save.default : Configuring device with settings: '{'disable_events': {'ball_ending': 0}, 'hurry_up_time': 2000, 'source_playfield': <playfield.playfield>, 'balls_to_save': 1, 'tags': [], 'debug': True, 'auto_launch': True, 'enable_events': {'mode_base_started': 0}, 'label': '%', 'active_time': 2000, 'grace_period': 2000, 'timer_start_events': {'balldevice_bd_plunger_ball_eject_success': 0}}'
2016-06-25 15:24:41,197 : DEBUG : Events : Registered Mode.start as a handler for 'ball_starting', priority: 8500, kwargs: {}
2016-06-25 15:24:41,198 : DEBUG : Mode Controller : Loaded default Mode() class code.
2016-06-25 15:24:41,198 : DEBUG : Mode Controller : Processing mode: base
2016-06-25 15:24:41,198 : DEBUG : YAML File Interface : Loading file: /Users/briancox/Dropbox (TML Team)/SPRE/modes/Base/config/Base.yaml
2016-06-25 15:24:41,250 : DEBUG : Mode Controller : Loading config from /Users/briancox/Dropbox (TML Team)/SPRE/modes/Base/config/Base.yaml
2016-06-25 15:24:41,250 : DEBUG : Mode.base : Scanning config for mode-based devices
2016-06-25 15:24:41,251 : DEBUG : Events : Registered Mode.start as a handler for 'ball_starting', priority: 100, kwargs: {}
2016-06-25 15:24:41,251 : DEBUG : Mode Controller : Loaded default Mode() class code.
2016-06-25 15:24:41,251 : DEBUG : Mode Controller : Processing mode: game
2016-06-25 15:24:41,252 : DEBUG : YAML File Interface : Loading file: /Applications/MPF.app/Contents/Frameworks/python/3.5.0/lib/python3.5/site-packages/mpf/modes/game/config/game.yaml
2016-06-25 15:24:41,253 : DEBUG : Mode Controller : Loading config from /Applications/MPF.app/Contents/Frameworks/python/3.5.0/lib/python3.5/site-packages/mpf/modes/game/config/game.yaml
2016-06-25 15:24:41,253 : DEBUG : Mode.game : Scanning config for mode-based devices
2016-06-25 15:24:41,254 : DEBUG : Events : Registered Mode.start as a handler for 'game_start', priority: 20, kwargs: {}
2016-06-25 15:24:41,254 : DEBUG : Mode Controller : Loaded code from mpf.modes.game.code.game
2016-06-25 15:24:41,254 : DEBUG : Mode Controller : Processing mode: attract
2016-06-25 15:24:41,254 : DEBUG : YAML File Interface : Loading file: /Applications/MPF.app/Contents/Frameworks/python/3.5.0/lib/python3.5/site-packages/mpf/modes/attract/config/attract.yaml
2016-06-25 15:24:41,255 : DEBUG : Mode Controller : Loading config from /Applications/MPF.app/Contents/Frameworks/python/3.5.0/lib/python3.5/site-packages/mpf/modes/attract/config/attract.yaml
2016-06-25 15:24:41,255 : DEBUG : YAML File Interface : Loading file: /Users/briancox/Dropbox (TML Team)/SPRE/modes/attract/config/attract.yaml
2016-06-25 15:24:41,261 : DEBUG : Mode Controller : Loading config from /Users/briancox/Dropbox (TML Team)/SPRE/modes/attract/config/attract.yaml
2016-06-25 15:24:41,263 : DEBUG : Mode.attract : Scanning config for mode-based devices
2016-06-25 15:24:41,263 : DEBUG : Events : Registered Mode.start as a handler for 'game_ended', priority: 10000, kwargs: {}
2016-06-25 15:24:41,263 : DEBUG : Events : Registered Mode.start as a handler for 'reset_complete', priority: 10000, kwargs: {}
2016-06-25 15:24:41,263 : DEBUG : Mode Controller : Loaded code from mpf.modes.attract.code.attract
2016-06-25 15:24:41,264 : DEBUG : Events : DeviceManager.create_machinewide_device_control_events (priority: 1) responding to event 'init_phase_2' with args {}
2016-06-25 15:24:41,264 : DEBUG : Events : Registered DeviceManager._control_event_handler as a handler for 'ball_ending', priority: 0, kwargs: {'ms_delay': 0, 'callback': <bound method AutofireCoil.disable of <autofire.left_slingshot>>, 'delay_mgr': <mpf.core.delays.DelayManager object at 0x103488ba8>}
2016-06-25 15:24:41,264 : DEBUG : Events : Registered DeviceManager._control_event_handler as a handler for 'ball_started', priority: 0, kwargs: {'ms_delay': 0, 'callback': <bound method AutofireCoil.enable of <autofire.left_slingshot>>, 'delay_mgr': <mpf.core.delays.DelayManager object at 0x103488ba8>}
2016-06-25 15:24:41,264 : DEBUG : Events : Registered DeviceManager._control_event_handler as a handler for 'ball_ending', priority: 0, kwargs: {'ms_delay': 0, 'callback': <bound method AutofireCoil.disable of <autofire.right_slingshot>>, 'delay_mgr': <mpf.core.delays.DelayManager object at 0x103488ba8>}
2016-06-25 15:24:41,264 : DEBUG : Events : Registered DeviceManager._control_event_handler as a handler for 'ball_started', priority: 0, kwargs: {'ms_delay': 0, 'callback': <bound method AutofireCoil.enable of <autofire.right_slingshot>>, 'delay_mgr': <mpf.core.delays.DelayManager object at 0x103488ba8>}
2016-06-25 15:24:41,264 : DEBUG : Events : Registered DeviceManager._control_event_handler as a handler for 'ball_ending', priority: 0, kwargs: {'ms_delay': 0, 'callback': <bound method Flipper.disable of <flipper.lower_left>>, 'delay_mgr': <mpf.core.delays.DelayManager object at 0x103488ba8>}
2016-06-25 15:24:41,264 : DEBUG : Events : Registered DeviceManager._control_event_handler as a handler for 'ball_started', priority: 0, kwargs: {'ms_delay': 0, 'callback': <bound method Flipper.enable of <flipper.lower_left>>, 'delay_mgr': <mpf.core.delays.DelayManager object at 0x103488ba8>}
2016-06-25 15:24:41,265 : DEBUG : Events : Registered DeviceManager._control_event_handler as a handler for 'ball_ending', priority: 0, kwargs: {'ms_delay': 0, 'callback': <bound method Flipper.disable of <flipper.lower_right>>, 'delay_mgr': <mpf.core.delays.DelayManager object at 0x103488ba8>}
2016-06-25 15:24:41,265 : DEBUG : Events : Registered DeviceManager._control_event_handler as a handler for 'ball_started', priority: 0, kwargs: {'ms_delay': 0, 'callback': <bound method Flipper.enable of <flipper.lower_right>>, 'delay_mgr': <mpf.core.delays.DelayManager object at 0x103488ba8>}
2016-06-25 15:24:41,265 : DEBUG : Events : DeviceManager.create_collection_control_events (priority: 1) responding to event 'init_phase_2' with args {}
2016-06-25 15:24:41,265 : DEBUG : Events : Registered DeviceManager._collection_control_event_handler as a handler for 'lights_off', priority: 1, kwargs: {'method': 'off', 'collection': 'lights'}
2016-06-25 15:24:41,265 : DEBUG : Events : Registered DeviceManager._collection_control_event_handler as a handler for 'flippers_enable', priority: 1, kwargs: {'method': 'enable', 'collection': 'flippers'}
2016-06-25 15:24:41,265 : DEBUG : Events : Registered DeviceManager._collection_control_event_handler as a handler for 'flippers_disable', priority: 1, kwargs: {'method': 'disable', 'collection': 'flippers'}
2016-06-25 15:24:41,265 : DEBUG : Events : Registered DeviceManager._collection_control_event_handler as a handler for 'autofires_enable', priority: 1, kwargs: {'method': 'enable', 'collection': 'autofires'}
2016-06-25 15:24:41,265 : DEBUG : Events : Registered DeviceManager._collection_control_event_handler as a handler for 'autofires_disable', priority: 1, kwargs: {'method': 'disable', 'collection': 'autofires'}
2016-06-25 15:24:41,266 : DEBUG : Events : Registered DeviceManager._collection_control_event_handler as a handler for 'coils_disable', priority: 1, kwargs: {'method': 'disable', 'collection': 'coils'}
2016-06-25 15:24:41,266 : DEBUG : Events : Registered DeviceManager._collection_control_event_handler as a handler for 'leds_off', priority: 1, kwargs: {'method': 'off', 'collection': 'leds'}
2016-06-25 15:24:41,266 : DEBUG : Events : Registered DeviceManager._collection_control_event_handler as a handler for 'ball_devices_stop', priority: 1, kwargs: {'method': 'stop', 'collection': 'ball_devices'}
2016-06-25 15:24:41,266 : DEBUG : Events : Registered DeviceManager._collection_control_event_handler as a handler for 'ball_devices_eject_all', priority: 1, kwargs: {'method': 'eject_all', 'collection': 'ball_devices'}
2016-06-25 15:24:41,266 : DEBUG : Events : Registered DeviceManager._collection_control_event_handler as a handler for 'gi_enable', priority: 1, kwargs: {'method': 'enable', 'collection': 'gi'}
2016-06-25 15:24:41,266 : DEBUG : Events : Registered DeviceManager._collection_control_event_handler as a handler for 'gi_disable', priority: 1, kwargs: {'method': 'disable', 'collection': 'gi'}
2016-06-25 15:24:41,266 : DEBUG : Events : BallController._init2 (priority: 1) responding to event 'init_phase_2' with args {}
2016-06-25 15:24:41,266 : DEBUG : SwitchController : Registering switch handler: s_trough_1, <bound method BallController._update_num_balls_known of <mpf.core.ball_controller.BallController object at 0x1034d9198>>, state: 1, ms: 500, info: False, cb_kwargs: {}
2016-06-25 15:24:41,266 : DEBUG : SwitchController : Registering switch handler: s_trough_1, <bound method BallController._update_num_balls_known of <mpf.core.ball_controller.BallController object at 0x1034d9198>>, state: 0, ms: 500, info: False, cb_kwargs: {}
2016-06-25 15:24:41,267 : DEBUG : SwitchController : Registering switch handler: s_trough_1, <bound method BallController._correct_playfield_count of <mpf.core.ball_controller.BallController object at 0x1034d9198>>, state: 1, ms: 500, info: False, cb_kwargs: {}
2016-06-25 15:24:41,267 : DEBUG : SwitchController : Registering switch handler: s_trough_1, <bound method BallController._correct_playfield_count of <mpf.core.ball_controller.BallController object at 0x1034d9198>>, state: 0, ms: 500, info: False, cb_kwargs: {}
2016-06-25 15:24:41,267 : DEBUG : SwitchController : Registering switch handler: s_trough_2, <bound method BallController._update_num_balls_known of <mpf.core.ball_controller.BallController object at 0x1034d9198>>, state: 1, ms: 500, info: False, cb_kwargs: {}
2016-06-25 15:24:41,267 : DEBUG : SwitchController : Registering switch handler: s_trough_2, <bound method BallController._update_num_balls_known of <mpf.core.ball_controller.BallController object at 0x1034d9198>>, state: 0, ms: 500, info: False, cb_kwargs: {}
2016-06-25 15:24:41,267 : DEBUG : SwitchController : Registering switch handler: s_trough_2, <bound method BallController._correct_playfield_count of <mpf.core.ball_controller.BallController object at 0x1034d9198>>, state: 1, ms: 500, info: False, cb_kwargs: {}
2016-06-25 15:24:41,267 : DEBUG : SwitchController : Registering switch handler: s_trough_2, <bound method BallController._correct_playfield_count of <mpf.core.ball_controller.BallController object at 0x1034d9198>>, state: 0, ms: 500, info: False, cb_kwargs: {}
2016-06-25 15:24:41,267 : DEBUG : SwitchController : Registering switch handler: s_trough_3, <bound method BallController._update_num_balls_known of <mpf.core.ball_controller.BallController object at 0x1034d9198>>, state: 1, ms: 500, info: False, cb_kwargs: {}
2016-06-25 15:24:41,267 : DEBUG : SwitchController : Registering switch handler: s_trough_3, <bound method BallController._update_num_balls_known of <mpf.core.ball_controller.BallController object at 0x1034d9198>>, state: 0, ms: 500, info: False, cb_kwargs: {}
2016-06-25 15:24:41,267 : DEBUG : SwitchController : Registering switch handler: s_trough_3, <bound method BallController._correct_playfield_count of <mpf.core.ball_controller.BallController object at 0x1034d9198>>, state: 1, ms: 500, info: False, cb_kwargs: {}
2016-06-25 15:24:41,267 : DEBUG : SwitchController : Registering switch handler: s_trough_3, <bound method BallController._correct_playfield_count of <mpf.core.ball_controller.BallController object at 0x1034d9198>>, state: 0, ms: 500, info: False, cb_kwargs: {}
2016-06-25 15:24:41,267 : DEBUG : SwitchController : Registering switch handler: s_trough_4, <bound method BallController._update_num_balls_known of <mpf.core.ball_controller.BallController object at 0x1034d9198>>, state: 1, ms: 500, info: False, cb_kwargs: {}
2016-06-25 15:24:41,268 : DEBUG : SwitchController : Registering switch handler: s_trough_4, <bound method BallController._update_num_balls_known of <mpf.core.ball_controller.BallController object at 0x1034d9198>>, state: 0, ms: 500, info: False, cb_kwargs: {}
2016-06-25 15:24:41,268 : DEBUG : SwitchController : Registering switch handler: s_trough_4, <bound method BallController._correct_playfield_count of <mpf.core.ball_controller.BallController object at 0x1034d9198>>, state: 1, ms: 500, info: False, cb_kwargs: {}
2016-06-25 15:24:41,268 : DEBUG : SwitchController : Registering switch handler: s_trough_4, <bound method BallController._correct_playfield_count of <mpf.core.ball_controller.BallController object at 0x1034d9198>>, state: 0, ms: 500, info: False, cb_kwargs: {}
2016-06-25 15:24:41,268 : DEBUG : SwitchController : Registering switch handler: s_trough_5, <bound method BallController._update_num_balls_known of <mpf.core.ball_controller.BallController object at 0x1034d9198>>, state: 1, ms: 500, info: False, cb_kwargs: {}
2016-06-25 15:24:41,268 : DEBUG : SwitchController : Registering switch handler: s_trough_5, <bound method BallController._update_num_balls_known of <mpf.core.ball_controller.BallController object at 0x1034d9198>>, state: 0, ms: 500, info: False, cb_kwargs: {}
2016-06-25 15:24:41,268 : DEBUG : SwitchController : Registering switch handler: s_trough_5, <bound method BallController._correct_playfield_count of <mpf.core.ball_controller.BallController object at 0x1034d9198>>, state: 1, ms: 500, info: False, cb_kwargs: {}
2016-06-25 15:24:41,268 : DEBUG : SwitchController : Registering switch handler: s_trough_5, <bound method BallController._correct_playfield_count of <mpf.core.ball_controller.BallController object at 0x1034d9198>>, state: 0, ms: 500, info: False, cb_kwargs: {}
2016-06-25 15:24:41,268 : DEBUG : SwitchController : Registering switch handler: s_trough_6, <bound method BallController._update_num_balls_known of <mpf.core.ball_controller.BallController object at 0x1034d9198>>, state: 1, ms: 500, info: False, cb_kwargs: {}
2016-06-25 15:24:41,268 : DEBUG : SwitchController : Registering switch handler: s_trough_6, <bound method BallController._update_num_balls_known of <mpf.core.ball_controller.BallController object at 0x1034d9198>>, state: 0, ms: 500, info: False, cb_kwargs: {}
2016-06-25 15:24:41,268 : DEBUG : SwitchController : Registering switch handler: s_trough_6, <bound method BallController._correct_playfield_count of <mpf.core.ball_controller.BallController object at 0x1034d9198>>, state: 1, ms: 500, info: False, cb_kwargs: {}
2016-06-25 15:24:41,268 : DEBUG : SwitchController : Registering switch handler: s_trough_6, <bound method BallController._correct_playfield_count of <mpf.core.ball_controller.BallController object at 0x1034d9198>>, state: 0, ms: 500, info: False, cb_kwargs: {}
2016-06-25 15:24:41,268 : DEBUG : SwitchController : Registering switch handler: s_trough_jam, <bound method BallController._update_num_balls_known of <mpf.core.ball_controller.BallController object at 0x1034d9198>>, state: 1, ms: 500, info: False, cb_kwargs: {}
2016-06-25 15:24:41,268 : DEBUG : SwitchController : Registering switch handler: s_trough_jam, <bound method BallController._update_num_balls_known of <mpf.core.ball_controller.BallController object at 0x1034d9198>>, state: 0, ms: 500, info: False, cb_kwargs: {}
2016-06-25 15:24:41,268 : DEBUG : SwitchController : Registering switch handler: s_trough_jam, <bound method BallController._correct_playfield_count of <mpf.core.ball_controller.BallController object at 0x1034d9198>>, state: 1, ms: 500, info: False, cb_kwargs: {}
2016-06-25 15:24:41,269 : DEBUG : SwitchController : Registering switch handler: s_trough_jam, <bound method BallController._correct_playfield_count of <mpf.core.ball_controller.BallController object at 0x1034d9198>>, state: 0, ms: 500, info: False, cb_kwargs: {}
2016-06-25 15:24:41,269 : DEBUG : SwitchController : Registering switch handler: s_shooter_lane, <bound method BallController._update_num_balls_known of <mpf.core.ball_controller.BallController object at 0x1034d9198>>, state: 1, ms: 500, info: False, cb_kwargs: {}
2016-06-25 15:24:41,269 : DEBUG : SwitchController : Registering switch handler: s_shooter_lane, <bound method BallController._update_num_balls_known of <mpf.core.ball_controller.BallController object at 0x1034d9198>>, state: 0, ms: 500, info: False, cb_kwargs: {}
2016-06-25 15:24:41,269 : DEBUG : SwitchController : Registering switch handler: s_shooter_lane, <bound method BallController._correct_playfield_count of <mpf.core.ball_controller.BallController object at 0x1034d9198>>, state: 1, ms: 500, info: False, cb_kwargs: {}
2016-06-25 15:24:41,269 : DEBUG : SwitchController : Registering switch handler: s_shooter_lane, <bound method BallController._correct_playfield_count of <mpf.core.ball_controller.BallController object at 0x1034d9198>>, state: 0, ms: 500, info: False, cb_kwargs: {}
2016-06-25 15:24:41,269 : DEBUG : Events : Registered BallController._correct_playfield_count as a handler for 'playfield_ball_count_change', priority: 1, kwargs: {}
2016-06-25 15:24:41,269 : DEBUG : BallController : Counting Balls
2016-06-25 15:24:41,269 : DEBUG : BallController : Found new balls. Setting known balls to 6
2016-06-25 15:24:41,269 : DEBUG : DelayManager : Adding delay. Name: '5ac96fe2-e72a-4dc9-8b26-d330dad06b30' ms: 1, callback: <bound method BallController._handle_new_balls of <mpf.core.ball_controller.BallController object at 0x1034d9198>>, kwargs: {'new_balls': 6}
2016-06-25 15:24:41,269 : DEBUG : Clock : Scheduled a one-time clock callback (callback=functools.partial(<bound method DelayManager._process_delay_callback of <mpf.core.delays.DelayManager object at 0x1034d93c8>>, UUID('5ac96fe2-e72a-4dc9-8b26-d330dad06b30'), <bound method BallController._handle_new_balls of <mpf.core.ball_controller.BallController object at 0x1034d9198>>, new_balls=6), timeout=0.001, priority=1)
2016-06-25 15:24:41,269 : DEBUG : Events : vvvv Finished event 'init_phase_2'. Type: None. Callback: None. Args: {}
2016-06-25 15:24:41,270 : DEBUG : Machine : Loading plugins...
2016-06-25 15:24:41,270 : DEBUG : Machine : Loading 'mpf.plugins.auditor.Auditor' plugin
2016-06-25 15:24:41,270 : DEBUG : DataInterface : Loading audits from /Users/briancox/Dropbox (TML Team)/SPRE/data/audits.yaml
2016-06-25 15:24:41,270 : DEBUG : YAML File Interface : Loading file: /Users/briancox/Dropbox (TML Team)/SPRE/data/audits.yaml
2016-06-25 15:24:41,274 : DEBUG : Events : Registered Auditor._initialize as a handler for 'init_phase_4', priority: 1, kwargs: {}
2016-06-25 15:24:41,274 : DEBUG : Machine : Loading 'mpf.plugins.info_lights.InfoLights' plugin
2016-06-25 15:24:41,275 : DEBUG : Machine : "info_lights:" section not found in machine configuration, so the Info Lights plugin will not be used.
2016-06-25 15:24:41,275 : DEBUG : Machine : Loading 'mpf.plugins.osc.OSC' plugin
2016-06-25 15:24:41,275 : DEBUG : Machine : "OSC:" section not found in the machine configuration, so the OSC plugin will not be used.
2016-06-25 15:24:41,275 : DEBUG : Machine : Loading 'mpf.plugins.switch_player.SwitchPlayer' plugin
2016-06-25 15:24:41,276 : DEBUG : Machine : "switch_player:" section not found in machine configuration, so the Switch Playerplugin will not be used.
2016-06-25 15:24:41,276 : DEBUG : Events : ^^^^ Posted event 'init_phase_3'. Type: None, Callback: None, Args: {}
2016-06-25 15:24:41,276 : DEBUG : Events : ============== EVENTS QUEUE =============
2016-06-25 15:24:41,276 : DEBUG : Events : init_phase_3, None, None, {}
2016-06-25 15:24:41,276 : DEBUG : Events : =========================================
2016-06-25 15:24:41,276 : DEBUG : Events : ^^^^ Processing event 'init_phase_3'. Type: None, Callback: None, Args: {}
2016-06-25 15:24:41,276 : DEBUG : Events : AssetManager._create_assets (priority: 1) responding to event 'init_phase_3' with args {}
2016-06-25 15:24:41,276 : DEBUG : AssetManager : Processing assets from base folder: /Users/briancox/Dropbox (TML Team)/SPRE/shows
2016-06-25 15:24:41,276 : DEBUG : AssetManager : Registering Asset: attract_dmd_loop, File: attract_dmd_loop.yaml, Default Group: default, Final Config: {'load': 'preload', 'file': '/Users/briancox/Dropbox (TML Team)/SPRE/shows/attract_dmd_loop.yaml'}
2016-06-25 15:24:41,277 : DEBUG : AssetManager : Processing assets from base folder: /Users/briancox/Dropbox (TML Team)/SPRE/modes/attract/shows
2016-06-25 15:24:41,277 : DEBUG : AssetManager : Processing assets from base folder: /Users/briancox/Dropbox (TML Team)/SPRE/modes/Ball_Save/shows
2016-06-25 15:24:41,277 : DEBUG : AssetManager : Processing assets from base folder: /Applications/MPF.app/Contents/Frameworks/python/3.5.0/lib/python3.5/site-packages/mpf/modes/game/shows
2016-06-25 15:24:41,277 : DEBUG : AssetManager : Processing assets from base folder: /Users/briancox/Dropbox (TML Team)/SPRE/modes/Base/shows
2016-06-25 15:24:41,277 : DEBUG : Clock : Scheduled a recurring clock callback (callback=<bound method AssetManager._check_loader_status of <mpf.core.assets.AssetManager object at 0x1034d9a58>>, timeout=0, priority=1)
2016-06-25 15:24:41,277 : DEBUG : Events : ShowController._initialize (priority: 1) responding to event 'init_phase_3' with args {}
2016-06-25 15:24:41,277 : DEBUG : ShowController : Loading Show None
2016-06-25 15:24:41,278 : DEBUG : ShowController : Loading Show /Users/briancox/Dropbox (TML Team)/SPRE/shows/attract_dmd_loop.yaml
2016-06-25 15:24:41,278 : DEBUG : ShowController : Loading Show None
2016-06-25 15:24:41,279 : DEBUG : ShowController : Loading Show None
2016-06-25 15:24:41,279 : DEBUG : ShowController : Loading Show None
2016-06-25 15:24:41,280 : DEBUG : Events : vvvv Finished event 'init_phase_3'. Type: None. Callback: None. Args: {}
2016-06-25 15:24:41,280 : DEBUG : Events : ^^^^ Posted event 'init_phase_4'. Type: None, Callback: None, Args: {}
2016-06-25 15:24:41,280 : DEBUG : YAML File Interface : Loading file: /Users/briancox/Dropbox (TML Team)/SPRE/shows/attract_dmd_loop.yaml
2016-06-25 15:24:41,280 : DEBUG : Events : ============== EVENTS QUEUE =============
2016-06-25 15:24:41,292 : DEBUG : Events : init_phase_4, None, None, {}
2016-06-25 15:24:41,297 : DEBUG : Events : =========================================
2016-06-25 15:24:41,298 : DEBUG : Events : ^^^^ Processing event 'init_phase_4'. Type: None, Callback: None, Args: {}
2016-06-25 15:24:41,304 : DEBUG : Events : BallDevice._initialize_phase_4 (priority: 1) responding to event 'init_phase_4' with args {}
2016-06-25 15:24:41,304 : DEBUG : ball_device.shooter_lane : Switching to state idle
2016-06-25 15:24:41,304 : DEBUG : Events : ^^^^ Posted event 'balldevice_shooter_lane_ok_to_receive'. Type: None, Callback: None, Args: {'balls': 1}
2016-06-25 15:24:41,304 : DEBUG : Events : ============== EVENTS QUEUE =============
2016-06-25 15:24:41,304 : DEBUG : Events : balldevice_shooter_lane_ok_to_receive, None, None, {'balls': 1}
2016-06-25 15:24:41,304 : DEBUG : Events : =========================================
2016-06-25 15:24:41,305 : DEBUG : Events : BallDevice._initialize_phase_4 (priority: 1) responding to event 'init_phase_4' with args {}
2016-06-25 15:24:41,305 : DEBUG : ball_device.trough : Switching to state idle
2016-06-25 15:24:41,315 : DEBUG : Events : ^^^^ Posted event 'balldevice_trough_ok_to_receive'. Type: None, Callback: None, Args: {'balls': 1}
2016-06-25 15:24:41,315 : DEBUG : Events : ============== EVENTS QUEUE =============
2016-06-25 15:24:41,315 : DEBUG : Events : balldevice_shooter_lane_ok_to_receive, None, None, {'balls': 1}
2016-06-25 15:24:41,315 : DEBUG : Events : balldevice_trough_ok_to_receive, None, None, {'balls': 1}
2016-06-25 15:24:41,316 : DEBUG : Events : =========================================
2016-06-25 15:24:41,316 : DEBUG : Events : Auditor._initialize (priority: 1) responding to event 'init_phase_4' with args {}
2016-06-25 15:24:41,316 : DEBUG : Events : Registered Auditor.enable as a handler for 'game_starting', priority: 1, kwargs: {}
2016-06-25 15:24:41,318 : DEBUG : Events : Registered Auditor.disable as a handler for 'game_ended', priority: 1, kwargs: {}
2016-06-25 15:24:41,318 : DEBUG : Events : Registered Auditor.audit_player as a handler for 'game_ending', priority: 1, kwargs: {}
2016-06-25 15:24:41,318 : DEBUG : Events : vvvv Finished event 'init_phase_4'. Type: None. Callback: None. Args: {}
2016-06-25 15:24:41,318 : DEBUG : Events : ^^^^ Processing event 'balldevice_shooter_lane_ok_to_receive'. Type: None, Callback: None, Args: {'balls': 1}
2016-06-25 15:24:41,318 : DEBUG : Events : BallDevice._target_ready (priority: 1) responding to event 'balldevice_shooter_lane_ok_to_receive' with args {'balls': 1, 'target': <ball_device.shooter_lane>}
2016-06-25 15:24:41,318 : DEBUG : Events : vvvv Finished event 'balldevice_shooter_lane_ok_to_receive'. Type: None. Callback: None. Args: {'balls': 1}
2016-06-25 15:24:41,318 : DEBUG : Events : ^^^^ Processing event 'balldevice_trough_ok_to_receive'. Type: None, Callback: None, Args: {'balls': 1}
2016-06-25 15:24:41,318 : DEBUG : Events : vvvv Finished event 'balldevice_trough_ok_to_receive'. Type: None. Callback: None. Args: {'balls': 1}
2016-06-25 15:24:41,318 : DEBUG : Events : ^^^^ Posted event 'init_phase_5'. Type: None, Callback: None, Args: {}
2016-06-25 15:24:41,318 : DEBUG : Events : ============== EVENTS QUEUE =============
2016-06-25 15:24:41,318 : DEBUG : Events : init_phase_5, None, None, {}
2016-06-25 15:24:41,319 : DEBUG : Events : =========================================
2016-06-25 15:24:41,319 : DEBUG : Events : ^^^^ Processing event 'init_phase_5'. Type: None, Callback: None, Args: {}
2016-06-25 15:24:41,319 : DEBUG : Events : vvvv Finished event 'init_phase_5'. Type: None. Callback: None. Args: {}
2016-06-25 15:24:41,319 : DEBUG : Machine : Clearing boot hold init. Holds remaining: {'assets'}
2016-06-25 15:24:41,319 : DEBUG : Machine : Starting the main run loop.
2016-06-25 15:24:41,319 : DEBUG : DelayManager : ---Processing delay: 5ac96fe2-e72a-4dc9-8b26-d330dad06b30
2016-06-25 15:24:41,320 : DEBUG : Events : ^^^^ Posted event 'loading_assets'. Type: None, Callback: None, Args: {'remaining': 0, 'percent': 100, 'loaded': 1, 'total': 1}
2016-06-25 15:24:41,320 : DEBUG : Events : ============== EVENTS QUEUE =============
2016-06-25 15:24:41,320 : DEBUG : Events : loading_assets, None, None, {'remaining': 0, 'percent': 100, 'loaded': 1, 'total': 1}
2016-06-25 15:24:41,320 : DEBUG : Events : =========================================
2016-06-25 15:24:41,320 : DEBUG : Events : ^^^^ Posted event 'asset_loading_complete'. Type: None, Callback: None, Args: {}
2016-06-25 15:24:41,320 : DEBUG : Events : ============== EVENTS QUEUE =============
2016-06-25 15:24:41,320 : DEBUG : Events : loading_assets, None, None, {'remaining': 0, 'percent': 100, 'loaded': 1, 'total': 1}
2016-06-25 15:24:41,320 : DEBUG : Events : asset_loading_complete, None, None, {}
2016-06-25 15:24:41,320 : DEBUG : Events : =========================================
2016-06-25 15:24:41,320 : DEBUG : AssetManager : Loading assets: 1/1 (100%)
2016-06-25 15:24:41,320 : DEBUG : Machine : Clearing boot hold assets. Holds remaining: set()
2016-06-25 15:24:41,320 : DEBUG : Events : ^^^^ Posted event 'init_done'. Type: None, Callback: None, Args: {}
2016-06-25 15:24:41,320 : DEBUG : Events : ============== EVENTS QUEUE =============
2016-06-25 15:24:41,320 : DEBUG : Events : loading_assets, None, None, {'remaining': 0, 'percent': 100, 'loaded': 1, 'total': 1}
2016-06-25 15:24:41,321 : DEBUG : Events : asset_loading_complete, None, None, {}
2016-06-25 15:24:41,321 : DEBUG : Events : init_done, None, None, {}
2016-06-25 15:24:41,321 : DEBUG : Events : =========================================
2016-06-25 15:24:41,321 : DEBUG : Events : ^^^^ Processing event 'loading_assets'. Type: None, Callback: None, Args: {'remaining': 0, 'percent': 100, 'loaded': 1, 'total': 1}
2016-06-25 15:24:41,321 : DEBUG : Events : vvvv Finished event 'loading_assets'. Type: None. Callback: None. Args: {'remaining': 0, 'percent': 100, 'loaded': 1, 'total': 1}
2016-06-25 15:24:41,321 : DEBUG : Events : ^^^^ Processing event 'asset_loading_complete'. Type: None, Callback: None, Args: {}
2016-06-25 15:24:41,321 : DEBUG : Events : vvvv Finished event 'asset_loading_complete'. Type: None. Callback: None. Args: {}
2016-06-25 15:24:41,321 : DEBUG : Events : ^^^^ Processing event 'init_done'. Type: None, Callback: None, Args: {}
2016-06-25 15:24:41,321 : DEBUG : Events : BCP._setup_bcp_connections (priority: 1) responding to event 'init_done' with args {}
2016-06-25 15:24:41,321 : DEBUG : BCPClientSocket.local_display : Setting up BCP Client...
2016-06-25 15:24:41,321 : INFO : BCPClientSocket.local_display : Connecting to BCP Media Controller at localhost:5050...
2016-06-25 15:24:41,322 : DEBUG : BCPClientSocket.local_display : Connected to remote BCP host localhost:5050
2016-06-25 15:24:41,323 : DEBUG : Events : vvvv Finished event 'init_done'. Type: None. Callback: None. Args: {}
2016-06-25 15:24:41,323 : DEBUG : BCPClientSocket.local_display : Sending "hello?version=1.0&controller_version=0.30.0.dev1813&controller_name=Mission%20Pinball%20Framework"
2016-06-25 15:24:41,323 : DEBUG : Machine : Resetting...
2016-06-25 15:24:41,323 : DEBUG : Events : ^^^^ Posted event 'machine_reset_phase_1'. Type: None, Callback: None, Args: {}
2016-06-25 15:24:41,323 : DEBUG : BCPClientSocket.local_display : Sending "machine_variable?name=credits_string&value=FREE%20PLAY"
2016-06-25 15:24:41,323 : DEBUG : Events : ============== EVENTS QUEUE =============
2016-06-25 15:24:41,323 : DEBUG : Events : machine_reset_phase_1, None, None, {}
2016-06-25 15:24:41,323 : DEBUG : BCPClientSocket.local_display : Sending "machine_variable?name=player1_score&value=int:0"
2016-06-25 15:24:41,323 : DEBUG : Events : =========================================
2016-06-25 15:24:41,324 : DEBUG : Events : ^^^^ Processing event 'machine_reset_phase_1'. Type: None, Callback: None, Args: {}
2016-06-25 15:24:41,324 : DEBUG : Events : BCP.bcp_reset (priority: 1) responding to event 'machine_reset_phase_1' with args {}
2016-06-25 15:24:41,324 : DEBUG : Events : vvvv Finished event 'machine_reset_phase_1'. Type: None. Callback: None. Args: {}
2016-06-25 15:24:41,324 : DEBUG : BCPClientSocket.local_display : Sending "reset"
2016-06-25 15:24:41,324 : DEBUG : Events : ^^^^ Posted event 'machine_reset_phase_2'. Type: None, Callback: None, Args: {}
2016-06-25 15:24:41,324 : DEBUG : Events : ============== EVENTS QUEUE =============
2016-06-25 15:24:41,324 : DEBUG : Events : machine_reset_phase_2, None, None, {}
2016-06-25 15:24:41,324 : DEBUG : Events : =========================================
2016-06-25 15:24:41,324 : DEBUG : Events : ^^^^ Processing event 'machine_reset_phase_2'. Type: None, Callback: None, Args: {}
2016-06-25 15:24:41,324 : DEBUG : Events : BallController._initialize (priority: 1) responding to event 'machine_reset_phase_2' with args {}
2016-06-25 15:24:41,324 : DEBUG : Events : Registered BallController._ball_drained_handler as a handler for 'balldevice_trough_ball_enter', priority: 1, kwargs: {}
2016-06-25 15:24:41,324 : DEBUG : Events : vvvv Finished event 'machine_reset_phase_2'. Type: None. Callback: None. Args: {}
2016-06-25 15:24:41,325 : DEBUG : Events : ^^^^ Posted event 'machine_reset_phase_3'. Type: None, Callback: None, Args: {}
2016-06-25 15:24:41,325 : DEBUG : Events : ============== EVENTS QUEUE =============
2016-06-25 15:24:41,325 : DEBUG : Events : machine_reset_phase_3, None, None, {}
2016-06-25 15:24:41,325 : DEBUG : Events : =========================================
2016-06-25 15:24:41,325 : DEBUG : Events : ^^^^ Processing event 'machine_reset_phase_3'. Type: None, Callback: None, Args: {}
2016-06-25 15:24:41,325 : DEBUG : Events : SwitchController.log_active_switches (priority: 1) responding to event 'machine_reset_phase_3' with args {}
2016-06-25 15:24:41,325 : INFO : SwitchController : Active Switch|s_trough_1
2016-06-25 15:24:41,325 : INFO : SwitchController : Active Switch|s_trough_4
2016-06-25 15:24:41,325 : INFO : SwitchController : Active Switch|s_trough_3
2016-06-25 15:24:41,325 : INFO : SwitchController : Active Switch|s_trough_5
2016-06-25 15:24:41,325 : INFO : SwitchController : Active Switch|s_trough_2
2016-06-25 15:24:41,325 : INFO : SwitchController : Active Switch|s_trough_6
2016-06-25 15:24:41,325 : DEBUG : Events : vvvv Finished event 'machine_reset_phase_3'. Type: None. Callback: None. Args: {}
2016-06-25 15:24:41,325 : DEBUG : Machine : Reset Complete
2016-06-25 15:24:41,325 : DEBUG : Machine : Reset Complete
2016-06-25 15:24:41,325 : DEBUG : Events : ^^^^ Posted event 'reset_complete'. Type: None, Callback: None, Args: {}
2016-06-25 15:24:41,325 : DEBUG : Events : ============== EVENTS QUEUE =============
2016-06-25 15:24:41,325 : DEBUG : Events : reset_complete, None, None, {}
2016-06-25 15:24:41,326 : DEBUG : Events : =========================================
2016-06-25 15:24:41,326 : DEBUG : Events : ^^^^ Processing event 'reset_complete'. Type: None, Callback: None, Args: {}
2016-06-25 15:24:41,326 : DEBUG : Events : Mode.start (priority: 10000) responding to event 'reset_complete' with args {}
2016-06-25 15:24:41,326 : DEBUG : Mode.attract : Received request to start
2016-06-25 15:24:41,326 : INFO : Mode.attract : Mode Starting. Priority: 10000
2016-06-25 15:24:41,326 : DEBUG : Mode.attract : Registering mode_stop handlers
2016-06-25 15:24:41,326 : DEBUG : Events : Registered Mode.stop as a handler for 'game_start', priority: 10001, kwargs: {'mode': <Mode.attract>}
2016-06-25 15:24:41,326 : DEBUG : Mode.attract : Calling mode_start handlers
2016-06-25 15:24:41,326 : DEBUG : Events : Registered ConfigPlayer.config_play_callback as a handler for 'mode_attract_stopped', priority: 10000, kwargs: {'mode': <Mode.attract>, 'settings': {'shows': {'attract_dmd_loop': {'action': 'stop', 'show_tokens': {}, 'manual_advance': False, 'sync_ms': 0, 'start_step': 1, 'speed': 1.0, 'key': None, 'loops': -1, 'priority': 0, 'reset': True}}}}
2016-06-25 15:24:41,326 : DEBUG : BCPClientSocket.local_display : Sending "mode_start?priority=int:10000&name=attract"
2016-06-25 15:24:41,327 : DEBUG : Events : Registered ConfigPlayer.config_play_callback as a handler for 'mode_attract_started', priority: 10000, kwargs: {'mode': <Mode.attract>, 'settings': {'shows': {'attract_dmd_loop': {'action': 'play', 'show_tokens': {}, 'manual_advance': False, 'sync_ms': 0, 'start_step': 1, 'speed': 1.0, 'key': None, 'loops': -1, 'priority': 0, 'reset': True}}}}
2016-06-25 15:24:41,327 : DEBUG : Events : Registered ConfigPlayer.config_play_callback as a handler for 'mode_attract_started', priority: 10000, kwargs: {'mode': <Mode.attract>, 'settings': {'event_list': ['attractMusic_1', 'attractMusic_2']}}
2016-06-25 15:24:41,327 : DEBUG : Events : Registered BCP.bcp_trigger as a handler for 'attractmusic_2', priority: 1, kwargs: {'name': 'attractmusic_2'}
2016-06-25 15:24:41,327 : DEBUG : Events : Registered BCP.bcp_trigger as a handler for 'attractmusic_1', priority: 1, kwargs: {'name': 'attractmusic_1'}
2016-06-25 15:24:41,327 : DEBUG : Events : Registered BCP.bcp_trigger as a handler for 'mode_attract_stopping', priority: 1, kwargs: {'name': 'mode_attract_stopping'}
2016-06-25 15:24:41,327 : DEBUG : Mode.attract : Scanning mode-based config for device control_events
2016-06-25 15:24:41,327 : DEBUG : Events : ^^^^ Posted event 'mode_attract_starting'. Type: queue, Callback: <bound method Mode._started of <Mode.attract>>, Args: {}
2016-06-25 15:24:41,327 : DEBUG : Events : ============== EVENTS QUEUE =============
2016-06-25 15:24:41,327 : DEBUG : Events : mode_attract_starting, queue, <bound method Mode._started of <Mode.attract>>, {}
2016-06-25 15:24:41,327 : DEBUG : Events : =========================================
2016-06-25 15:24:41,327 : DEBUG : Events : vvvv Finished event 'reset_complete'. Type: None. Callback: None. Args: {}
2016-06-25 15:24:41,327 : DEBUG : Events : ^^^^ Processing event 'mode_attract_starting'. Type: queue, Callback: <bound method Mode._started of <Mode.attract>>, Args: {}
2016-06-25 15:24:41,327 : DEBUG : Events : vvvv Finished event 'mode_attract_starting'. Type: queue. Callback: <bound method Mode._started of <Mode.attract>>. Args: {}
2016-06-25 15:24:41,328 : DEBUG : Mode.attract : Mode Started. Priority: 10000
2016-06-25 15:24:41,328 : DEBUG : Mode Controller : +=========== ACTIVE MODES ============+
2016-06-25 15:24:41,328 : DEBUG : Mode Controller : | attract : 10000                     |
2016-06-25 15:24:41,328 : DEBUG : Mode Controller : +-------------------------------------+
2016-06-25 15:24:41,328 : DEBUG : Events : ^^^^ Posted event 'mode_attract_started'. Type: None, Callback: <bound method Mode._mode_started_callback of <Mode.attract>>, Args: {}
2016-06-25 15:24:41,328 : DEBUG : Events : ============== EVENTS QUEUE =============
2016-06-25 15:24:41,328 : DEBUG : Events : mode_attract_started, None, <bound method Mode._mode_started_callback of <Mode.attract>>, {}
2016-06-25 15:24:41,328 : DEBUG : Events : =========================================
2016-06-25 15:24:41,328 : DEBUG : Events : ^^^^ Processing event 'mode_attract_started'. Type: None, Callback: <bound method Mode._mode_started_callback of <Mode.attract>>, Args: {}
2016-06-25 15:24:41,328 : DEBUG : Events : ConfigPlayer.config_play_callback (priority: 10000) responding to event 'mode_attract_started' with args {'mode': <Mode.attract>, 'settings': {'shows': {'attract_dmd_loop': {'action': 'play', 'show_tokens': {}, 'manual_advance': False, 'sync_ms': 0, 'start_step': 1, 'speed': 1.0, 'key': None, 'loops': -1, 'priority': 0, 'reset': True}}}}
2016-06-25 15:24:41,329 : DEBUG : Clock : Scheduled a one-time clock callback (callback=<bound method RunningShow._run_next_step of Running Show Instance: "attract_dmd_loop">, timeout=69.0, priority=1)
2016-06-25 15:24:41,329 : DEBUG : Events : ConfigPlayer.config_play_callback (priority: 10000) responding to event 'mode_attract_started' with args {'mode': <Mode.attract>, 'settings': {'event_list': ['attractMusic_1', 'attractMusic_2']}}
2016-06-25 15:24:41,329 : DEBUG : Events : ^^^^ Posted event 'attractmusic_1'. Type: None, Callback: None, Args: {}
2016-06-25 15:24:41,329 : DEBUG : BCPClientSocket.local_display : Sending "trigger?json={"settings": {"attract_dmd_loop_slide_1": {"show": true, "action": "play", "widgets": [{"anchor_y": null, "adjust_left": null, "control_events": [{"event": "slide_play", "action": "seek", "value": 0.0}, {"event": "slide_play", "action": "play", "value": null}], "opacity": 1.0, "adjust_bottom": null, "_default_settings": ["control_events", "video", "type"], "width": 0, "reset_animations_events": [], "key": null, "type": "video", "height": 0, "anchor_x": null, "x": null, "color": [1.0, 1.0, 1.0, 1.0], "expire": null, "adjust_top": null, "y": null, "volume": 1.0, "style": null, "auto_play": true, "animations": null, "adjust_right": null, "end_behavior": "stop", "video": "SPRE_AttractMode_2", "z": 0}], "force": false, "target": null, "expire": null, "persist": false, "priority": null}}, "priority": 10000, "context": "show_1", "name": "slides_play"}"
2016-06-25 15:24:41,329 : DEBUG : BCPClientSocket.local_display : Received "b'hello?version=1.0'"
2016-06-25 15:24:41,329 : DEBUG : Events : ============== EVENTS QUEUE =============
2016-06-25 15:24:41,330 : DEBUG : BCPClientSocket.local_display : Received BCP Hello from host with kwargs: {'version': '1.0'}
2016-06-25 15:24:41,330 : DEBUG : Events : attractmusic_1, None, None, {}
2016-06-25 15:24:41,330 : DEBUG : Events : =========================================
2016-06-25 15:24:41,330 : DEBUG : Events : vvvv Finished event 'mode_attract_started'. Type: None. Callback: <bound method Mode._mode_started_callback of <Mode.attract>>. Args: {}
2016-06-25 15:24:41,330 : DEBUG : Events : ^^^^ Processing event 'attractmusic_1'. Type: None, Callback: None, Args: {}
2016-06-25 15:24:41,330 : DEBUG : Events : BCP.bcp_trigger (priority: 1) responding to event 'attractmusic_1' with args {'name': 'attractmusic_1'}
2016-06-25 15:24:41,330 : DEBUG : Events : vvvv Finished event 'attractmusic_1'. Type: None. Callback: None. Args: {}
2016-06-25 15:24:41,330 : DEBUG : BCPClientSocket.local_display : Sending "trigger?name=attractmusic_1"
2016-06-25 15:24:41,330 : DEBUG : SwitchController : Registering switch handler: s_start, <bound method Attract.start_button_pressed of <Mode.attract>>, state: 1, ms: 0, info: False, cb_kwargs: {}
2016-06-25 15:24:41,331 : DEBUG : SwitchController : Registering switch handler: s_start, <bound method Attract.start_button_released of <Mode.attract>>, state: 0, ms: 0, info: False, cb_kwargs: {}
2016-06-25 15:24:41,331 : DEBUG : BallController : Collecting all balls to devices with tags '['home', 'trough']'
2016-06-25 15:24:41,331 : DEBUG : BallController : Ejecting all balls from: set()
2016-06-25 15:24:41,331 : DEBUG : BallController : All balls are collected
2016-06-25 15:24:41,331 : DEBUG : Events : ^^^^ Posted event 'collecting_balls_complete'. Type: None, Callback: None, Args: {}
2016-06-25 15:24:41,331 : DEBUG : Events : ============== EVENTS QUEUE =============
2016-06-25 15:24:41,331 : DEBUG : Events : collecting_balls_complete, None, None, {}
2016-06-25 15:24:41,331 : DEBUG : Events : =========================================
2016-06-25 15:24:41,331 : DEBUG : Events : ^^^^ Posted event 'enable_volume_keys'. Type: None, Callback: None, Args: {}
2016-06-25 15:24:41,331 : DEBUG : Events : ============== EVENTS QUEUE =============
2016-06-25 15:24:41,331 : DEBUG : Events : collecting_balls_complete, None, None, {}
2016-06-25 15:24:41,331 : DEBUG : Events : enable_volume_keys, None, None, {}
2016-06-25 15:24:41,331 : DEBUG : Events : =========================================
2016-06-25 15:24:41,332 : DEBUG : Mode.attract : Mode Start process complete.
2016-06-25 15:24:41,332 : DEBUG : Events : ^^^^ Processing event 'collecting_balls_complete'. Type: None, Callback: None, Args: {}
2016-06-25 15:24:41,332 : DEBUG : Events : vvvv Finished event 'collecting_balls_complete'. Type: None. Callback: None. Args: {}
2016-06-25 15:24:41,332 : DEBUG : Events : ^^^^ Processing event 'enable_volume_keys'. Type: None, Callback: None, Args: {}
2016-06-25 15:24:41,332 : DEBUG : Events : BCP.enable_volume_keys (priority: 1) responding to event 'enable_volume_keys' with args {}
2016-06-25 15:24:41,332 : DEBUG : Events : vvvv Finished event 'enable_volume_keys'. Type: None. Callback: None. Args: {}
2016-06-25 15:24:42,334 : DEBUG : BCPClientSocket.local_display : Received "b'reset_complete'"
2016-06-25 15:24:42,343 : DEBUG : BCP : Processing command: reset_complete {}
2016-06-25 15:25:50,343 : DEBUG : Clock : Scheduled a one-time clock callback (callback=<bound method RunningShow._run_next_step of Running Show Instance: "attract_dmd_loop">, timeout=68.97438996913843, priority=1)
2016-06-25 15:25:50,344 : DEBUG : BCPClientSocket.local_display : Sending "trigger?json={"settings": {"attract_dmd_loop_slide_2": {"show": true, "action": "play", "widgets": [{"anchor_y": null, "adjust_left": null, "control_events": [{"event": "slide_play", "action": "seek", "value": 0.0}, {"event": "slide_play", "action": "play", "value": null}], "opacity": 1.0, "adjust_bottom": null, "_default_settings": ["control_events", "video", "type"], "width": 0, "reset_animations_events": [], "key": null, "type": "video", "height": 0, "anchor_x": null, "x": null, "color": [1.0, 1.0, 1.0, 1.0], "expire": null, "adjust_top": null, "y": null, "volume": 1.0, "style": null, "auto_play": true, "animations": null, "adjust_right": null, "end_behavior": "stop", "video": "SPRE_AttractMode_2", "z": 0}], "force": false, "target": null, "expire": null, "persist": false, "priority": null}}, "priority": 10000, "context": "show_1", "name": "slides_play"}"
2016-06-25 15:26:59,316 : DEBUG : Clock : Scheduled a one-time clock callback (callback=<bound method RunningShow._run_next_step of Running Show Instance: "attract_dmd_loop">, timeout=68.99921911209822, priority=1)
2016-06-25 15:26:59,317 : DEBUG : BCPClientSocket.local_display : Sending "trigger?json={"settings": {"attract_dmd_loop_slide_3": {"show": true, "action": "play", "widgets": [{"anchor_y": null, "adjust_left": null, "control_events": [{"event": "slide_play", "action": "seek", "value": 0.0}, {"event": "slide_play", "action": "play", "value": null}], "opacity": 1.0, "adjust_bottom": null, "_default_settings": ["control_events", "video", "type"], "width": 0, "reset_animations_events": [], "key": null, "type": "video", "height": 0, "anchor_x": null, "x": null, "color": [1.0, 1.0, 1.0, 1.0], "expire": null, "adjust_top": null, "y": null, "volume": 1.0, "style": null, "auto_play": true, "animations": null, "adjust_right": null, "end_behavior": "stop", "video": "SPRE_AttractMode_2", "z": 0}], "force": false, "target": null, "expire": null, "persist": false, "priority": null}}, "priority": 10000, "context": "show_1", "name": "slides_play"}"
2016-06-25 15:27:23,390 : DEBUG : BCPClientSocket.local_display : Stopping socket client
2016-06-25 15:27:23,391 : INFO : Machine : Shutting down...
2016-06-25 15:27:23,391 : DEBUG : Events : ^^^^ Posted event 'shutdown'. Type: None, Callback: None, Args: {}
2016-06-25 15:27:23,391 : DEBUG : Events : ============== EVENTS QUEUE =============
2016-06-25 15:27:23,391 : DEBUG : Events : shutdown, None, None, {}
2016-06-25 15:27:23,391 : DEBUG : Events : =========================================
2016-06-25 15:27:23,391 : DEBUG : Events : ^^^^ Processing event 'shutdown'. Type: None, Callback: None, Args: {}
2016-06-25 15:27:23,391 : DEBUG : Events : MachineController.power_off (priority: 1) responding to event 'shutdown' with args {}
2016-06-25 15:27:23,391 : DEBUG : Events : vvvv Finished event 'shutdown'. Type: None. Callback: None. Args: {}
2016-06-25 15:27:23,398 : INFO : Machine : Shutting down...
2016-06-25 15:27:23,399 : DEBUG : Events : ^^^^ Posted event 'shutdown'. Type: None, Callback: None, Args: {}
2016-06-25 15:27:23,399 : DEBUG : Events : ============== EVENTS QUEUE =============
2016-06-25 15:27:23,399 : DEBUG : Events : shutdown, None, None, {}
2016-06-25 15:27:23,399 : DEBUG : Events : =========================================
2016-06-25 15:27:23,399 : DEBUG : Events : ^^^^ Processing event 'shutdown'. Type: None, Callback: None, Args: {}
2016-06-25 15:27:23,399 : DEBUG : Events : MachineController.power_off (priority: 1) responding to event 'shutdown' with args {}
2016-06-25 15:27:23,399 : DEBUG : Events : vvvv Finished event 'shutdown'. Type: None. Callback: None. Args: {}
2016-06-25 15:27:23,400 : INFO : Machine : Actual MPF loop rate: 30.89 Hz
2016-06-25 15:27:23,400 : INFO : root : MPF run loop ended.
